<?xml version="1.0" encoding="UTF-8"?>
<testsuite xmlns:xsi="http://www.w3.org/2001/XMLSchema-instance" xsi:noNamespaceSchemaLocation="https://maven.apache.org/surefire/maven-surefire-plugin/xsd/surefire-test-report.xsd" name="proslab.unicam.usefultests.HttpResponseCodeTest" time="10.507" tests="1" errors="0" skipped="0" failures="1">
  <properties>
[...]
</properties>
  <testcase name="testBrokenLinks" classname="proslab.unicam.usefultests.HttpResponseCodeTest" time="10.501">
    <failure message="mailto:flavio.corradini@unicam.itA clear description of the failure" type="java.lang.AssertionError">java.lang.AssertionError: mailto:flavio.corradini@unicam.itA clear description of the failure
	at proslab.unicam.usefultests.HttpResponseCodeTest.checkBrokenLinks(HttpResponseCodeTest.java:79)
	at proslab.unicam.usefultests.HttpResponseCodeTest.testBrokenLinks(HttpResponseCodeTest.java:45)
Caused by: java.net.ConnectException: Connection refused (Connection refused)
	at proslab.unicam.usefultests.HttpResponseCodeTest.checkBrokenLinks(HttpResponseCodeTest.java:73)
	at proslab.unicam.usefultests.HttpResponseCodeTest.testBrokenLinks(HttpResponseCodeTest.java:45)
</failure>
    <system-out><![CDATA[Chrome
Chrome
DEBUG RequestAddCookies - CookieSpec selected: default
DEBUG RequestAuthCache - Auth cache not set in the context
DEBUG PoolingHttpClientConnectionManager - Connection request: [route: {}->http://localhost:2064][total kept alive: 1; route allocated: 0 of 2000; total allocated: 1 of 2000]
DEBUG PoolingHttpClientConnectionManager - Connection leased: [id: 1][route: {}->http://localhost:2064][total kept alive: 1; route allocated: 1 of 2000; total allocated: 2 of 2000]
DEBUG MainClientExec - Opening connection {}->http://localhost:2064
DEBUG DefaultHttpClientConnectionOperator - Connecting to localhost/127.0.0.1:2064
DEBUG DefaultHttpClientConnectionOperator - Connection established 127.0.0.1:56386<->127.0.0.1:2064
DEBUG DefaultManagedHttpClientConnection - http-outgoing-1: set socket timeout to 10800000
DEBUG MainClientExec - Executing request POST /session HTTP/1.1
DEBUG MainClientExec - Target auth state: UNCHALLENGED
DEBUG MainClientExec - Proxy auth state: UNCHALLENGED
DEBUG headers - http-outgoing-1 >> POST /session HTTP/1.1
DEBUG headers - http-outgoing-1 >> Content-Type: application/json; charset=utf-8
DEBUG headers - http-outgoing-1 >> Content-Length: 335
DEBUG headers - http-outgoing-1 >> Host: localhost:2064
DEBUG headers - http-outgoing-1 >> Connection: Keep-Alive
DEBUG headers - http-outgoing-1 >> User-Agent: Apache-HttpClient/4.5.3 (Java/1.8.0_161)
DEBUG headers - http-outgoing-1 >> Accept-Encoding: gzip,deflate
DEBUG wire - http-outgoing-1 >> "POST /session HTTP/1.1[\r][\n]"
DEBUG wire - http-outgoing-1 >> "Content-Type: application/json; charset=utf-8[\r][\n]"
DEBUG wire - http-outgoing-1 >> "Content-Length: 335[\r][\n]"
DEBUG wire - http-outgoing-1 >> "Host: localhost:2064[\r][\n]"
DEBUG wire - http-outgoing-1 >> "Connection: Keep-Alive[\r][\n]"
DEBUG wire - http-outgoing-1 >> "User-Agent: Apache-HttpClient/4.5.3 (Java/1.8.0_161)[\r][\n]"
DEBUG wire - http-outgoing-1 >> "Accept-Encoding: gzip,deflate[\r][\n]"
DEBUG wire - http-outgoing-1 >> "[\r][\n]"
DEBUG wire - http-outgoing-1 >> "{[\n]"
DEBUG wire - http-outgoing-1 >> "  "desiredCapabilities": {"browserName":"chrome","goog:chromeOptions":{"args":[],"extensions":[]}},[\n]"
DEBUG wire - http-outgoing-1 >> "  "capabilities": {[\n]"
DEBUG wire - http-outgoing-1 >> "    "desiredCapabilities": {"browserName":"chrome","goog:chromeOptions":{"args":[],"extensions":[]}},[\n]"
DEBUG wire - http-outgoing-1 >> "    "firstMatch": [[\n]"
DEBUG wire - http-outgoing-1 >> "      {"browserName":"chrome","goog:chromeOptions":{"args":[],"extensions":[]}}[\n]"
DEBUG wire - http-outgoing-1 >> "    ][\n]"
DEBUG wire - http-outgoing-1 >> "  }[\n]"
DEBUG wire - http-outgoing-1 >> "}"
DEBUG wire - http-outgoing-1 << "HTTP/1.1 200 OK[\r][\n]"
DEBUG wire - http-outgoing-1 << "Content-Length:1013[\r][\n]"
DEBUG wire - http-outgoing-1 << "Content-Type:application/json; charset=utf-8[\r][\n]"
DEBUG wire - http-outgoing-1 << "[\r][\n]"
DEBUG wire - http-outgoing-1 << "{"sessionId":"e9c2f5b492893b90288674161d6e7d46","status":0,"value":{"acceptInsecureCerts":false,"acceptSslCerts":false,"applicationCacheEnabled":false,"browserConnectionEnabled":false,"browserName":"chrome","chrome":{"chromedriverVersion":"2.45.615355 (d5698f682d8b2742017df6c81e0bd8e6a3063189)","userDataDir":"/var/folders/_w/2rr1gddx3bs3q6v6bt6pcwm40000gn/T/.org.chromium.Chromium.BpZsmx"},"cssSelectorsEnabled":true,"databaseEnabled":false,"goog:chromeOptions":{"debuggerAddress":"localhost:56387"},"handlesAlerts":true,"hasTouchScreen":false,"javascriptEnabled":true,"locationContextEnabled":true,"mobileEmulationEnabled":false,"nativeEvents":true,"networkConnectionEnabled":false,"pageLoadStrategy":"normal","platform":"Mac OS X","proxy":{},"rotatable":false,"setWindowRect":true,"strictFileInteractability":false,"takesHeapSnapshot":true,"takesScreenshot":true,"timeouts":{"implicit":0,"pageLoad":300000,"script":30000},"unexpectedAlertBehaviour":"ignore","version":"71.0.3578.98","webStorageEnabled":true}}"
DEBUG headers - http-outgoing-1 << HTTP/1.1 200 OK
DEBUG headers - http-outgoing-1 << Content-Length:1013
DEBUG headers - http-outgoing-1 << Content-Type:application/json; charset=utf-8
DEBUG MainClientExec - Connection can be kept alive indefinitely
DEBUG PoolingHttpClientConnectionManager - Connection [id: 1][route: {}->http://localhost:2064] can be kept alive indefinitely
DEBUG PoolingHttpClientConnectionManager - Connection released: [id: 1][route: {}->http://localhost:2064][total kept alive: 2; route allocated: 1 of 2000; total allocated: 2 of 2000]
DEBUG RequestAddCookies - CookieSpec selected: default
DEBUG RequestAuthCache - Auth cache not set in the context
DEBUG PoolingHttpClientConnectionManager - Connection request: [route: {}->http://localhost:2064][total kept alive: 2; route allocated: 1 of 2000; total allocated: 2 of 2000]
DEBUG PoolingHttpClientConnectionManager - Connection leased: [id: 1][route: {}->http://localhost:2064][total kept alive: 1; route allocated: 1 of 2000; total allocated: 2 of 2000]
DEBUG MainClientExec - Stale connection check
DEBUG wire - http-outgoing-1 << "[read] I/O error: Read timed out"
DEBUG DefaultManagedHttpClientConnection - http-outgoing-1: set socket timeout to 10800000
DEBUG MainClientExec - Executing request POST /session/e9c2f5b492893b90288674161d6e7d46/url HTTP/1.1
DEBUG MainClientExec - Target auth state: UNCHALLENGED
DEBUG MainClientExec - Proxy auth state: UNCHALLENGED
DEBUG headers - http-outgoing-1 >> POST /session/e9c2f5b492893b90288674161d6e7d46/url HTTP/1.1
DEBUG headers - http-outgoing-1 >> Content-Type: application/json; charset=utf-8
DEBUG headers - http-outgoing-1 >> Content-Length: 31
DEBUG headers - http-outgoing-1 >> Host: localhost:2064
DEBUG headers - http-outgoing-1 >> Connection: Keep-Alive
DEBUG headers - http-outgoing-1 >> User-Agent: Apache-HttpClient/4.5.3 (Java/1.8.0_161)
DEBUG headers - http-outgoing-1 >> Accept-Encoding: gzip,deflate
DEBUG wire - http-outgoing-1 >> "POST /session/e9c2f5b492893b90288674161d6e7d46/url HTTP/1.1[\r][\n]"
DEBUG wire - http-outgoing-1 >> "Content-Type: application/json; charset=utf-8[\r][\n]"
DEBUG wire - http-outgoing-1 >> "Content-Length: 31[\r][\n]"
DEBUG wire - http-outgoing-1 >> "Host: localhost:2064[\r][\n]"
DEBUG wire - http-outgoing-1 >> "Connection: Keep-Alive[\r][\n]"
DEBUG wire - http-outgoing-1 >> "User-Agent: Apache-HttpClient/4.5.3 (Java/1.8.0_161)[\r][\n]"
DEBUG wire - http-outgoing-1 >> "Accept-Encoding: gzip,deflate[\r][\n]"
DEBUG wire - http-outgoing-1 >> "[\r][\n]"
DEBUG wire - http-outgoing-1 >> "{"url":"http://pros.unicam.it"}"
DEBUG wire - http-outgoing-1 << "HTTP/1.1 200 OK[\r][\n]"
DEBUG wire - http-outgoing-1 << "Content-Length:72[\r][\n]"
DEBUG wire - http-outgoing-1 << "Content-Type:application/json; charset=utf-8[\r][\n]"
DEBUG wire - http-outgoing-1 << "[\r][\n]"
DEBUG wire - http-outgoing-1 << "{"sessionId":"e9c2f5b492893b90288674161d6e7d46","status":0,"value":null}"
DEBUG headers - http-outgoing-1 << HTTP/1.1 200 OK
DEBUG headers - http-outgoing-1 << Content-Length:72
DEBUG headers - http-outgoing-1 << Content-Type:application/json; charset=utf-8
DEBUG MainClientExec - Connection can be kept alive indefinitely
DEBUG PoolingHttpClientConnectionManager - Connection [id: 1][route: {}->http://localhost:2064] can be kept alive indefinitely
DEBUG PoolingHttpClientConnectionManager - Connection released: [id: 1][route: {}->http://localhost:2064][total kept alive: 2; route allocated: 1 of 2000; total allocated: 2 of 2000]
DEBUG RequestAddCookies - CookieSpec selected: default
DEBUG RequestAuthCache - Auth cache not set in the context
DEBUG PoolingHttpClientConnectionManager - Connection request: [route: {}->http://localhost:2064][total kept alive: 2; route allocated: 1 of 2000; total allocated: 2 of 2000]
DEBUG PoolingHttpClientConnectionManager - Connection leased: [id: 1][route: {}->http://localhost:2064][total kept alive: 1; route allocated: 1 of 2000; total allocated: 2 of 2000]
DEBUG MainClientExec - Stale connection check
DEBUG wire - http-outgoing-1 << "[read] I/O error: Read timed out"
DEBUG DefaultManagedHttpClientConnection - http-outgoing-1: set socket timeout to 10800000
DEBUG MainClientExec - Executing request POST /session/e9c2f5b492893b90288674161d6e7d46/elements HTTP/1.1
DEBUG MainClientExec - Target auth state: UNCHALLENGED
DEBUG MainClientExec - Proxy auth state: UNCHALLENGED
DEBUG headers - http-outgoing-1 >> POST /session/e9c2f5b492893b90288674161d6e7d46/elements HTTP/1.1
DEBUG headers - http-outgoing-1 >> Content-Type: application/json; charset=utf-8
DEBUG headers - http-outgoing-1 >> Content-Length: 36
DEBUG headers - http-outgoing-1 >> Host: localhost:2064
DEBUG headers - http-outgoing-1 >> Connection: Keep-Alive
DEBUG headers - http-outgoing-1 >> User-Agent: Apache-HttpClient/4.5.3 (Java/1.8.0_161)
DEBUG headers - http-outgoing-1 >> Accept-Encoding: gzip,deflate
DEBUG wire - http-outgoing-1 >> "POST /session/e9c2f5b492893b90288674161d6e7d46/elements HTTP/1.1[\r][\n]"
DEBUG wire - http-outgoing-1 >> "Content-Type: application/json; charset=utf-8[\r][\n]"
DEBUG wire - http-outgoing-1 >> "Content-Length: 36[\r][\n]"
DEBUG wire - http-outgoing-1 >> "Host: localhost:2064[\r][\n]"
DEBUG wire - http-outgoing-1 >> "Connection: Keep-Alive[\r][\n]"
DEBUG wire - http-outgoing-1 >> "User-Agent: Apache-HttpClient/4.5.3 (Java/1.8.0_161)[\r][\n]"
DEBUG wire - http-outgoing-1 >> "Accept-Encoding: gzip,deflate[\r][\n]"
DEBUG wire - http-outgoing-1 >> "[\r][\n]"
DEBUG wire - http-outgoing-1 >> "{"using":"css selector","value":"a"}"
DEBUG wire - http-outgoing-1 << "HTTP/1.1 200 OK[\r][\n]"
DEBUG wire - http-outgoing-1 << "Content-Length:2169[\r][\n]"
DEBUG wire - http-outgoing-1 << "Content-Type:application/json; charset=utf-8[\r][\n]"
DEBUG wire - http-outgoing-1 << "[\r][\n]"
DEBUG wire - http-outgoing-1 << "{"sessionId":"e9c2f5b492893b90288674161d6e7d46","status":0,"value":[{"ELEMENT":"0.01484094461664287-1"},{"ELEMENT":"0.01484094461664287-2"},{"ELEMENT":"0.01484094461664287-3"},{"ELEMENT":"0.01484094461664287-4"},{"ELEMENT":"0.01484094461664287-5"},{"ELEMENT":"0.01484094461664287-6"},{"ELEMENT":"0.01484094461664287-7"},{"ELEMENT":"0.01484094461664287-8"},{"ELEMENT":"0.01484094461664287-9"},{"ELEMENT":"0.01484094461664287-10"},{"ELEMENT":"0.01484094461664287-11"},{"ELEMENT":"0.01484094461664287-12"},{"ELEMENT":"0.01484094461664287-13"},{"ELEMENT":"0.01484094461664287-14"},{"ELEMENT":"0.01484094461664287-15"},{"ELEMENT":"0.01484094461664287-16"},{"ELEMENT":"0.01484094461664287-17"},{"ELEMENT":"0.01484094461664287-18"},{"ELEMENT":"0.01484094461664287-19"},{"ELEMENT":"0.01484094461664287-20"},{"ELEMENT":"0.01484094461664287-21"},{"ELEMENT":"0.01484094461664287-22"},{"ELEMENT":"0.01484094461664287-23"},{"ELEMENT":"0.01484094461664287-24"},{"ELEMENT":"0.01484094461664287-25"},{"ELEMENT":"0.01484094461664287-26"},{"ELEMENT":"0.01484094461664287-27"},{"ELEMENT":"0.01484094461664287-28"},{"ELEMENT":"0.01484094461664287-29"},{"ELEMENT":"0.01484094461664287-30"},{"ELEMENT":"0.01484094461664287-31"},{"ELEMENT":"0.01484094461664287-32"},{"ELEMENT":"0.01484094461664287-33"},{"ELEMENT":"0.01484094461664287-34"},{"ELEMENT":"0.01484094461664287-35"},{"ELEMENT":"0.01484094461664287-36"},{"ELEMENT":"0.01484094461664287-37"},{"ELEMENT":"0.01484094461664287-38"},{"ELEMENT":"0.01484094461664287-39"},{"ELEMENT":"0.01484094461664287-40"},{"ELEMENT":"0.01484094461664287-41"},{"ELEMENT":"0.01484094461664287-42"},{"ELEMENT":"0.01484094461664287-43"},{"ELEMENT":"0.01484094461664287-44"},{"ELEMENT":"0.01484094461664287-45"},{"ELEMENT":"0.01484094461664287-46"},{"ELEMENT":"0.01484094461664287-47"},{"ELEMENT":"0.01484094461664287-48"},{"ELEMENT":"0.01484094461664287-49"},{"ELEMENT":"0.01484094461664287-50"},{"ELEMENT":"0.01484094461664287-51"},{"ELEMENT":"0.01484094461664287-52"},{"ELEMENT":"0.01484094461664287-53"},{"ELEMENT":"0.01484094461664287-54"},{"ELEMENT":"0.01484094461664287-55"},{"ELEMENT":"0.01484094461664287-56"},{"ELEMENT":"0.01484094461664287-57"}]}"
DEBUG headers - http-outgoing-1 << HTTP/1.1 200 OK
DEBUG headers - http-outgoing-1 << Content-Length:2169
DEBUG headers - http-outgoing-1 << Content-Type:application/json; charset=utf-8
DEBUG MainClientExec - Connection can be kept alive indefinitely
DEBUG PoolingHttpClientConnectionManager - Connection [id: 1][route: {}->http://localhost:2064] can be kept alive indefinitely
DEBUG PoolingHttpClientConnectionManager - Connection released: [id: 1][route: {}->http://localhost:2064][total kept alive: 2; route allocated: 1 of 2000; total allocated: 2 of 2000]
DEBUG RequestAddCookies - CookieSpec selected: default
DEBUG RequestAuthCache - Auth cache not set in the context
DEBUG PoolingHttpClientConnectionManager - Connection request: [route: {}->http://localhost:2064][total kept alive: 2; route allocated: 1 of 2000; total allocated: 2 of 2000]
DEBUG PoolingHttpClientConnectionManager - Connection leased: [id: 1][route: {}->http://localhost:2064][total kept alive: 1; route allocated: 1 of 2000; total allocated: 2 of 2000]
DEBUG MainClientExec - Stale connection check
DEBUG wire - http-outgoing-1 << "[read] I/O error: Read timed out"
DEBUG DefaultManagedHttpClientConnection - http-outgoing-1: set socket timeout to 10800000
DEBUG MainClientExec - Executing request GET /session/e9c2f5b492893b90288674161d6e7d46/element/0.01484094461664287-1/attribute/href HTTP/1.1
DEBUG MainClientExec - Target auth state: UNCHALLENGED
DEBUG MainClientExec - Proxy auth state: UNCHALLENGED
DEBUG headers - http-outgoing-1 >> GET /session/e9c2f5b492893b90288674161d6e7d46/element/0.01484094461664287-1/attribute/href HTTP/1.1
DEBUG headers - http-outgoing-1 >> Cache-Control: no-cache
DEBUG headers - http-outgoing-1 >> Host: localhost:2064
DEBUG headers - http-outgoing-1 >> Connection: Keep-Alive
DEBUG headers - http-outgoing-1 >> User-Agent: Apache-HttpClient/4.5.3 (Java/1.8.0_161)
DEBUG headers - http-outgoing-1 >> Accept-Encoding: gzip,deflate
DEBUG wire - http-outgoing-1 >> "GET /session/e9c2f5b492893b90288674161d6e7d46/element/0.01484094461664287-1/attribute/href HTTP/1.1[\r][\n]"
DEBUG wire - http-outgoing-1 >> "Cache-Control: no-cache[\r][\n]"
DEBUG wire - http-outgoing-1 >> "Host: localhost:2064[\r][\n]"
DEBUG wire - http-outgoing-1 >> "Connection: Keep-Alive[\r][\n]"
DEBUG wire - http-outgoing-1 >> "User-Agent: Apache-HttpClient/4.5.3 (Java/1.8.0_161)[\r][\n]"
DEBUG wire - http-outgoing-1 >> "Accept-Encoding: gzip,deflate[\r][\n]"
DEBUG wire - http-outgoing-1 >> "[\r][\n]"
DEBUG wire - http-outgoing-1 << "HTTP/1.1 200 OK[\r][\n]"
DEBUG wire - http-outgoing-1 << "Content-Length:92[\r][\n]"
DEBUG wire - http-outgoing-1 << "Content-Type:application/json; charset=utf-8[\r][\n]"
DEBUG wire - http-outgoing-1 << "[\r][\n]"
DEBUG wire - http-outgoing-1 << "{"sessionId":"e9c2f5b492893b90288674161d6e7d46","status":0,"value":"http://pros.unicam.it/"}"
DEBUG headers - http-outgoing-1 << HTTP/1.1 200 OK
DEBUG headers - http-outgoing-1 << Content-Length:92
DEBUG headers - http-outgoing-1 << Content-Type:application/json; charset=utf-8
DEBUG MainClientExec - Connection can be kept alive indefinitely
DEBUG PoolingHttpClientConnectionManager - Connection [id: 1][route: {}->http://localhost:2064] can be kept alive indefinitely
DEBUG PoolingHttpClientConnectionManager - Connection released: [id: 1][route: {}->http://localhost:2064][total kept alive: 2; route allocated: 1 of 2000; total allocated: 2 of 2000]
DEBUG BasicClientConnectionManager - Get connection for route {}->http://pros.unicam.it:80
DEBUG DefaultClientConnectionOperator - Connecting to pros.unicam.it:80
DEBUG RequestAddCookies - CookieSpec selected: ignoreCookies
DEBUG RequestAuthCache - Auth cache not set in the context
DEBUG RequestTargetAuthentication - Target auth state: UNCHALLENGED
DEBUG RequestProxyAuthentication - Proxy auth state: UNCHALLENGED
DEBUG DefaultHttpClient - Attempt 1 to execute request
DEBUG DefaultClientConnection - Sending request: GET / HTTP/1.1
DEBUG wire -  >> "GET / HTTP/1.1[\r][\n]"
DEBUG wire -  >> "Accept: */*[\r][\n]"
DEBUG wire -  >> "Host: pros.unicam.it[\r][\n]"
DEBUG wire -  >> "Connection: Keep-Alive[\r][\n]"
DEBUG wire -  >> "User-Agent: Apache-HttpClient/4.5.3 (Java/1.8.0_161)[\r][\n]"
DEBUG wire -  >> "Accept-Encoding: gzip,deflate[\r][\n]"
DEBUG wire -  >> "[\r][\n]"
DEBUG headers - >> GET / HTTP/1.1
DEBUG headers - >> Accept: */*
DEBUG headers - >> Host: pros.unicam.it
DEBUG headers - >> Connection: Keep-Alive
DEBUG headers - >> User-Agent: Apache-HttpClient/4.5.3 (Java/1.8.0_161)
DEBUG headers - >> Accept-Encoding: gzip,deflate
DEBUG wire -  << "HTTP/1.1 200 OK[\r][\n]"
DEBUG wire -  << "Date: Mon, 14 Jan 2019 17:23:53 GMT[\r][\n]"
DEBUG wire -  << "Server: Apache/2.4.18 (Ubuntu)[\r][\n]"
DEBUG wire -  << "Vary: Accept-Encoding,Cookie[\r][\n]"
DEBUG wire -  << "Cache-Control: max-age=3, must-revalidate[\r][\n]"
DEBUG wire -  << "Content-Encoding: gzip[\r][\n]"
DEBUG wire -  << "Content-Length: 11579[\r][\n]"
DEBUG wire -  << "Keep-Alive: timeout=5, max=100[\r][\n]"
DEBUG wire -  << "Connection: Keep-Alive[\r][\n]"
DEBUG wire -  << "Content-Type: text/html; charset=UTF-8[\r][\n]"
DEBUG wire -  << "[\r][\n]"
DEBUG DefaultClientConnection - Receiving response: HTTP/1.1 200 OK
DEBUG headers - << HTTP/1.1 200 OK
DEBUG headers - << Date: Mon, 14 Jan 2019 17:23:53 GMT
DEBUG headers - << Server: Apache/2.4.18 (Ubuntu)
DEBUG headers - << Vary: Accept-Encoding,Cookie
DEBUG headers - << Cache-Control: max-age=3, must-revalidate
DEBUG headers - << Content-Encoding: gzip
DEBUG headers - << Content-Length: 11579
DEBUG headers - << Keep-Alive: timeout=5, max=100
DEBUG headers - << Connection: Keep-Alive
DEBUG headers - << Content-Type: text/html; charset=UTF-8
DEBUG DefaultHttpClient - Connection can be kept alive for 5000 MILLISECONDS
DEBUG RequestSpecificationImpl$RestAssuredHttpBuilder - Parsing response as: text/html; charset=UTF-8
DEBUG wire -  << "[0x1f][0x8b][0x8][0x0][0x0][0x0][0x0][0x0][0x0][0x3][0xed]}[0xf9]~[0xdb][0xb6][0xd2][0xe8][0xdf][0xf1]S [0xcc][0xd7]XjIj[0xb1][0xbc][[0xce]q[0xbc][0xb4][0xb9][0xbf]l7N[0xce]9[0xfd][0xe2]|[0xfa]A$$[0xc1][0xe1][0xa2]r[0xb1][0xad]8~[0x97][0xf3][0xe][0xf7][\r][0xfa]dw[0x6][0x0]WQ[0x92][0x17][0xa5]m[0xee][0xad][0xdb][0xd8]$0[0x18][0xc][0x6][0x83][0xc1][0xc][0x96][0xe1][0xde][0xe3][0xa3]7[0x87][0xef]}{LF[0x91][0xeb][0xec][0xaf][0xec][0xe1][0x1f][0xe2]Po[0xd8][0xd5][0x98]g|8[0xd5][0xc8]8`[0x3]~[0xd5][0xd5][0xfc][0xe1][0xe][0x0]E[0xe3][0x9d]F[0xc3][0x1f][0x8e]M[0x97]5[0xbc][0xf0][0x89][0xb6][0xbf][0x2]e[0x18][0xb5][0xf7]W[0x1e][0xed][0xb9],[0xa2][0xc4][0x1a][0xd1] dQw[0xf5][0xc3][0xfb][0x13]ck5M[0xf7][0xa8][0xcb][0xba][0xda][0x5]g[0x97]c?[0x88]4b[0xf9]^[0xc4][0xbc][0xa8][0xab]]r;[0x1a]umv[0xc1]-f[0x88][0x17][0x9d]p[0x8f]G[0x9c]:FhQ[0x87]u[[0x1a]bq[0xb8][0xf7][0x99][0x4][0xcc][0xe9]j[0xe3][0xc0][0x1f]p[0x87]id[0x4][0xa4]u5E[0xd4][0xd0][0x1d][0xf]M?[0x18]6[0xae][0x6]^[0xa3]%[0xca]<[0xda][0x8b]x[0xe4][0xb0][0xfd]_|[0x97][0x11][0x83][0xbc]}[0xf7][0xe6][0x14]Y,[0xc]YH[0xa8]g[0x93]S[0x16]`[0xbd]!yI[0xfb]{[\r][0x9][0xbd]Br?{[0xa1][0x15][0xf0]qD[0xa2][0xc9][0x18][0xc8][0x8f][0xd8]U[0xd4]8[0xa7][0x17]T[0xa6]j[0x84][0xdb][0xd0][0x80]q<0[0x90]e1[0x1d]2C[0xe5][0x14][0xb1][0xe0][0xcf][0x5][\r][0x8][0xb][0x2]?[0xe8][0x85]Q[0xd0][0xf3][0xfb][0xe7][0xa4]K[0xae][0xa7][0xa0][0xf0]g5`[0xbf][0xc5]<`[0xf6]*[0xd9]![0xab]<$[0xe9][0xbb]^[\r][0xef][0xf2][0xd0][0xa5][0x91]5[0x12][0xf0][0xb6][0xf][0xcd][0xf1][0xfc][0x88][0xc8][0xa4][0x19]E.[0xa8][0xc3]m[0x1a]q[0xdf]K*[0xc1]""uu[0xaa][0xc4]M[0x91]%[\r][0xd9][0xc6]b[0x13]W[0xf6][0x1e][0x1b][0x6]y?[0x2]L![0x8f][0x18][0x81][0xbf][0xfe]8[0xe2].[0xff][0xc2]lr[0xc9][0xa3][0x11][0x89]F[0x8c][0xfc][0xea][0xd3]0"[0xa7][0xc7]o[0xc8][0xd8][0x89][0x87][0xdc]#[0x17][0xdb]f[0x7][0xba][0x6][0xfb]0[0x84]N[0x9c]`[0xbe]i[0xf9]n[0xe3][0xd2][0xf]l[0x10][0xbd]0lH[0xc8][0xb0][0x11]2[0xbf]A[0xc][0x3][0x84]4[0x13][0x5][0x8b]z[0xbe][0xc7]AJJ[0xc2][0x0]"[0x12][0x9a]1[0xe6][0xb8]&[0x8f][0x1a][0x1a]i@1![0x87][0x90]3fA4[0x11][0x2][0xed][0xf8](`9ad^[0xf]e[0xbe][0x1a][0x1a]e /[0xb8][0xac][0x8f]-[0x9d][0x9][0x8d][0xc2][0x94][0x3][0xbf][0x9d][0x10][0xce][0xc2][0x16][0x7]N[0xe][0xd7][0xdd]Z[0x89]T[0xf6]p[0xfc][0xe5]0[0xdc][0x93][0xc][0xee][0x82][0x8c]/$[0xe4]rl([0x88]F<v|j[0x87][0x8d]v[0xb3][0xb5][0xd9]h5[0x1b][0xfd]8[0xe4][0x1e][0xd4]i[0xb0][0xc1][0x80][[0x9c]y[0xd6][0xc4]h5[0xdb][0x9d][0xab]N{[0xcd]<[0x1f][0xf][0xe7]V[0xbc]#[0xd4]C[0xae]z,9[0xbf][0xc4][0x88][0xf1][0xe1]([0xaf]n[0xa0][0x9e]\[0x9][0xa9][0x95]"[0x90][0xcf][0x88][0x5];[0x16][\r][0xec][0x1c]h[0x18][0xbb].[\r]&3[0xc1][0x1f][0xdc][0xc3]Et[0xdf][0x82][0xb7][0x19]K[0xf3]zl[0x95][0x8e][0xc7][0xe] [0xc4][0xe1][0xdf]p[0xec][0x9f][0xce]CP[0x3][0xfb][0xd7][0xda]?[0x4][0xe6][0xab]H[0xdb][0xd1][0x92][0x1][0x19]Z#[0xe6]R[0xd4][0xab][0x9a][0xae][0xfd]C[0x8c][0x80][0x1d][0xed]_[0xac][0x8a][0x92][0xf])[0xdc]V[0xc0][0xd3][0x94]>I[0x6][0x88][0xae][0xa1][0xf4][0xce][0x2][0x83]l![0x9b];[0xb]eR[0xd7][0xc6]>6[0x1c]f[0x86][0x3][0xb]i[0xd7]v[0xae]S[0x9a]N[0x19][\r][0xac][0x91]J[0xd7][0xb5][0x88][0x6]C[0x16][0xcd][0xac][0xf4]Y[0xd8][0xbd][0xe]E[0x89][0x1e][0xb0][0xde]E[0x95][0xcc][0xbd][0xe1][\r][0x14][0xfc]-f[0xc1][0xc4][0xe0][0xde]8[0xc6][0xd2][0x89][0xe6][0x95]]5]B[0xbb][0xb9][0xc9][0xd4][0xe1]Ry[0xfc]&[0x18]R[0x8f][0xa1][0xaa]=[0xb]8[0x18][0x2]y[0x7][0xa1][0xb6][0xf3]1EzyyiN[0xfc]8[0x8a][0xfb]L[0xe8]S[0x98][0x97]=[0x8f]9[0x8d][0xf][0x87][0xbd][0xc3][0xdf][0xae]^EG[0x83][0xe0][0xe7][0xff][0xbe]|3[0xfc][0xef][0xdf][0xfa][0xfd]&[0xf3][0x87][0xda][0xa7][0x5][0xbd][0xe9][0x17][0x9][0xba]u[0x9f]9[0xfe][0xd0][0x7]@-[0xcf][0xa8][0x9c][0xf4][0xf]}[0xe8][0xc0][0xb4][0x9][0x82]b\[0xb0][0x80][0xf][0x14][0xcf][0xf2][0x8a][0xf6][0xe7]h-|s[0xf8][0xbf][0xb6]^[0x9c]l[0xad]o[0xbf]::y[0xf3]a[0xbc]M[0xff][0xfd][0xe1][0xf4][0xc8][0xde][0xee]M[0xb6]_[0xfc][0xbb]s[0xfc][0xe5][0xcd][0xeb][0x17][0xbf][0x9c]n[0xbd][0x92][0xb2][0x8e]3Qcj[0xae]1[0xc5][0xe4][0x91][0x9b]=Vm/4[0xd0][0xbc]ab[0xee][0x14][0x13][0xc8]j[0xa3][0xe1][0xd2]+[0xcb][0xf6][0xcc][0xbe][0xef]G[0xd0][0xc9]t[0x8c]/[0xc0][0xc1]U[0x81]zQ[0xe1][0x1][0x10][0x1d][0x9a][0xb2]Qt[0xcc][0xc3][0xdb][0x97][0xc][0xcd]K[0x14][0x81][0x12][0xb0]F[0x1d][0x10]7[0x8f][0xe2]<#m[0x90][0xbc]\[0x5]a[0xf8][0xd3][0x95][0xb]3[0x83]PE[0xb][0xb5]:y[0x1a][0xd0][0xdf]b[0x97][0x9c]0f[0xcf][0x9f]1[0x7][0x0][0xa1]&[0x94]oL[0xcb][0xa1][0xef][0xba][0xd0][0xcd][0xe1]-[0x88][0xb2][0x14]h[0x8e]:[0xb0][0xf1][0xe6]Zh[0x8][0xf1][0xe8][0x92]{[0xb6]i[0xf6].[0xc7][0xcc][0xf5][0xcf][0xf9])[0x8b]"[0x18][0xbb]![0x1a]`Z[0x9f][0x86][0xec]C:[0xb8][0xc2][0x9d][0xb3][0xc6]Y[0xd2][0x15]g[\r][0xa1][0x92][0xc3]3[0xa8]8`g[\r]Q[0xf8][0xc]l[0xcb][0xb3][0xc6]f[0xfb]j[0xb3]}[0x86]#O[0xe]es[0xec][0xe1][0xe0][\r]/[0x86]w[0xc7][0x5][0x85][0x4]&[0xf8]{,[0x91][0xc1][0x13][0xbe][0xfb]q`1[0xd4]q0[0x12][0x80][0xc9][0xa2]H2>[0x11]u[0x91];g85p[0xcf]rb[0x1b][0xab]9[0xf]E[0x82](d@[0xef]1h[0xa7][0xe9][0xc2](8[0xf][0x9f][0xc1]8[0xeb][0xae][0x9b]M[0xb3][\r][0xea]k[0x17][0x19][0xf4]x[0x10]{Bs[0xd6][0xa8][0xde][0xd7][0xad][0xfa]u[0xf2]NlL[0xa9]_[0xa3][0xf1]juO[0x85][0xce]3[0x7][0x81][0xef][0x1e][0x82][0x99][0xe8][0xdb]l[0xd7]1-[0xc0][0x1d][0xbc]cVTk[0xea]M[0xfd][0xb3])m[0xf8][0xcf][0xa6][0x9c]z[0xeb][0xba]c[0x82][0xb5][0xee][0xbc][0x7]F[0xd5],[0x13]%fR[0x8b][0xc0]L[0xd4]i[0x1d][0xc0][0x9b][0xf5]][0xc4]mw?[0x9b][0x91]D#[0xfa][0xe1][0xdd][0xcb]Z[0xfd][0x1]X[0xfb]9[0xac][0xac][0x84]5`Q[0x1c]@[0x9b][0xba][0xdd].[0xbb]I[0x9b][0xc8]jT6[0xb0][0xbf][0xcb][0x7][0xb5][0xc7][0xce][0xd7][0xaf][0x8f]3[0xe4]uY[0xe6]qk7[0x84]i[0xda][0x1a][0xd5][0x1c][0x13]E[0xec]9p[0x13][0xc6][0x5][\n]"
DEBUG wire -  << "[0x9c]?[0xd6][0x90][0x18][0x1f]5[0xd5]F[0xb3]I[0xd6][0xda][0xe3]+r[0x10][0xc0]$[0xa5]A[0x13][0xaf]-[0x80][0xd4][0x6][0xe][0x1d]j;[\n]"
DEBUG wire -  << "U[0xad][0xdf][0xb5]k[0x1f][0xd7][0xd7][0xd7][0xd6]7[0xf4][0xf5][0x8d][0xad]6[0xfc]N[0x9e][[0xdb][0x9f][0xf4]B[0xce]V[0xbb][0xb9]V[0xc8][0xae][0xd7][0x9f]>- [0xd8]\[kC^[0xab][0xbd][0x5][0xbf][0xc1][0xb8][0xc9][0x9e][[[0xb9][0xf4]V[0xf6][0xbc][0xd6][0xac][0x86][0xef]lf[0x95][0xb][0xac][0xb2][0xf2][0x1c]h1[0x1][0xf0][0x97] Z[0xa5][0x4][0xa8]i[0x1][0xe][0xa8][0xb3][0xae]?[0xee][0xd7]w[0x5][0x9b][0x94][0x84][0xab]nJ[[0x89][0x90][0x9b][0x1b]M}{s[0xbb][0xad]o[0xac]7[0xd7][0x12].%[0x19][0x2]g.[0x17]Q[0xde]$[0x1d][0x97]u[0xf4] [0xe9]h[0xab][0xdb]7[0xad][0x80][0xc1][0x90]:v[0x18]j[0x94][0x9a][0xa6][0xd4][0x5][0x10]b[0x86][0x81][0xd5][0xa5][0xba]e[0xda][0xa0][0xa1][0x83][0xae]eV+[0x16][0xbd]o[0x82][0x81][0xa1][0xca][0x87][0xcf]'[0xef][0xe9][0xf0]5Lh5[\r][0xbd]a[0xad][0xfe][0xb1][0xf9][0x9][0xa5][0x92]y[0xf6][0xe1][0x88];v[0xcd][0xaa][0xdf]`[0xcd]C}[0xa4]s[0xfd]\[0xff]<M[0x1][0xb8]2[0x80]\[0x3][0xc9][0x6][0xa9][0x5][0xd4][0x87][0xd2]Nx[0xfa]4[0xff]V[0xd3][0xda][0x80]|w[0xe0][0x7][0xb5][0xf3][0xee]A[0x10][0xd0]IM[\n]"
DEBUG wire -  << "[0x97][0xae][0x98]W[0x7][0xc2][0xc3]x[0x8c]>6[0x98]8[0xc]F[0xfa][0x4][0x86][0x85]7[0xdc]y[0xdc][0xd4][0xb3][0xb7][0xe3]+[0x8b][0x8d][0xa3][0x13]([0x8][0xe9]7:[0xef]6w[0xf9][0xde][0xb9][0xe9]0o[0x18][0x8d]v[0xf9]O?[0xd5]3,[0x1f][0xcf]?[0xf2]O[0x9f][0xba][0xac][0x86][0xf3][0xe8][0xcd][0xc]_[0xb7]2[0xf5][0xe9][0xd3]2[0x16]][0x12][0xfb][0xb8][0xdb][0xc5]W[0x90][0xe4][0xca]r[0x19]u[0xd5]x[0xb3][0xfc][0xe9][0x1a]D[0x7]>[0xc][0xe5][0xe3][0x1c][0x4][0x92][0xb]M>z[0xf3][0xea][0x1d]t[0xeb][0xa4][0xfb][0xb8][0x5]o[0x1]>[0x1e]R[0xc7][0xe9]S[0xeb]s7U[0x9d]0[0xd6]s[0x80][0xc0][0xd6][0xca][0x9a][0xbe]~[0xad][0x8d][0x8a]e[\n]"
DEBUG wire -  << "[0xe8]j[0xf5][0x1b][0x90],j[0xdb][0xc7][0x17] [0x15]/y[0x8]&[0x10][0xb][0x9e][0xd5][0xa6][0xd3]j[0x1a]Tv(m[0xa4][0x97][0xe0][0x7][0xc0][0xe4][0x9][0xc2][0xf5][0xb8]U[0xd7]i[0x5],z[\n]"
DEBUG wire -  << "*[0xbf][0xbe]S[0x3][0x88]([0xa2][0xd6]H[0x0][0xd5]4[0xdf]S[0xd9]u[0xac][0xbb][0x98]#[0xa8][0xb]#[0x90]T[0xb4] [0xc1]A[0xd1]s[0xc4][0xc3][0xcc][0xe4][0x8e][0x1d][0x6][0x6][0x1][0xa8][0xd4][0xbe]l[0xc9])[0xc2]b[0xc7][0x94][0xdb]U[0xaf][0xeb][0x82][0xfb]bZ[0xfb][0xfa][0xf5][0xfa]F[0x1f][0x9a][0xb9][0x99][0xed][0xd9][0xa0]Vx[0xaf][0xef][0xc]M5a?}:4[0xa3]K[0xf5]XC8[0xf5]V[0xd7][0xf1]EA[0xd5][0xeb][0xf5][0x9b][0x9a][0x9c][0xea]u[0xdb][0xb7]b[0x1c]V[0xfa][0x8c][0xa9][0xbf][0x8e][0xd3]^f[0x90][0xa2][0x15][0x11]M[0x1c][0x96]7"[0xac]0[0x4][0xeb][0x81][0xbb][0x88][0xdf][0x8]][0xee][0xb0][0x89].^[0x5]"r[0xbd][0xf2][0xc8][0xe6][0xe1][0xd8][0xa1][0x93][0x1d][0xc2]=[0x9c][0xb][0xc8]c[0xee]boS/[0x2][0xec]}?[0xb0][0xc1][0xa9]#[0x9e]?[0x9d]se[0x84]#[\n]"
DEBUG wire -  << "dU[0xe5][0xca][0xf9]m[0x87][0xb4][0x98][[0xcc][0x10][0x13]`E:[0xb8][0xa8]`[0xdc][0xee][0x90]&1[0x9b][0x9b][0xe5]L[0x10][0xbb][0x8][0x97]G[0xc][0xea][0xf0]![0x0][0x19]Ms[\n]"
DEBUG wire -  << "[0x1]v[0xcf]0[0xf0]c[0xcf][0xae][0xa2]g[0xc][0xb2][0x84][0xfa][0x3][0xf0][0xe7][0xd3]oV[0x80]{[0xc8][0xb2][0x82]e+R[0xc2][0x11]c[0xd1]*.[0x8d][0xad][0x2][0xe7][0xfa][0x8e]o}6[0x1c][0xde][0xf][0xc0][0x95]6[0x80][0xa9][0xab]D[0x99][0xbc]3[0xfd][0xdb][0xc4][0x88][0xc1].h[0x0][0x93][0xa3]F[0x1][0x89][0xac]W[0xd8]2[0x0][0x90][0x19]3[0xab][0xca][0xf1]Jzo[0x95][0xb8][0xcc][0xe6][0x14]<1[0xc7])[0x9b][0xe0]eBG,[0x4][0xb7][0xd2][0xb0][0x1c][0x8e][0xda][0xdc][0xe8][0xd3][0xe0]v[0xa4]&[0xae]x[0xb2]F[0x15][0x81]'[0xc7]x[0x8][0xe][\r][0x8e][0xc][0xf0][0x97][0xc0]0[0xf6][0xfb][0x83][0xab][0x9e][0xeb][0xdb][0xb1][0x83]MJ[0x92][\r][0x87][\r][0xa9]5iP[0xb0][0x8e]#[0xd9]TID#G[0xc4][0xf2][0x1a]h[0xd3]p[0xc4][0x81][0xda][0xf0]>][0x90][0x94]].[0xcf][0x91]/[0x86][0xe4][0x8b]1[0x8e][0xfb]H[0x98][0x1]c66$[0x9d][0xcd])J[0xd1][0xad][0x9d][0xe1][0x9c][0x9][0xbf][0xcb][0xa0][0x97],[0xf4]][0xd6][0xe8][0x98][0x9b]fS[0x90][0x9e]O.P[0xdf][0x6][0x90][0xb5]oH}[0xeb][0x1b][0xc9]OV[0x85]h[0x1f][0xd4][0xc][0xe][0xd8][0xf2]Z[0x95][0xf2][0xf5]n[0xe4][0xb][0xb2]S[0x1]V"[0x9d][0xe2][0x12][0x94][0xa6]o[0x85]nh-i[0xe0][0x8a]~[0xe][0xf9][0x17]vK[0xf9][0x9e]Kx*8[0x2]aIl@[0x81]n?[0x84][0xe0][0xbc]D.[0x81][0xd6][0x82][0xdc][0xcf][0x95][0xf8]%[0xb1][0xba]'[0x92][0x1f]B[0xf9][0xb4][0xfa][0xbe]-W[0xe5][0x1c]=E[0x8b][0x9c]~%I%[0x14][0xfb]+[0xa6][0x92][0x10][0xf0][0xd3]P[0xa3][0xea][0xa4][0x94]@[0xd0][0xb3][0x4][0x3][[0xfd][0xe9][0x85]#<[0x86][0x9][0xaf]g[0xd1] "&[0xfe][0xee]90[0x7][0xe1][0x84][0xff](7WB[0xe3][0x1c][0x1f][0xe6][0xf7]'k[0x1b]k[0xeb]k[0x9b][0x90]y[0x3][0xff]f '[0xa6]C[0xfb][0xcc]1[0x6]`g[0xa1][0xfd]A[0xc4][0xfa][0xe2]GA[0xac]\T[0xfc][0xb4]c\[0xb2][0xfe]g[0xe]}[0x17]G[0xb8][0xbd][0xe5][0xc8][\n]"
DEBUG wire -  << "[0x93][0xd4][0xbc][0xd1][0x0][0x8a][0x2]P6[0xf1]?p5[0xb7][0xe1][0x7][0xfe][0xe4][0xe8][0xb8]m[0x93]oA[0xd5]bv[0x9]8[0x2][0xe][0x89]k[0xe2]/[0x3][0xb9]3[0xde][0xe9]3xa[0xb]K[0x83][0xc8][0xd8][0xb1][0xf5]P,[0x85].S[0x85]$[0xf7][0x92]>[0x1a][0x88][0x1f][0xe4][\r]yP'[0x15][0xba][0x4][0x85][0xcc][0xc0][0x9e]R[0xa2][0xa0]j[0xc9][0x99]I[0xa4][0xa2]7[0x8][0xad]h[0x8f]z0<zA[0x1c]N[0xe8],[0xea][0xa7]p[0xed][0x8c]|[0x18]@[0xb7][0xc0]([0x1][0x8b]x"
DEBUG wire -  << "[0x99][0xf8][0x91][0x92][0xb][0xbf][0x81]0d[0xe][0x94][0x10][0x18][0xec][0xc0][0x1f][0x83][0xb8]ybV[0x3][0x1c][\n]"
DEBUG wire -  << "[0xc3]>4`.[0xd8][0x0]L[0xef]p1[0x18][0x5][0x1f][0xe2][0x82]M[0xc1][0xc9][0xbf][0x82][0xec]}$|[0x1][0x19]}[0xdf][0x9e][0xec]x~T3G[0xa0][0xef][0xea]iy[0xf0][0xdd]i[0xec]D%|[0xa6][0xac]T[0x16][0xe8]G^}[0x89]hTO,[0x9][0x99]`""K{[0x18][0x99][0x84][0xfb]ShP[0xf][0x9]5][0x10][0xf2][0x8][0xfc][0xf7]9[0xd9][0x6][0xea][0xf2]<[0x80][0x92][0xf3][0x1c][0xad][0xe6][0x88][0x86][0x6][0xb5],[0xd0][0xd2]R[0x8a][0x85][0x84][0xe0]~[0xae][0x92][0xe9]&mo[0xaf][0xd3]][0xa5][0xde][0xb0][0xc4][0x98][0x82][0xa5]"[0x96]|I[0x8][0x16][0x8a]i[0xc5]A[0x80][0x9e][0x16][0x99][0x95][0xa3][0x1a]3;?'[0x9a][0xd2]k2[\n]"
DEBUG wire -  << "[0x95]gu[0xf7][0xe3]([0xf2]==}[0xca][0xb5][0xe3][0xd2][0xf7][0xc5][0xea]0[0xb8][0x96] [0xfc][0x1][0xa8][0xe9][0x9e]@E$[0xa4][0x1c][0xc5]Z[0x18][0xf7]][0x1e]i[0x9f][0xee]Q$[0xab][0xcb][0xe6][0x17][0xe0][0x12][0xa2][0x9a][\n]"
DEBUG wire -  << "[0xc5][0xc]Ga[0xf2]A%[0xa2][0x92][0xf0]w[0x1][0x85][0xc4][0xf0])[0x5][0x90][0xef][0xcb][0xc3][0x94]Q[0x96]SX[0x9a],'[0x9b]Z[0x95]^]*[0xcf][0xa0][0xaa][0xf4]R[0xa9]'R/[0xaa][0x16][0x91][0xb9][0xe2]1'3[0x91][0x90]y YW[0xc3] [0xc1][0xc6]8[0xe0][0xb8]=[[0x95][0xb6][0x83][0x92]_[0x99][0x91][0x1b][\r][0xe5][0xac][0x1c][0x11][0xe5],9F+[0xf3][0xcc][0xc5]ys0'[0x10]3[[0xb7]S[0x0][0x98]C[0xdc]b[0xf2][0xf3][0xa3]^[0xce][0x16]![0xb7][0x19]j"[0xcc][0xbc][0xb4][0x10]Xq[0xac][\n]"
DEBUG wire -  << "[0xc8]r c![0xd4][0x14][0xaa][0xd9][0xb5]N#[0xbc][0x3][0x85][0x99][0x86][0xbc][0x5][0xda][0xc]V[0xcc][0xf0]j[0x9e][0xcf][0xcb][0x8f][0xc2]q[0xe9][0x7][0x9f]AO[0xc1][0xec]=[0xf0][0x1d][0xee][0x1b]<b[0xee][0x8e][0x17][0x8d][0xc]K,[0xe2]nx?[0xb5][0xea][0xca]LHf-C[0xda][0x89][0xc9]Sb[0xf3]fF[0x85][0x1c]pa[0xf2][0x90]j[0xdd][0xcc][0x94][0xcc]+[0xe1][0xb2][0x81][0x99][0xea][0xe3][\n]"
DEBUG wire -  << "[0xcb]sJ7[0xff]C[0x18][0xcc][0xa4][0x6]N[0xb2][0xa1][0x96][0x8b]67[0xb6][0xc6]WurM[0xc4][0x14][0xff]h[0xce]\[0xb4][0xef][0xf0][0xfd][0xdc][0xcc][0xb0][0x18]4[0xe5]j[0xe5][0xec][0x9d]N[0xdc][0xd3]S8[0xa9][0xa8][0xe6][0xe]e[0xa7][0xeb][0x95][0x9c]M0D[0xfe]p[0xe8][0xb0][0x5]U[0xe4][\r][0x9][0xc2][0xe5][0xe4][0x93]M{y[0xde][\n]"
DEBUG wire -  << "[0xe6]&[0x13]P:[0xb5][0xe7]&[0xf][0x3]T[0x16]L[0xf3]jJ[0xc2][0xdc][0x8f][0x96][0x3][0xee][0xd9][0xff]t[0xb5][0x81]ch[0x9f][0xea][0xca][0x18]Pbj[0x5]>[0x98][0x8c][0x91][0x8f][0xb6][0x9a][0xca]*[0x10][0xae][0xd2][0x84][0x18][0xd7][0xf5][0x5][0x95][0x9a][0xb]j[0xbd]c[0xa5][0xd4][0xb6]{[0x91]/[0xec][0xe8][0x9e][0xc4]\_[0xee][0x8c]W9[0xd7][0x90]YSW[0x95]2[0xd3]3C[0xa6][0xec]>[0xcc][0x9e][0xea][0x97][0xa3][0xef][0xd2][0xb1]X[0xe5][0x94]5[0x9][0xee][0xfb][0xe1][0xbf]&[0x9][0x86]}Zk5[0xf5]NK[0xdf]n[0xea][0xe0][0xdb]v[0xea]z[0x93][0xac]A^[0xb][0xfe][0x19][0x8]T[0x6]i#[0x4][0xe6][0xae]Wch[0x8b][0x15]k[0xa1][0x8][0xfe][0xe8]J[0x13][0xc3][0xf][0xcd]Kt4(ZhIo[0x10][0x95][0xac][0xd4]^[0x92]^[0xa1][0xb6][0xaa][0x14][0xd6]CD[0xfb][0xae][0x3][0xaa]B[0xb6][0xab]l[0xf6]?h`/[0xdb][0x9c][0x9c]o[0xce][0xcd]7[0x11][0xe7][0x19]u[0xd3][0xee][0xc3][0xad]F]n&[0x9f]k[0x10][0xfe][0xa9][0xe6][0xd9]]-'r[0x1b]UrO{g[0xae][0xd9];s%[0x8]Fo[0x7][0x15][0xc0][0x6][0x8e][0xf0][0x16][0xc][0xf1][0xf2][0x10][0xee][0x88]!.`[0xd6][0xb2]1[0x8e]'*[0xd4][0x0][0x87][0xdc]-T[0x11][0xb8][0x92]d[0xac]W[0xea][0x88]j[0xc5]S[0xaa]x[0xaa][0xdc][0xb2]j[0xce][0xaf][0x82][0xe4][0xb5]Q[0xb6]Ldr[0x1c]%[0xd0][0x85][0xc][0xf4][0x90]H[0xc6]a[0x4][0x83]Q([0xa1][0x9c][0xdd]$O[0x84][0xa6][0xda]{[0x18]P[0x1b]wZj[0xb8]zH[0x3][0xdd]a[0x83][0x88][0xc0][0xd8][0xd5][0x89]x[0xea][0xfb] [0xd7][0xae][0x8e][0x87]]jJs[0xd5][0xf5][0xc8]O[0x9f][0xeb][0xfa]}[0x10][0xd9]m[0xfc]O"R[0xcf][0xb2][0x99][0xb3][0xe9][0x94]X[0xb3]Z[0xaa][0x88][0xd1]g[0x2][0xcb]J[0xf4][0xa4][0xb2][0x19]u[0xdd][0xaa][0x8e][0xdb][0xe0]N[0xba]Gj[0xbe][0xa2][0x16][0xc][0xa8][0x7][0xb2][0x8d]b]G[0xfb]+][0xf1][0xa8]^Yr[0xb8][0xe9]{F[0xc8][0xc4]^si[0xc9]&[0xb7]Pe[0xe]b[0x7]/[\n]"
DEBUG wire -  << "[0x4][0x8c]I#[0xb1][0xa2][0xba][0xc5][0xb5]Ma![0xb3][0xac][0xc9][0x85]-K][0x81][0xbc][0xd6]XX(][0xbf][0x1b][0x8a][0xd3][0x90]B[0xb5][0xe6][0x17]F[0x1e][0x15][0x96]D[0x12].[0xab][0xc9]x[0xc0][0xf1]`^[0xda]1[0xc2][0xda]T[0xd8][0xd7]-w]g[0xdd]fC][\r][0xb9][0x8d]-[0xbd][0xbd][0xad][0xb7][0xd6][0xda]:x7[0xcd][0x1f]Dr[0xad][0xbd][0xd6][0xd1][0xd7]7[0xf5]V[0xb][0xd2]Z[0xcd][0xe6][0xf][0xf5]][0xb2][0x92][0xac]q[0x83][0xbb][0xa2]jN[0x10]&[0xce]Jj?[0xd3][0xad][0x96][0xbd][0xd5][0xd9]%i[0x81][0x92][0xbb]S.?[0xed][0xf7]Ty<y[0xac]d[0x1a][0xb3][0x84][0x9b][0xa2][0xe5]x[0x1d][0xff][0x9b]M[0xcb][0x14][0x82][0xdb][0x11][0x93]G[0xbb]25s[0xc8][0xb9][0x1e]A[0x99]m$[0xf6]F"[0x84][0x6]*[0x86][0xdc]k [0xce][0xb4]e[0xef][0xe7]q[0x18][0x89]]]]><![CDATA[>[0x95]&w[0xfd][0xc0][0x19][0xad][0xeb][0xa4]r~[0x17]PRj[0x94]A[0x0][0x90][0xd5]F[\r]8[0x9a][0xd0][0xc][0x94][0xb9][0xc2][0x2][0x98][0xf2][0xa1][0xf2][0x90][0xcf][0xa5][0xc3]Z[0x2]T[0xd3][0xe2]t[0xf5]o[0xf]dR'[0x9a][0x5][0xf8]$`[0xe1][0xd8][0xf7]l[0xa2]L[0x10][0xb5][0xa2]T[0xa0]Gz[0xda][0xb8][0xc0]i[0x8c][0xfd]0*aR[0xde][0xb7][0xe3]P[0x18][0xb][0xd4][0x9][0xd5][0xde]M[0xe4]G[0xf2]e[0xc4][0xac][0xcf]~[0x1c][0x19]U[0x4][0x1b]I.y2[0xa6][0x13]<8[0x2][0xf][0xe][0xb5][0x98]\[0x11],[0x1]+[0xe]N[0x99][0x8a][0xf3]Y[0xb2]xQ[0x92][0xdc]k=[0xa1]X[\r]M;[0xd2][0x12]b|[0x9][0xd6][0xb9][0x94][0x84]"5[0x97][0x96][0x5][0xf3]$[0x5][0xde][0x0]7Q[0xb2][0xd2][0x92][0x15][0xd0]T[0x82][0x97][0x9a]'vk[0xf2]<Pso[0xc][0xfd]Xf[0xc5][0x92]<H[0x89][0xa7][0xaa][0xb9]B[0xb4][0xca][0xb9][0x11][0xed][0xe3]N[0xe3][0xa4][0xa7]zLr?[0xcf]:[0x1c][0xb5][0xc5]A[0xaa][0x12][0x93]A[0x9a]{[0x15][0x83]T[0xbe][0xab][0xd1]]t(r&fu[0x8e]t%[0xae][0x89]:[0xa3][0x83][0x8e][0xc7]N[0xb]L[0xa9]][0x92]&I[0xe3][0xa3][0x9c][0x8a][0x4][0xee][0xac][0xad][0x15][0xd2][0x4][0x95]*[0xf1][0xe6]o}[0xf6][0xb7]>[0xfb][[0x9f]}w[0xfa][0xac]j,[0x15][0x87]Q[0xb6]U[0x8c]Wqe[0x97]\[0x6]xR[0x19][0xc8][0x7]M[0xc0][0xd2]E[0x12][0xe4]8[0x10]+[0x19]^[0x94][\r])[0xe3]Fa[0x1][0xa0]R[0xb6][0xa9]0[0xde]s[0x4]>[0x1]{[0x1e]F[0x5][0xae][0x10]A[0xe3]>r[0xfb][0xba][0xb9]R=P6[0xf0][[0x9a][0xb3][0x9f]fHDU9[0xb5]2[0x81][0x95]~[0x9a]#X[0x92]`[0xd1]9[0xf9][0xbd]}[0xd9]7[0xc5][0xfc]R[0x19][0xd1][0xa3][0x89][0xee][0xb2][0x85][0xa1][0xee];[0xa8][0x82][0x95]z[0xac][0xcf]C[0xb8][0xb8]p%[0xb]Kl[0xae][0xac][0xe0][0xff][0x89][0xf9]Km[0xfa][0xa2]+[0x10][0x87];8[0x1][0xdd][0xac][0xa4][[0x19][0xdc][0xcb][0xb6]2[0xb6][0xc7]Wu[0xe1][\r][0xe1]r[0x9]S>D[0xe2][0x4][0x85].u[0x9c][0xcc][0x91][0xc2]KH[0xfa][0x2][0xd8][0xc]h[0xd4]*[0x14][0x94]9[0x6][0xd4][0xad][0xd4][0x95][0xc4][0xe4][0xc2]0'[0x14]O[0xd4][0x2][0x88][0xf2]L[0x89]p!$|zhL[0xf9]l[0xe9][0xfb][0xe][0xe9][0xb4][0xa1]Yb7[0xe1]fe%![\n]"
DEBUG wire -  << "X6F[0xf5][0xe]=[0xc0][0x1d][0xe1][0xc8][0x81][0x17]*Zk[0x84]Q[0xba][0xd6][0x8a][0x87][0x4][0x98][0xbc]%[0xa0][0xf6][0x83][0x1e][0xe5]'|[0xb2][0xd9][0x94][0xa8][0x1][0xf1]m[0xce][0xe4][0xaa][0xa3]S[0xe2][0xa2]Z[0xe5][0x11][0xcb][0xaa]+lx[0x98][0xea][0xd9][0x80][0xba][0xdc][0x99]t[0xdf][0xf9]`T[0xf8]?[0xac][0x1d][0xac][0x81][[0xd8]>[0xec][0x88][0xdf][0xeb][0xe2][0xf7]&[0xfc][0xde]<[0x94][0x0]?[0x9d]:[0xb4][0xf]P[0x9d]$[0xe7][0xe9][0x93][0xe6][0xda][0xd6].[0xc8].[0x86][0x7]p[0xf0][0x88][\r][0xa4][0x8b][0xbf][0x6][0xde]s[0x10][0xb9][0xcb]9cG[0x3]n[0xc][0xa8]gMp[0xc9][0xea]^[0xe7]0S[0xc][0x86][0x83][0xc2][0xf]x[0xd2][0x3]w[\n]"
DEBUG wire -  << "o[0xe3]\[0xdc][0x14]5[0x93][0xf7][0xd2]Y[0xbb]5s[0xe3]!-[0x10]1[0x5][0xf0]H[0xe9][0xbd][0xa8][0x87][0xa4]8Dq[\n]"
DEBUG wire -  << "D[0x86]]8[0xd8][0xa8][0xd2][0x84]R[\n]"
DEBUG wire -  << "[0x97]w[0x9a]W[0xb2][0xc3][0x88][0xf9]=If[0x82][0x9e][0x84]Rl[0xbf] 7C[0xdb]2[0xb7][0xcd][0x96]i[0x81][0xee][0xf1][0xdd][0x2][0xa3];[0xf]ftx[0x9][0xef][0xd4]aA[0xd4]^[0x1e][0xf5][0x17][0xc0]d?h[0xe4]p[0xcb][0xb3][0xec][0xb9][0x84][0xfb]7#[0x19][0xab]0>[0xe5][0xfd][0xc2][0xc6][0xea]"[0x9a][0xf1][0x2]r[0xa3]|[0xbb][0xf4][0xd8][0xe6][0xd1][0x87]w/[0xaa][0xef]s[0xda][0x85][0xfb][0x9c][0xef]N[0x8f][0xe6][0xdf][0xce][0x4][0xe0]`l[0x99][0xe3][0xd1][0xf8][0x19][0x94]-[0xdf][0x1d][0xbd]t.][0xea][0xf1][0x1]h[0x9f][0xaa][0xda]r[0xd9][0xb2][0xd6]y5[0xe5][0xf][0xa8][0xe7][\n]"
DEBUG wire -  << "[0x9a][0xa2]`c[0x9f][0x14]/[0x18][0xe3][0x5][0x18][\n]"
DEBUG wire -  << "[0xaa]3w[0xa3][0xf8]_0[0xe3][0xbc][0xc5][0xe0][0x12]D^[0x83],[0xb][0xc9][0xc8][0xf]"|[0x9d][0xcf][0xd4];][0xd5]E[0xf6][0xff][0xe4]3[0xb7][0xbf][0xe8][0x92]k[0xd2]U[0x12][0xb6][0xd1]2[0x9b][\r][0xf1][0xf4],[0xe][0x9c].[0x16][0x1][0x9d][0xfa]C[0xfb][0x4][0xfe]/[0x16][0x84][0x84][0x85][0xf7]u[0x85]h[0x1][0x97][0xbe]5!R[0x99][0xe3][0x98][0xa0]QW[0xf5][0xca][0xca][0x8c]+6[0xcf][0xdf][0x1c][0xfd]J[0xcc]L]'[0xd6][0xf4][0xf5][0x17][0xe8]d[0x9b]][0xed][0xb4][0x9b][0xf8]sS[0x82][0xe3][0xa1]0,r)[0xfd][0xe1][0xb5]?[0xa6][0x16][0x8f]&;Msk[0xb3]\[0xa0]?$[0xd7]S[0xab]xO[0x9a][0x83][0xe6][0xa0][0xd5]*[0xc3]F[0xa3][0xd8][0xed][0x87]U[0xf0][0xf2],[0xe6]M2[0xd1]fab[0xe4][0xbc][0x9b][0x86]DIg[0xe2]b|[0x94][0xe7][0xc7]?[0xbf]xM[0x8e][0xaf][0xc0]0~[0xc5]"[0xb0]vCr[0xb1][0xe][0x83][0x93]|[0xf0]8h[0x82][0x90]:[0xe4][0xc0][0xa3][0xce]$[0xc2][0xac],.[\n]"
DEBUG wire -  << "[0xc3][0x12][0xae],![0xe6]c[0x19][0x8]%[0xb9][0xbf]TK[0xef]dq=[0xd4]}}[0xa8][0x7]:[0xd5][0xdd][0xfa]5[0xff][0xb8][0xfa][0xb3][0x98][0xc8]S[0xa4]o[0xfa][0xe7]`[0xb8][0xac]~[0xea][0x6][0xbb][0xfc]c[0xf0][0xa9][0x8b][0xbf][0xbe]~[0xcd][0xdd][0xe9]ZyT[0xc3]4[0xf3][0xb7][0xae][0xfc][0xf3][0xf5][0xeb][0xc7]Ous[0x1c][0x87][0xa3][0x1a][\r][0x86][0xe2]VUX[0xbf][0xd1]E[0xa6][0xd3]m[0xfd][0xe8][0xb1]Kr[0x4]2V[0xab][0xef][0xd2]nX[0xba][0xd5][0xe8][0xe3][0xf9][0x1][0x17][0x92]+[0xef]J[0xfa]xMr[0x97][0x9a]4[0x9c]xV[0xb7][0x5]Ox[0xf7]r[0xb8][0xeb][0x9a]r][0xfc][0xb5]o3[0x13]O;[0x7][0xd1]sq[0xaa][0xb7][0x86][0x8d]Z[0xb9][0xa9]O][0xf3]Z[0x95][0x9c]X[0xd5]W[0xf3][0xf1][0xf]Tl[0x1][0x9a][0xb4]]p.{;[0xf][0x1]~HW[0xeb][0xbb][0xd0]KCZ[[0x95][0xb4][0xaf][0xea]d[0xf5][0xc3][0x81][0xd1]j5;[0x9b][0xeb]kk-[0xa3][0x85])x,;[0x83][0xc]A[0xb9]c*[0x9a]q[0xe8]HaN.[0xbe][0x1]v[0xf5][0xf1][0xeb][0xa3]bGW[0xf6]0[0xf6]bC[0x6]PZ[0xd9]CG[0x95][0x88]-f[0x18][0x93][0x18]L[0xa4]h%&'q[0x84]o.[0xb2][0xb8]m[0xb4][[0x4]'$1-[0x1a][0x18]k[0x81]d[0xb][\n]"
DEBUG wire -  << "[0xca][0xda]u([0x6][0x82]H[0x8a][0x8b]`J[0xe0]D%[0x15]%[0xde][0x9f][0xc][0x98][0xa4]L[0xce][0x84][0x8][0xf9]&o[0xd1]C.[0x9e][0x9c]QYj[0x97][0xa6]tHH[0xbd][0xe][0xf8][0x15][0xf8][0x15]`[0x9d][0x92]$E.[0xac][0xe3][0x86][0x8e][0xd8]&'[0x15][0x9b]4[0xca]0[0xc5]cP,H[0xaa],[0x90][0x9a][0xea][0x86][0xca]\[0x85]R[0xd2],![0xf2][0xd9][0xd2]DG[0xe]%[0xe][0xaf][0xc2][0xb2]GK[0x18][0xfa]@[0xd4][0x2][0xdd][0xa8][0xa9][0xfa]o[0x17][0xeb] [0xe5][0x1f]w[0x87][0x4]E[0xfc][0xee][0xb1]][0x80]k@[0xb2]m(`[0xc]7@@[0xbd][0xdf][0xa2][0xea][0xbd][0x6][0x95][0xbc][0x0][0xf3][0xe3]"[0xe1][%[0xe7][0xd4][0xe6]S[0x91];[0x0])[0xfd]CR84PYT#6[0x8d][0x92]M,[0xec].[0xc7][0xa1][0xe3]0M[0x16]!Y[0xba][0xda][0x13]t[0xa3][0xf0][0x10][0x16][0x1f][0xca]H[0x1f][0xaa][0x1b]p[0xdf];A[0x8b][0xde]%[0x9e]_G[0xf2]1[0xfd][0x9b][0x81][0x84]([0x94][0xce]D[0xdb]/[0x88]&[0xaf]S[0xb2]rE[0xf6][0x1a][0xb2][0xd5]I7f[0x9c]L[0x1f][0x5];1[0x1a]X[0xb9]q[0x99][0xec]Jf[0xe4][0x6][0x84]d[0xce][0xfe]^[0xec][0xc8][0x92][0xe8]F[0xab]%[0x1][0xb1][0x7][0x99]grR[0xc][0xfe]@[0x9][0x87]g%[0xd0][0xf1]6[0xda][0x1b])p[0x9a]H[0xb2]l[0xec]:[0xa1][0x12]z[0xf8][0x94][0xcb][0xf0][0xc5]l W[0xfb][0xb2]T[0xa1]{[0xd4][0x9][0x4]#[0xc3][0x87]P[0xbd][0xf4]IU[0xdc]J[0x0]{Yv[0x9e]."[0x8f]P[0x0][0xd1]4[0xb1]$1N[0xd2][0x82][0xe1]%B[0xb6][0xa1][0xe4][0xee]5[0x1c].l[0x9a]r[0x83][0x9b][[0x8b][,[0xb5][0xe2]ts[0xa7][0xd2][0xd1][0x85][0x17]G<[0xa1]![0xa4]P[0x9]I[0xe] [0xe6][0x1b][0xf0][0xde][0xf7][0x9d]0i[0xc1][0x93][0x94][0x8e][0xf4][0xac][0xa2][0x1a][\r][0xfb][0x2][0x8e][0x14][0xe4][0xcd][0x2]]'W[0xdc][0x0][0xe1]TF*[0xa8][0xe9][0x1f][0x18][0xbb]([0x1f][0xa0]3[0x99]l[0xe8]tm"UF[0xc8]+3[0xa9][0xb5][0xb6]L[0xb1]@t9.<[0x1b][0xf8][0xff]\[0xd0][0x91]}x[0xbf]`[0xd0][0x9f][0x12]8[0xeb][0xd1]Jj;K[0x15][0xe2][0x19]}[0xda][0xea][0xa4]}[0x9a]>[0x88][0xc5]Q[0xc1][0xc6]\[0xf3][0x8e][0x9f][0xfb]o[0x17][0xb4][0x8e][0xf5][0xfd]qcv[0xff][0xb][0x14][0xf][0xee][0xff]G[0xb7][0x15][0x80]*[0x9e]v[0xb6][0x97]*[0x1][0x80][0xae][0xcc]"[0xf2]/[0xd6]'/p[0xce][0x1e]Pk[0xbe]8[0xec]l5[0xb7][0x9a][\r]Q[0xca][0x80]R[0x1f][0xc0][0xb0]K[0xb][0xe2][0xd5]h1[0xf5][0x89]e[0xf8][0xf3]p[0x90][0xb0][0xaf][0x80]>/@[0x8d][0x18][0x3]V[0xce][0x94][0xa6][0xe6]R[0xa5][0x9][0xd1][0x15]d[0xff][0xe4][0xd5]"[0xc9][0x1f][0xb8]B[0xee]O^[0xcd][0x95][0xfa][0x8d][0xdb]([0xb2][0xdb][0xd3][0x89][0xe8]rt[0x1e]v[0x16]DT[0xea][0x0][0x8d][0x87][0x9d][0xb9][0x14]n[0xb5][0xd6][0x97]I![0xa2][0xcb]S8b[0x1][0xcc]wc[0xbe][0x80][0xd0][0x4][0xc][0xe9]M[0x9e][0xe7][0x92][0xbd][0xde]i-[0x93]lD[0x97]#[0xfb][0xd5][0x8b][0xa3][0x83][0xf9][0x14][0xbb][0xdc][0xa6][0x86][0xb]F1[0x1f][0x8b][0xa5][0xe4]0[0x2][0xef][0x92][0x85][0xe0][0x8d][0xd8][0x86][0xb0][0x87][0xa8][0x7]S}[0xe4][0x7][0xd0]"[0xc4]6[0xb7]1[0x9d][0xe5]Js[0xa7]([0xcd][0xaf][0xfc]>?[0xa4][0xb][0x9a][0x3]0[0x16]EZ[0x5][0xf0]|j[0xdb][0x9b]K[0xa5][0x16][0xd0][0xe5][0xa8]=[0xfd][0xfd][0xff][0xcc]'5\[0x3]2[0x1]j.[0x8d][0x9b][0x1b]K[0xa5][0x11][0xd1][0xe5]i[0x94]&[0xb8]T\r[0x17][0x8c][0xbc][0xa5][0x18][0xe6][0xd1][0xb][0x9][0xf7][0xc8]b[0xf1][0x9]%[0x6][0x10][0x9c][0x14][0x3][0xd4])1`[0xf3]nQA[0xce]~[0xca][0xe9][0xca]*V,[0x97][0x13]yF[0xc0][0xb4][0x8f]@[0xe1][0xfc][0xc6][0x8e][0x15][0x14]4,)0[0xcf][0xf8]k-[0xd7][0xae]i[0x15][0xed][0x9a]#[0xb5][0xa8][0xb0][0x80][0xe6]d[0xed][0x1][0x89]N[0x8b][0xcc]5Y[0xd7][0x97];#[0xad][0x17][0xc6][0xf0]![0xfa][0x13]}?[0x10]^[0xc7][0x2][0xd2][0xad][0x2],j[0xd4]B[0xc2]|[0xd6]/[0xb5][0x11][0x88][0xae][0xd0][0x8]p[0xf0][0xad][0x88]|X[0xd8][0x0][0x1]g[0xc4][0x92][0xf8][0xa4]PI[0xe0][0xa5]sVr}[0xf7][0x1a]x[0x81])[0xf1][0xd8][0xc4]"[0x1d][0x98]RI$[0x1f][0x8c][0xa3][0xa5][0x5][0xe5][0xca][0xc][0xb][\n]"
DEBUG wire -  << "[0xe][0x1e][0x18]j~[0x1c]2[0xc7]P[0x1b][0x86]b}[0x99][Z[0xce][0x90][0x13][0xf9]$t[0xb8][0x9d][0xf8][0xbe][0x1]<fY[0x9a]8[0x9f][0xf9]hj[0x89][0xe2]6E[0x95][0xdf]YQ[\n]"
DEBUG wire -  << "TEnid[0xa5][0x8]$[0x8f]D(W[0xac]\on[0x87]T[0x15][0x9f][0xae]dj[0xe9][0xa5][0xc][0x11][0xf8][0x97]j[0x9][0xc7][0xe8][0xf3][0xa1][0xda][0x11]U6[0x9d]V[0xbd][0xee][0x80][0xa7]83X[0xd1][0xe8] = "[0xae][0xd7][0xcb][0xc5] <[0xc9]i[0x84]`:$[0xf][0xfe]`[0x10][0x82][0x19][0xdd]&[0x8f][0x1e]e[0xa8][0xf7]F[0xad]l[0xdd]*[0xdb][0xcb][0x5][0x95]2'[0xe4][0xf7][0xa8][0x95]oOi[0x91][0xa4][0xb4]d[0xa2][0xde]exQ3;[0xf6]![0xc2][0x8a][0x96][0xdb]V8[0x9a][0xab][0x96][0x8b][0x94][0xb4]M[0x1f][0xbf][0x8e][0x3][0xa7]v[0xe7]%![0xc1]/[0xa3][0x8d]kAuM[0xc8]S[0x81][0xbe][0x2][0x1][0x82][0xc6][0xaa]V[0xe4][0xba]^[0xc1][0x14][0x1a][0x9d][0xbd]d+[0x1d]YR[0xae][0xb9]bk[0x9c][0x88][0xc5][0x8f][0x80]r<[0x8a][0x9f].[0xeb][0xa8]}[0xf2]b[0xd7][0xc][0x18][0x8d][0xe2][0x0]zA[0xc6]PO^[0x95][0xcc][0x87][0xe2]D@[0x2][0xdc]Kso[0xb7](8-[0x98]3[\n]"
DEBUG wire -  << ":[0x86]k+[0xa1][0x82][0x87]T[0xa8]J$*[0xf1][0x4][0xff][0x8c][0xe6][0x85][0xad]]-l[0x7]}<v[0x85][0xab]r \[0xed][0xfd][0xbd][0xd1]z[0xea][0xaf]1[0xb9]>,[0x96][0xbc][0xde][0xb1][0xf4]X[0x7][0xc1]P?1vR([0x82]63[0x9d][0xc0][0x90][0xe]8[0xf0][0x10]Qa[0xec]t[0x0][0x8a]F[0xec][0xf7][0xff][0x88][0xc5]>[0x90][[0x9d][0xd8][0xc]O[0x81][0xa5]q[0xd5]mv[0xc1][0x1c],Nz[0xf9][0x83][0xdf][0xff][0x93][0x84][0xa3][0xf][0xff][0xf][0xc8][0xfc][0xef][0xff][0xc1][0xe8]m[0x1e][0xff]-[0xc6][0x4]p[0xb0]$6[0xd7][0xb7][0x99][0xe3]po[0xa8]#[0x14]u&!O[0xe0]s[0xf8][0x10][0x1d][0x8]%[0x8e] B/[0x81][0xb]@[0xb2][0xdc][0xd9][0x11][0x97]U&!h[0x96][0xa4]X[0x98][0x8c]-?[0xc0]S[0xdd][0xd0][0x82][0xdc][0x16]Xh[0x92]7q@[0x86]>u0:|[0xe4][0x13][0xdc]T[0x10][0xe4][0x83][0xfa][0x2][0xb2][0xc5][0x9],[0xc8]tY4[0xf2]m[0xa8]-T[0x8f][0xbe][0xe3][0xf]1[0x8a][0x99][0x18][0xbf][0xb8][0x10][0x8f][0x95][$[0x12][0xcb]+[0xaa]9%[0x16][0x90][0x11][0x1f][0x8e][0x8c][0xdf]b[0xea][0xf0]hBB[0x10][0x9][0xd2]s@&y[0xef][0x83][0xc0]~[0x86][0x9a][0x81]*[0x89]+[0xe][0xf1][0x84][0x15][0xe9]O[0xc8][0x98][0xf9]`[0xb6][0x8b][0xa0][0xf8][0xd4][0x2]4\[0xb4]&[0xe5]7[0x8c]][0x16]8[0x13][0x8c][0x12][0x2][0xb4]`[0xf8]f[0x11]f[\r][0x88][0x81][0x1c][0xd9][0xda]]r[0xc9][0x8][0xe5][0xa0]u[0xa3][0xdf][0xff][0xc3][0x6][0x3]&[0x3]^[0xf4][0xa1]Ka[0xba][0xc1]%V[0x8a][0xd1]TK[0x8d][0x96]<R[0x7]M[0x18]p[0x0][0x9a][0xc2][0xae]0[0xaa]9[0xc]*L[0x12][0xfd][0x97][0x15]H[0x18][0x9f]4[0x90]yC[0x18][0xb][0xc]1[0xeb][0x92]\[\n]"
DEBUG wire -  << "lF[0x2][0xc][0xde][0x87][0xd8][0xf2]=Bl_T[0x15][0xc6] [0x89][0x14]z1t[0xf1][0xdc][0x96]K[0xbd][0x18][0xbc]m[0x90]~)[0x1c]2u[0x88][0xb7][0x11]<[0xb1][0xdd][0x92]$[0x81][0xe2]p[0xa2]QB[0x83]H[0xc2][0xfd]7[0x13]D}Z[0x87][0x96][0xb4]kA[[0x16][0x87]\~[0xde][0x98][0x1a][0xcb]U[0x3][0xf9]*4Z[0xed]d$w[0x88]B[0x84][0x97][0xa5][0xd2][0xc5][0xf7][0xe9][0xea]P[0x90]3[0xd5]@[0xd3][0x5][0xbd][0xfd]J=[0x82][0xab][0xc9]Zb1[0xa8][0xed][0xc0][0x16][0xdb]\[0xeb][0xb3]D[0xd5][0xf1][0x4]t@[0xc9][0x80][0x1a][0xcc][0xe6]bE[0x87][0x17][0xa6][0xcc][0xd2][0x9c]R[0xfe][0xd9][0x1b]u[0xd2][\n]"
DEBUG wire -  << "[0x81][0xbc]D[0xad][0x1c][0xb1][0x90][0xf]=[0xf2][0x94][0xba][0xe3]][0xf2]*[0x19][0xb8][0xc0][0xe7]N5[0xae]d[0xd5][0xbf][0x90]6[0xde]'{[0x8d][0xf1][0xac][0x9]o[0xce][0x6][0xc1][0x9f][0xc8][0xe1][0xad][0x96][0xbd][0xd9]i[0xcf][0xe0][0xb0]8[0xe6][0xba],[0x16][0xff]o[0xa5],$[0x8f][0xf][0x94]B[0xfc][0xff][0x80][0xc5][0xb6][0xbd][0x6]?[0xb3]X[0xec][0xf][0xc3]eq[0xf8][0xd8][0x13][0xbb][0xd8][0xa0][0xa0]Q[0x91][0x1f]e[0xba][0xf8][193[0xe4][0xab][0xc][0xb9]D))[0xb]e[0xae][0xbd][0x12]1[0xea]*[[0x5][0x1f][0xab][0xed][0x14][0x91][0xf3][0xc7][0xd8](y[0xeb]8Gb[0xa5][0xad]R[0xd5][0xe6][0x5][0x8a]X[0xe0]*[0x1a][0xef][0x95]jx[0x9e][0x8][0x87][0xc6]Fb[0xaf]oT7[0xe]o[0x8e][0x8b][0xa0]E[0xea][0x8b]>[0xea][0xc5][0x1]Vi[0x95][0xd4]).[0xac][0xcf][0xf0]'Dq[0xf9][0x19][0x8d]<[0x9f]q[0xd7]5[0x91]Fw[0xa8][0xdd]s[0x7][0xf6][0xa4]w[0xe8][0x7]xF[0xd5][0xe3][0x6]k[0xad]77[[0x9d]v[0x7][0x83]^o[0xc9][0x8f]l[0xa8][0xed]Xh[0x89]IN[0x1c]z[0xc1]}[0x92][0x16][0x80][0xdc]l=[0xa4]2[0xbf][0x91][\r][0xd7][0xaa][0xe][0x9b][0xd7]e[0x8a])[0x9b][0xb3][0x98][0x92][0xf6]b[0xd5][0x87][0x80][0xca]?ST[0x14][0x6][0xb3]`p[0xe2]UU[0xb6]d[0xf6]H[0xce][0xd0]md[0xe8]"6[0xf4][0x83][0x89][0x94]f[0x17]l`[[0xdb]?[0x89][0x1d][0x87] r08[0xfd][0x0][0xf0]m,[0xc0]7.PW[0xb0][0xb2]Su[0x8]V[0x8e][0x13][0xf9];[0x3]A-[0xb8]n[0x8a][0xda][0xa4]=[0xaf][0xed][0xcf][0xce][0x93][0xcb][\n]"
DEBUG wire -  << "y}sON[0x16][0xfa]e[0xe0][0xfb]Q[0xc9][0x9d][0xce][0xe9][0xef][0xe4][0x18][0xb][0x8f][0xc][0x1e][0x99][0xb8][0xf5][0xd1][0xf7][0xfd][0xcf][0xe2][0x0][0x8b][0x8c][0xf9][0xd9][0x90][0x9c]7r2[0x94]l[0xb0][0xf7][0xfa]`[0xfe]N[0x17]$[0xfa][0x91]G[\n]"
DEBUG wire -  << "[0xc7][0xb6][0xc5][[0xc8]1r3[0xb0][0xa8][0xa4][0xef][0x93][0xaa][0xa4][0xce][0xc7][0xa6][0xe7][0xc9][0x9b][0xa9][0xf7][0xe7][0x8][0xeb]l[0xc5][0xf3][0xe8][0xfb][0xd0][0x1f][0xb4][0xb8][0x16][0x85]'[0x8b][0xac][0xc2][0xea][0xa5][0xef]T[0xf1]I[0x8a]G[0xa2]7Z[0xf2][0xd0]G^[0xcd][0x1c]x6(z[0xf2]V[0xd5]_[0xd4]1[0xa5][0xcc]F[0xb9]/[0x17][0xf6][0xdb][0xb7]S2[0xf7][0xe6]h[0x95][0xe0][0xcd][0xd3]N[0x5][0x1e]<\5[0x1d][0x80]F[0xb2]8[0xe4]|+[0xfd]D[0x5][0xbd][0xa6]l~^9[0xcd][0xc8][0xb8][0x9f]f[0xaa][0x14][0x84]G[0xf7][0xd1]N[0xd8]qx[0xdc][0x14]<[0x1d][0x19][0x86][0x99]{[\r]I[0xaa][0xa1][0xa4]v[0xa3][0xd9][0xa7][0x1d][0xda]i,I;%[0x95][0x19]![0xf8][0xe4][0x1][0xcb][0x94]TY[0xa4][0xfe]![0xc9][0x90]T[0xfc][0xd0]n[0xde][0xb3]>[0xf5]m[0xae][0xbf][0x95]a[0xa5][0x8][0x0][0x9f][0xfb]4[0x80][0xff][0xa1]+[0xcc][0xf4][0x83]}([0x8][0xdf]L[0x19]&[0xe7][0xe0]T[0xbd][0xa9]%[0xb6][0xb6][0xbe][0xbe][0xb9][0xb1][0x9e]W[0x91]G[0x81]I[0x9e]K([0xf2][0x8e]e[0xda][0xb1][0x9c][0xfe]WV[0x8c][0xb7][0xe6]n[0x95][0x10]V+[0xc6]b[0xf3][0x97][0xa2][0x13]y([0x82][0xdd]~#[0x9d][0xa8]x`[0x6],[0xaf][0x10][0xab]R[0xff][0x8a][0xda]0[0xed][0xc1]?^[0x3][0xaa][0xaa]{[0x1][0xeb][0xfd][0xad][0xfd]*kx[0xb0][0xf6][0xb3]}t[0xc1]y[0xde]r[0xb1]Y[0x14][0x99]4[0x1c]_=[0xfb][0x10][0xb1][0x17]vw{[]|[0x8b].[0xba][0xb6]|[\n]"
DEBUG wire -  << "[0xe2][0xee]7[0xd3][0x8f].[0xbd][0x2]-[0xa1][0x8e]cW8[0xa6][0x81]8[0x84]b[0xf9][0xe4]=g_[0xbe]p2[0xe5][0x99]N[0x3][0xfc][0x95][0x15][0xe4][0x12];[0xa0]J[0x92][0xe7]z[0xbe]eN}[0x7][0xf6][0xe5] [0xa1][0xd9][0x8c][0x4][0xcd][0x5][0xff]wf[0xde][0x9f][0xa9]WQ[0x91]I[0xfe][0xa6][0xfc][0xfe][[0x99]U[0xd6][0xf0]g[0xad][0x8b][0xb5][0xd6]:[0xcd][0xb5][0xd6][0xf6]V[0xaf][0xd5]l7[0xb7][[0xdb][0xcd][0x8d]N{}}m[0xab][0xb5][0xd9]k[0xaf][0xb5]6[0xda][0xdb][0x1b][0xcd][0xe6][0xd6][0xe6]zkc{[0xbd][0xd3]\[0xef][0xf9]F;[0xaf][0x96][0xd0][0x1c]Q^[0xda]+?[0xe0][0xd6][0x8]F/-[0x1a]k[0x15][0xd9][0xdf][0xdf]jYeC[0x1e][0xae]1[0xd2]m[0xe4][0xcc][0xc][0xfb]&[0x1e][0xa9][0x9b][0xd2]\[0xe1][0x95]Ve[0xfe][0x99]kfs[0xbc][0xd2][0x8c]T[0xa3][0xb3][0xbd][0xb5][0xdd][0xa6][0xdb][0x9b][0xdf][0xdc]0[0xcb][0x93][0xfa][0xb7][0x9e][0xb9][0xb7][0x9e][0x19][0xf8][0x81][0x87][0xd7][0xf2][0x85][0xc7][0xb7][0xd6][0xec][0xac]mm[0xb6]77[0xcb][0xba][0xe4][0x84][0xf6][0x3][0xfe][0x85][0xfb][0xe4]D[0x82][0x17]U[0xc9]t[0xee][0xf7][0xa9]I[0xca][0xed][0xf8][0x16][0x8a]d[0xc9][0x96][0x87][0xa2][0xd8]T[0xdd]X[0xb0]<f[0xe6][0xfd][0xd5][0xb4]HB[0xa9]"[0xf4][0x8f][0xf7][0xe9][0x92][0x8e][0xef][0x9d]lm[0xff]m[0x7]U[0xd6][0xf0]g[0xe9]'7[0xfe][0xc2][yut8[0xe2][0xb8][0xc8][0xf2][\n]"
DEBUG wire -  << "[0xd2]3-TH[0xfc][0xfe][0x94]O[0x8e][0xfc][0x87][0xeb][0x9c][0xb7]#[0x9b][0x9c]F[0xb1][0xcd][0x96][0xad]l,A[0xa5][0x89]=[0x92][0xd7]3[0x95][0xc9]5[0x15]#[0x89]4[0x90]Hc[0xad][0xb9][0xb5]N;[0xad]5[0xfa][0xb7][0x8d][0xf2]}[0xe8][0x0][0x0][0xc]y^[0x7][0xbc][0xf4][0x3][0xe6]}[0xf1][0xc9];[0xcc][0xc8][0xb4]@)[0xf9][0xfb][0xd3][0x3][0x85][0x6][0xfc][0x85]5[0x81]#[0xe9]4E[0xc7][0xe4]u[0xc1][0x8c][0x8c][0xbf][0x9a]6[0x0]2[0x91]@[0xbc][0x12][0xfd][0x9d]j[0x80][0xca]K[0x18][0xf7]8[0x80][0xa5][0xae]|[0x10][0xf5]7[0xe][0x89][0x82]S[0x83]Y[0xde][0xcd][0x90][0x99][0xf2][0xb8]}[0xd5][0x9][0xad][0x4][0x80],[0xf7]([0xbe][0xec]`CL[0xff][0xf5][0xdd][[0x1f][0x1][0x9b]q[0x2][0xac]J[0x9b][0x91]"[0x1b][0xf2][0xe7][0xbc]H[0xa9][0xab]f[0x1e]M[0xff][0x99]Ex[0xdc][0xfc][0xbd][0x1f][#q8[0xbd][0xa2][0x8b]+[0xce][0x82][0x15][0x7][0xd8]t>[0x9e][0xf0]#[0xe9]/c[0x4].[0xf6][0x17][0xa4][0xd2])B[0xb][0xd1][0x14][0x11][0x19]T[0x8c][0x83][0xe4][0x9e]M[0x1e][0xa8]XW[0xf5])[0xc2][0x13][0xee][0xd9][0x4][0xfa][0x9f]F[0xe2]([0xb6]?[0x18]pKnd[0xed][0x8d][0xa7],f[0x1c]T[0xb9]a[0xaf]b[0xb0][0xe0]1O@[0xe][0xa9][0x8b]'[0xa5]}1[0xea][0xfb][0x1][0x86][0x8e]*[0x97][0xf][0xc3](_[0xfe][0xd4][0x1a][0xf9][0xbe][0x83]eO[0xe5]Y}q[0x92][0xf1]=[0x9e][0xae][0xc7]C[0xea][0x93]9[0x98][0x92]S[0xfe][0xea][0x90][0x1e][0xeb]ar[0x1] Az[0xc4]/x(bPHu[0xb4]'[0xf8][0xc4][0xf7][0xdf]B%[0xe4]Er[0xfc][0xde][0xf2][0x89]vH[0x3][0x87][0x92][0x97][0xbe][0xed]_p[0x8b][0x8b][0xc1][0xcc][0xf7]59[0xa8][0x13][0xe6]b[0xd2]?9Xm[0xd4][0xf6]=[0x8f][0x12]<<[0xcc][0xa0][0xf1][0x81][0x5][0xad][0xd7][0xc9]6[0x99][0x6][0xdf]h7[0xd7][0xda]z[0xca] [0x9d][0xbc]:[0xcc][0x1][0xe5]@K[0x9]I[0x1][0x87]Yh[0x88]pQ[0xe9][0x85][0x9e]|[0x9a][0xb8]&[0xe6][0x8a]K[0xf0]Seo!V[0xb9]Zgh[0xac][0xca]14[0xe3][0xa2]G2[0xa6]T[0xbc]W'7[0xa2][0xaa]M[0x91]D[0x8b]T[0xc][0xa0][0xe9]+@I[0x14][0x1e]u-[0xa6][0xf8][0xfd][0x9c][0xfc]9[0xce][0xe2][0xcd][0xaa][0x19][0xf6]w[0xee][0xae][a[0xd2][0x9d][0xa1][0xb3][0xab]m[0x81]4{e[0xa5]p[\r][0x8c][0x7]09[0xf7]D([0xbb]^v[0xbd]I[0xc6]S5<_[0xea][0xd8]j[0xa8]^>[0xba][0x10]^-[0xca][0xdf])RI[0xd1][0x8][0xe6]-2[0xf1][0xe3]4uV[0xe5]2>[0x82]*[0xc6][0x82][0xc0][0xf][0xc2][0x2]&[0x11][0xa2]U][0xbb][0xda][0xc3][0x17]l[0x92][0xbc][0x10][0x1][0x98][0xfc]P[0xce][0x0]0[0x94][0xa6][0xe3][0xb0]][0x19][0xa0][0x12]dW[0x83][0xaa][0x7][0x10][0xdf][0x6][0xb][0x4][0xc1]+[0x8]![0xa2][0xa6][0xde][0xc8][0xf7][0xd8]d[0xec]G[0x6]h[0xb0]t#[0x1e][0x18][0x2]C[0x15][0x93]d[0x9]#[0x17][\r][0x18][0x84][0x9][0x83][0xcf][0xcd][0xcc]dh[0x9e][0xcc][0xcc][\r]cyWrV[0xbe][0xb][0xb5][0xe3][0xb5][0xad][0xa9]|:[0x8e][0xac][0x11][0x9d][0x87][0xd7][0xe5]9[0xb4][0x8a][0xd9][0xf8]a[0x12][0xf1][0x8]9[0xea][0xa2][0x9a][0x10][0x91][0x99][0xbd][0x13][0x81]^c=[0x11][0x8f]Vv[0x95][0xb8][0xeb]U[0x94][0xa5][0xcc][0xce][0x9f]YT[0xf2]v[0xc0][0x99]cK,[0x8a][0xce][0x1e][0xb2].I[0xc9]{[0xb][0xe8]$T[0x0][0xdd][0xba][0x2]y[0x9b]D[0xe4][0xe5][0xa2][0xd0]i[0x99][0x95][0x96]}:&/[0xea][0x15][0x1d][0xab][0xa9][0xd8][0x82]s[0x0][0x14]R[0x8d][0x88][0xb8][0xdb]#[0xdf][0x11]f[0xc8][0xaf]x[0xd7][0xe8][0xb5][0x0][0x8][0xd8]o1[0xf][0xf0][0x92][0x97][0xc7][0xbd][0xb][0xea][0x88][0xa3][0xe5]#[0x1e][0x9a][0xa0][0x9b][0xe]E[0x80][0x9a]b"LU[0xb5][0xd5]cq[0xce]{[0x82][0x85][0x11][0xfb]j][0x83]R[0xd0][0xd5][0xde][0x90][0xcd].[0x84]P[0x80]7fH[0x5]^[0x89][0x15][0x1a]by[0xdd]$[0x84]xa?[0xe5][0xa0][0x1e][0xd0]Q[0x2][0xcb]]{J[0x15][0x9a][0xd3]UE[0xb4]U}u,![0xee][0xde]Y[0x2][0x88][0x88][\n]"
DEBUG wire -  << "[0xfe][0x1a][0xdd][0xa5][0xb4][0xca]t[0x87]Ud[0xff][0xc1]CJ[0xd5]=[0xb7][0xab]R[0x98][0xea][0xce]:M[0xb2][0xef][0xd2]So[0x1d]FC[0xbc]3[0x87][0x1d]F[0x89][0xaa][0xe2]![0xdd][0x95][0xcd][0xc4][0xb3][0x15][0xe2][0xac][0xe]Rj}V[0x7][0x15][0xb2][0xef][0xd8]A[0xd8])[0xe8]+[0x10][0xf0]2[0x80][0x16][0x8c][0xe7][0xe2];[0xf0][0xb0][0xd6][0xbc]kW)*[0xe6]vU[\n]"
DEBUG wire -  << "3g\[0xa5]0[0xf7]T[0x83]x[0x95]Ux[0x89]>[0xde][0xe]w[0xf1][0x12][0xd1][0xed][0xfb][\r]L[0xc7][0x84]#[0xb][0x7]Z[0xb9][0xb7][0xc4][0xbb][0x9a]i3;[0xc5]V[0xc1][0x1][0xaa][0xe6][0xe3][0x94][0xf]C#`*[0xad]8A[0xab]8[0x95]i[0xae]F[0xd4][0xf5]"[0xb0][0x98]?[0xb3]IW[0xdb]xi[0xff]k[0xe3][0xe8][0xd7][0xf][0x7][0xf8][0xf3][0xdc][0xff][0xa7][0xb5][0xd1][0xf9][0xc5]?2F[0xe7][0x9b]o[0xd7][[[0xb4][0xf9][0xf2][0xf3][0xd5]A[0xdf][0xf9][0xb7][0xa0]E[0xb6][0xe7][0x8e][0xcd][0xca][0xa9][0x1][0xb0][0x11][0xb2][0x86][0x15]b[0xff][0xa9]O[\n]"
DEBUG wire -  << "[0x14][0x8d][0x2]#[0xff]E[0x3][0x15]K[0x9e]$[0x8b][0x12][0x89][0x99];[0xf0][0xb][0xa4][0xf3][0xc7][0xfe][0xbd][0xeb]-[0x88][0x1e]t[0xfd])[0x3][0x87][0xed][0x95][0x94][0xbe],[0xae]_[0xc2][0xb4][0xbc]&[0x1b]q[0xdb]f^[0x85][0xd1]K[0xcf][0xe9]U[0x91][0xde]BF[0xb5][0xd4]C[0x9f]*u[0xd1],[0xfa][0xc5][0xe5][0x9e]H[0xaa][0x9d][0x11][0x9a]bZ[0xd7][0x8a][0xfb][0xf3]y35[0xa1]-{_DR[0xea]R[0xdd][0xaa][0xfd][0xc2]`[0x94]^A%[0x1b][\n]"
DEBUG wire -  << "[0xf9][0xb7][0xe1][0xc6][0xac]ZK[0xb6]vR[0xd9]T[0xf2][0xa2]:[0xda][l[0xbd][0xd3]Z[0xdb]hm[0xcf][0xa9][0xac][0xda]&[0x9e][0xdd]@[0x99][0xbb][0xa8]j[0xda][0xdc]`[0x9d][0xe6]fgs[0xa0][0x89]{[0x88]XJL[0xe]s[0xec]k[0xb][0xa6][0xa5]`[0xc0][0xaf][0x92]^Y[0xc9][0xe6][0x14][0xe5][0xfd][0xf8]iH[0x87][0x95][0x92][0xe3]w[0xcb][0x15][0xba][0x5][0xb0][0xa5]%[0xb9]G[0xc2][0xcb][0x12][0x95][0x16]V4[0x15]%F[0x1f][0xda][0xfe]9}[0xe1][0xc3][0xdb][0xdf][0x81][0xac][0xf4][0x9a]e[0xc][0x11][0xf1][0xe1]"C!M}[0xd7]B[0xb0]L[0x95]Y[0x88][0x8a][0x97]K#c[0xfc][0xa8][0x1f]~[0xcc][0xa2]2d[0xe6][0xd6]r[0xc3][\r]./f[0xe6]VG[0x9b]Z[0xc7][0xba]{[0x80][0xcc][0xad][0xa5]FmCt[0x8b][0x88][0xba]c[0x14][0xa7][0xf6][0xd6]R[0xe3]N![0xba]E[0x14][0xde]=f[0xd3][0xd6]R[0xa3][0x84]![0xba]E4> 8S{k[0xa9][0xb1][0x4][0x11][0xdd]bjo[0x13][0x89][0xa9]B[0x19][0x8c]'[0xe2][0xb3]2r[0x8c][0x8a]G[0xa5][0x17]~[0x11][0xe3][0x9f]|M[0xee][0x87][0x83]i[0xd8][0x9f][0x90][0xa9][0xdd][0x12][0xc][0xba][0xc1]x[0xe8]0y!B[0xc4][0xbb][0xf7][0xfc][0x1][0xf0][\n]"
DEBUG wire -  << "[0x17][0xd2][0xdf]c[0xee][0xb][0xc8]U[[0x1b]e[0xf3]|J[0xdf]I[0xb5][0xa1]v [0x8a]Zw[0xce][0xd7]#[0xca][0xb3][0x2][0x8c]h[0x9]r[0xbf][0xcf]H[0xe4][\r][0x9b][0xe4][0x9a]g[0xfa][0xcd][0x8e][0xf4]c[0x11]m[0xb3]s[0x9b][0x8f]E[0xc8][0x85][0xf4]<[0xd8]9[0xbd][0xa0]*N[0xfa]~[0xe3]G[0xb2][0xf7][0xf8][0xe3][0xe1][0xd1][0xc1][0xfb][0x83][0x8f][0xe4][0xc7][0xc6][0xca][0x5][\r][0xc8]x@[0xba][0xe4]Z[0xb][0xc7][0xd4][0xd5]v[0xae]5[0x10]:[0xe6]h;[0xda][0x8b]U[0x97][0x8c]b[0x97]z[0x8f]5][0x13][0xd3][0x1a]$[0xe][0xfa]-[0xd6]non[0xf][0xfa][0xda][0xcd][0xcd][0xae]([0x8e][0xd6]OOJ[0x92][0xc0][0x83][0xef]q[0x80][0x18][0x4][0x3][0xce][0x1a]g%[0x16][0x9c]![0xf][0xa8][0xed]r[0xef][0xac]![0xfe][0x18]X[0x4]? [0x1][0x15][\r][0xb8][0xe3][0xf4]<?[0xe2][0x16]Vw[0x8a][0xda][0xf5]][0xe2]*[0x9c][0xa0][0xb5][0x14]b4[0x14][0x11][0xa0][0x5]A[0x99][0xfd]XSt[0xa0]G[0x1]2$"[0xa0]?[0x9c][0xe][0x8c][0xd5][0xd2]wX[0xf][0xc3][0xce][0xc8][0xb0]\;[0x1a]$[0xbb]4[0xf4][0xbd]`[0x82]/[0xaa][0xda][0x83]w/z'[0x7][0xaf][0xf]}[0xfe][0xe6][0xdf][0xa2][0xde][0xe4][0xcb]1[0xc8]K[0xdc]g:[0xc1]o[0x14]k;[0x3][0xea][0x84]L[0xd7]"[0xb0][0xf5]J)[0xe2][0xa3][0x3][0x8][\r]f[0x9]{[0xe3][0x1d][0xe2][0xd7][0x91]T[0xee][\r]d[0xe3][0xb6][\r][0xe6]^`0[0x18][0x8b]B[0x83][0xa2] [0x86]r[0xae][0x8f]j,v[0xe5];@[0xaa][0xf]_i;[0x1f]5A[0xf1][0xe9][0x8][0x86][0x4]p[0x14]F[0xda][0xa9][0xf8][0xc2][0xad][0x96]V[0xa6]k[0xe2][0x1b]L[0xda]'][0xc3][0x90]A[0xd0][0x1c][0x19][0x1b][0x19]2xk[0xcb][0xc3][0xea]T[0x2]<[0xbd]}w[0xfc]O[0x80]x[0x1b][0xb0][0xb][0xee][0xc7]X[0xf8][0xf5][0xf1][0xbf][0xdf]C[0xca]k[0xb4]Cu[0xed][0xed][0xcb][0x83]_{[0xa7][0xef][0xf][0xde]a[0xda]i[0x84][0xd1]`D[0xfd]![0xd4]Ojo[0xeb][0x19][0xc8][0x9b][0xb7][0x2][0xc2][0x1f]O[0x1][0x9c]|x[0xf9][0xb2]wz[0xf8][0xee][0xf8][0xf8]5[0x80][0x88][0xbb][0xe0][0xf2][0xab][0xbc][0xa4]v[0x82][0xf9][0xef][0xf9][0xf0][0xea][0xf9])d[0xbd][0xc7][0x6]x[0x94];![0xa9][0xfd][0x8c]9[0x87]/[0xdf][0x9c][0x1e]C[0x86]`[0x1b][0xa9][0x1d][0x87][0x16][0xa6][0x1e][0xbf]{[0xf7][0xe6][0x9d][0x0]g[0x89]`[0x80][0x0]%[[0x12][0x16][0xf5]P[0x80][0xfa][0x8c][0xe0]~[0x1e][0xb3]M[0xb2][0xd7][0xf][0xce][0x1a][0xfb]D[0xad][0xc]D[0xe0]B[0xd0]!F[0xc8][0x11]_[0xe1]3A[0xd6][0x81][0xbf]P[0x1a][0xfb][0x0]Yr9[0xee][\r]a[0xc4]1[0x94][0x84]kM|[0x8e][0x9a]#[0x1b][0x93]N[0x13][0x9b][0x8a][0xa2]O[0xd3]B[0xaa][0x93]0$[0xdc]gUYc{0[0x9d][0xc][0xe9][0xf8][0xa1][0x1][0x16][0x8]l[0x0]r.[0x1e][0x16][0xb][0xb6]j[0xeb]Y[0xa2]e[0xce]*>nt[0xa6][0xbe]\[0x3]@[0x88][0x18][0xca][0xb1][0xfe]YC[0xd6]g[0x8e]"[0xd7][0xc1][0x86]K1[0x8f][0xf9][0x1][0x8c][0x4][0xdc][0xcc]rX[0xc4]^[0xb6][0x9a][0x9e][0x10]v[0xcf][0xc7][0xc2][0xd8][0x89]B[0x14][0x7][0x1f]X-^d<$[0x13][0xfa][0x1]\[0x11][0x9][0x0][0xf9]-[0x95][0xad]ra[0xba]`$[0x1e][0x8b][0x9d]4[0x11][0x95][0x99][0x6][0x18]K[0xe][0x1c]_[0x11]$J[0xc5]Rg[0xa6][0x18]u[0xde]$[0xab][0xe7][0x7][0xbb]T[0xcf][0x1d]0[0xe1][0x4]w[0xca][0x1c][0xd0]U[0xcc]F[0x1d][0x87][0x13]e[0xa8][0xde][0xcd]dH[0x3][0xc7][0xc4]Fo[0xda]J[0x90][0x9f][0x98][0xf5][0x1c][0x8e].2[0xbb][0xb2][0x18][0xb3]E[0xe9]_[0xfd][0x98][0x8c][0xe8][0x5]#[0x18][0x80][0xd3][0x1d][0xa3][0x84]Au[0x2][0x18][0x3]Ka<[0xa5][0x9]j)[0x16][0x9a]R[0xb3]1U:[0xec][0xe1][0xd7][0xc1]$BlPHT[0xba][0xd8][0xd9]t[0xe9][0x15]wc[0x97]H"[0x88][0xf8][0xb0][0x98][0x8c]v[0xc5]C[0xb1][0x9b][0x86][0xd8][0xbe][0xb0][0xc0][0xef][0xf5]'[0x91][0xf8]l[0x1e][0x13][0x92][0xe][0xb9][0xe2][0xa4][0xc][0xfc]Ej&fA[0x9c]A[0xe0]G([0xca][0xc0][0x3][0xb9][0xde]"[\n]"
DEBUG wire -  << "[0xe2]4![0xf4]l[0x10]LtY[0x83][0xc0]![0xc][0x5]x[0xc1]a2f[0x81][0x8b]g[0x7]mA[0x5]x[0x8]q[0x80][0x1b][0xa9][0x18][0xa6][\n]"
DEBUG wire -  << "[0xa3]{[0x1]F[0x80][0xea]Q[0xaf]'w[0xe4]K[0xa4][0x88]PZ[0x1e][0x11]y3)[0xc2][0xcc][0x9e][0xcb]\?[0x98][0xe4][0x19][0xfc]J[0xa4][0x90]$[0xa5][0xaa]8[0x11][0xdf]tC[0x9f][0x4][0xea][0xcb]p[0xd9][0x1c][0x94]#n[0xa5][0x86]y|[0x82]0[0xf8][0xdf][0xc1]#[0x15][0x81][0xd8][0x98]*p[0x1c]Y=[0x8b]F[0xb5][0xd1][0xd5][0x13][0xdb]R[0x80][0xeb][0xc0][0x93];T[0xc4][0xb7][0x84]U[0x8f][0x9f][0xfc][0x94]1[0xc2]D[0xb7][0x99]3u[0x9][0x88]3[0xf]CP[0x17]=[0x9][0xd9][0x93]c[0x19]4[0x15][0xcc]k[0x97][0x14][0xe6]7[0xd4]S[0x3]>[0x8c][0xa5][0xe9]'[0xab]I[0xf1]%[0x7]"[0xb0]*[0x8c][0xbb][0x86]K[0x98]8y[0xf1]0[0x12][0x9f];[0xc2][\n]"
DEBUG wire -  << "[0x14][0xe2]J[0x81]u[0xe9][0x84][0xe0][0xa7][0xf][0x12][0xf1]j[0xa5][0x9c]Cm[0x92]6[0xef][0x97][0xf7][0xef][0xdf][0xaa][0x9a]3[0x84][0x3][0xd0][0xbb][0x2][0xd1][0x7]YV[0xbe]#[0x0]x[0xbd]2P[0x8e][0x1]2[0xb][0xc3][0x9e]e"[0x96][0x6]U[0xfb][0xa1][0xf5]_a[0x1f]W([0xa1])[0x12][0x90][0x5]?[0xb4][0xff]+,[0xe1][0x15][0xe3][0xca][0xbe][0xcb]p[0x81]<[0x8c][0xc3]l[0x88][0xea][0x12][0xcc][0xe4]r[0x4][0xb3]J[0x1c][0xca][0xe][0x13][0x8b][0x8a][0xaa]r!=~[0xca][0x81][0x17]o[0xb2][0xf6]'B[0x9f]f[0x9e]&[0xa3] [0x5][0x11][0xc3][0xdb][0xc2][0xbb]J[0x8e]l[0xfe][0x89]<[0xb5][0x86][0x9][0x92]G[0xaa][0x1d]0[0xad][0xe2]U[0xe6][0x8c][0x8b]*[0xc1][0x94]V[0x7][\n]"
DEBUG wire -  << "[0x7][0xe4][0x1d][0xa9]'[0x98]v[0x82][0xd8][0xb3]Fbz[0xd1][0xe][0x93][0xe7][0xb3][0xb8][0xdd]lo[0x8][0xb1]D}[0x8c][0xd8]\[0xff]B* l8[0xc8]B8B[0x8c][0x82][0xbe]^[0xca][0x80][0xc3][0xa2]-[0xeb][0x87]P[0xfc][0xb5]A[0x81][0x85][0xaa][0x1f][0xb1][0xac][0x12][0xde]D[0x13][0xe2][0x17][0xcd]z[0xc9][0xa7][0xe3][0x14][0x16][0xa1][0x11][0x85][0x84][0x6][0xee][0xab][0x10]1[0x1e][0x80][0xe0][0xe2][0xf6]n[0x18][0x7][0xec]YJSO[0xe8][0xb6]_Y[0x88]Q[0xb]1[0x81]p[0xb4][0x16]$Gd[0xe6]k_W[0x1c][0x92]yr]gG[0xeb]o[0xad][0xaf][0xd1]v[0xdf][0xee][0xb7]![0xf1]av\[0xa2][0xcb]o7iVby&[0xc8][0xea][0xae]o[0xb6][0x9b][[0xeb][0xcd][0xbe][0xb5][0x8e][0xbd][\r][0xfe][0xcc][0xa8][0x17]^[0xe]z[0x8b][0x91]&[0xdf],;k[0xe0][0x14][0x9b][0x10][0x94]=[0x99][0x2][0x99][0x9][0xc8][0xa4][0x18]Eb[0xb2][0xff]x-?][0x83][0xfc]E[0xe7]F[0xd8][0xbf]0[0x95]`[0x9f]^EJ[0xb9]A[0xe6][0x8f][0xda][\r]Xq2[0xe0]8M[0xcc][0x6][0x1d][0xdb][\n]"
DEBUG wire -  << "[\n]"
DEBUG wire -  << "[0x81]Q[0xb7][0x97][0xb4]_[0xa6]_[0xd2][0xc0][0x93]r[0xf0]J[0x8d][0x1b][0xf][0xc]*[0x18][0x16][0x18][0x87][0x11][0xf1][0xa3]^[0xb7]FhW[0x83][0xd8][0xe3],[0x95][0x88]<[0x9a]Rb$M[0x92]iO[\r])[0xbb]0[0x1c][0x5][0x88][0x18][0x84]B[0xfd]L[0xeb]A[0x94]J[0x9c]^R[0xc4][0xbf]N[0xe1][0xc3][0xf9][0xc2][0xc3][0x88]<[0xe8]S[0xa4][0xf3]Q[0x15][0xaa][0x9b][0xbf][0x5][0xf5]oA[0xfd]n[0x5]u[0x9]~[0xaa][0xd4][0xef][0xc9][0xb6]Z:[0xe9][0xe][0xf8][0x95]h[0xa4]:D[0x83]AW1[0x96]+L[0x14]3[0x84][0x17][0x17][0xd7]S[0x83][0x14][0xbf][0x93]([0xb9][0x92]09[0x99][0x10]du[0xd0]a[0xe8][0xf1][0xb][0xf2][0x93][0x8d]<([0xc6][0xc3]t[OZ9.[0x8d][0xd0]w[0xd5]l[0x9f]ICP&[0x88][0xe5][0x4].[0xe3][0xa5][0xca]b[0x98]'[0xd2]pP[0xc6][0xf2][0xd4][0xe][0x92][0xa8][0xd0][0xa1]M[0x14][0x8b]8[0xb6][0xb8]i+[0xec]2[Z[0x12]b]B[0xcc]a[0xd4][0x1]R[0xed][0x9]8ujz[0xaf][0x9c][0xc3][0xbe]#[0x8e]'[0x1a][0xe8]4[0xee]Ok/[0xf1]p[0x89][0xf7]>[0xa1]"[0xa5][0x99][0x84]-[0xa3]V[0x98]qS;=RI*t[0xdd][0x94][0x82]+[0xb0][0xab]P[0x1a]Y6[0xc6][0x8f][0xbe][0xa7][0xcb]2[0xaa][0xc9][0x87][0xb2]^[0xb1][0xb1]{([0xeb][0x5][0xbb][0xf2]@[0x6][0xbc]}+[0xf6][0x6]x[0x10]F[0xe9][\n]"
DEBUG wire -  << "[0x8d]\[0xe7]:[0xc1]e[0xae]7[0xd9]z[0x91]d[0x98]\^[0x9][0xf0]3[0xa1][0xa0][0x0][0xd5][0xce][0xdf][0xad]T!~[0xac][0xf2][0xac][0xb0][0x86][0x6].l[0xeb][0xac][0x81][0xdf][0xea][0x93][0xc7]P[0xce][0x1a][0xda]M[0xd6][0x9][0x1b]l[0xab][0xb9][0xc1][0xb6][0xb7][0xd6][0xa8][0x18][0x94][0xd9]7[0x14][0x87]z_[0xb7][0xeb][0xd7]H[0xa9][0xd5][0xed][0x8b]@[0xda]_[0xbf][0xf6][0xab]?a([0xe][0xf9]iu[0xfd][0xa8][0xab][0x9][0xb1];[0x8d]P`[0xf5][0xe3].x[0xbc]"![0xc4][0x4][0xb9])[0xad][0xe9]'][0xed][0xe8][0xcd][0xab]C[0xe9][0x91][0xbf][0x14][0xaa]C[0xd3][0xee]j[0xd4][0xb6][0x8f]/0[0x9][0x8c]w[0xc]'[0xaf][0xe9][0xbf]t[0xc1][0x1f][0xf][0xce][0x8b][0x1f]G[0xbb][0x9]edP[0xab]_[0xff][0xd7][0xcb][0x83][0xe7][0xa6][0xec][0x94][0xda]-[0xbe][0x8f]z[0x9e]|C7[0xf9]`[0xf1]y[0xa8][0xd5][0xcd]K[0xca][0xa3]Z[0xfd][0x1]h[0xc][0x97][0xf][0x91][0xd1][0xe2][0xb3][0xc7]wBy[0x9b]EO[0xa8]M}[0xd1][0x10][0x17]#%[0xfe];#[0x9e][0xf5][0x15]d@[0xde][0xe7]"|.[0xc]m[[0xc4][0xd4][0xb9]][0x5][0x15][0xcc][0x88]y[0x3][0xb4][0xfe][0x12][0xb8]p[0xcf][0xf]N?[0x84]p[0xd0][0xbb]l[0xcc][0xad][0xcf][0xe0][0xf0][0xdc][0x99][0xfc]j[0x8c]r[0xcf]wY[0xd8]\[0xfc][0xaa][0xc1][0xb2][0x90][0xc9][0x8f][0xb]<[0xc][b[0xfe][0x0]eW[0xfc][0x81][0x94][0xa5][0xb8]R[0x9b]j9[0xe8]@[0xd1][0xd8][0xe][0x98]c[0xf][0x97][0xc8][0xaa]oZ[0x9f][0xe7]?[0xc8][0x1d][0x81]v[0x92][0xf2][0x83][0xe3][0xc8][0xf7][0x1e],[0x90][0xa1][0x1f]D[0xb8][0xd6][0xfe][0xcd]h/szYx[0xb][0xdf]T_2[0xfa][0xdb]|F[0xfc]~[0x8c]W[0xc7][0xa6][0x8c][0x80][0x8d][0x9d][0xc9]=[0xa8][0x16];paC[0xee][0xd7]'4[0xf7]}?[0xc2][0x5][0xa8][0xb1]P[0xb3][0xc9][0xcb][0xb2][0xb0][0x3]N[0x89][0xe0][0xc1][0xb2]6[0xf6]C[0x8e]S[0xea][0xd2][0x94][0x15][0xf3][0xe2][0x87][0xe1]BK[0xb3][0xd5][0x9a],[0x8b] [0x9a][[0xa5][0x18][0xb7][0xc2]x8[0xc4][0xaf][0xab]?@[0xae]g[0xcf][0xc4]y[0x3][0xf3]>[0xf3]0[0xbc][0x8a][0x1b]%[0xd5][0xd4][0x15]?[0x4]-.[0xd5][0xa5][0x87][0xec][0x1a]t[0xcc][0xa1][0xc4][0xb3][0x91][0xd3]e^[0xef][0xc3][0xe9]}[0x1a]6[0xc3]v[0x91]xdsvo~[0xa9][0xe5][0xbe][0xae][0xcd][0x7]5[0xb1][0xf7][0xa0][0xe1]w?[0xc4][0xeb]c[0xeb]c[0xf3]S[0xfd][0xfa][0x97][0xec][0xeb][0xda][0xa6][0x85]+[0xd9]Lo[0xaf][0xd7]w[0x3][0x16][0xc5][0x81]wcu[0x11][0xea]Fl[0xb3][0x82]IZ[0xfc][0xc8][0xb6]&[0xeb][0x3]+[0x94]u[0xc5][0xc6][0xd3].5}[0xf]U][0x97]~<[0xfe][0xd4]-V_[0xa3][0x1f][0x8f]>=}[0x8a][0xbf][0x1f]wq'^[0xca][0x88][0x96]%I[0x9f]V[0xab][0xfd][0xca][0xea][0xd7][0x92][0x0]"7[0xb4][0x8a]x[0xbd][0xd8]qvY[0x17][0xdd][0xf4]][0xb0]Lo[0xd4][0xf7][0xbb][0xef]$[0x17]6[0x1b]0\47[0xb2][0xcd][0xe9]0'[0x1e][0xe][0xed][0xab][0x9e]U[[0xdf]MsM[0xdb][0xb5][0xca][0x1f][0x5][0xb7]L[0xe1]`[0x1c][0xe2][0xe7]>[0xeb]7z[0xb3][0xbe][0xb][\r][0xed]Cs[0xba][0x82][0xc8][0xa7]O[0xfb][0x1f][0x6][0x1e][0x8b][0x14]-Y[0x1][0xdd][0xc5][0xc4][0xda][0x89]n[0xe7][0x19][0xd4]7[0x3][0x86][0xb][0xa8][0x5]s[0x1c][0x81]t[0xc1][0x81][0xfa][0xae][0xc4][0x91]r[0xed]F[0xa5][0xdf][0xdc][0xd4]k[0xe8][0x88][0xa6][0x9f]$[0xaf][0xef][0xae]4~$[0x9f]>[0xed][0x93][0x1f][0x1b][0xe9][0x97][0xc1][0xf7][0x1a][0xf8][0x89]o[0xf1][0xc9][0xef][0xc8]u[0xf0][0x93][0xdf]x[0x9e][0xeb]h[0xe2]Q[0x97][[0xf2][0xbb][0xde][0xe2]sR4[0x92][0xab][0xd2]kf[0xbb][0xd5][0xc2][0x9d][0x16][0xdf][0xc3]O[0x83][0x88][0xaf][0x85]c[0x89]C[0xe1][0x19][0x96][0xb][0xf4]'[0xe4]_o[0x8d][0xd3]x[0xc]CM@[0x10]p[0x19][0xda][0xcd][0xd6][0xb6][0xd1]l[0x19][0xad][0xe]im[0xed][0xb4][0xb6]wZmysF [\n]"
DEBUG wire -  << "[0x11][0x18][0xfc]F[0x4][0x86][0xd4][0xff][0xb][0xb4][0xea][0xce][0x89][0xf][0xc6][0x0][0x0]"
DEBUG RequestSpecificationImpl$RestAssuredHttpBuilder - Parsed data to instance of: class org.apache.http.conn.EofSensorInputStream
DEBUG RequestAddCookies - CookieSpec selected: default
DEBUG RequestAuthCache - Auth cache not set in the context
DEBUG PoolingHttpClientConnectionManager - Connection request: [route: {}->http://localhost:2064][total kept alive: 2; route allocated: 1 of 2000; total allocated: 2 of 2000]
DEBUG PoolingHttpClientConnectionManager - Connection leased: [id: 1][route: {}->http://localhost:2064][total kept alive: 1; route allocated: 1 of 2000; total allocated: 2 of 2000]
DEBUG MainClientExec - Stale connection check
DEBUG wire - http-outgoing-1 << "[read] I/O error: Read timed out"
DEBUG DefaultManagedHttpClientConnection - http-outgoing-1: set socket timeout to 10800000
DEBUG MainClientExec - Executing request GET /session/e9c2f5b492893b90288674161d6e7d46/element/0.01484094461664287-2/attribute/href HTTP/1.1
DEBUG MainClientExec - Target auth state: UNCHALLENGED
DEBUG MainClientExec - Proxy auth state: UNCHALLENGED
DEBUG headers - http-outgoing-1 >> GET /session/e9c2f5b492893b90288674161d6e7d46/element/0.01484094461664287-2/attribute/href HTTP/1.1
DEBUG headers - http-outgoing-1 >> Cache-Control: no-cache
DEBUG headers - http-outgoing-1 >> Host: localhost:2064
DEBUG headers - http-outgoing-1 >> Connection: Keep-Alive
DEBUG headers - http-outgoing-1 >> User-Agent: Apache-HttpClient/4.5.3 (Java/1.8.0_161)
DEBUG headers - http-outgoing-1 >> Accept-Encoding: gzip,deflate
DEBUG wire - http-outgoing-1 >> "GET /session/e9c2f5b492893b90288674161d6e7d46/element/0.01484094461664287-2/attribute/href HTTP/1.1[\r][\n]"
DEBUG wire - http-outgoing-1 >> "Cache-Control: no-cache[\r][\n]"
DEBUG wire - http-outgoing-1 >> "Host: localhost:2064[\r][\n]"
DEBUG wire - http-outgoing-1 >> "Connection: Keep-Alive[\r][\n]"
DEBUG wire - http-outgoing-1 >> "User-Agent: Apache-HttpClient/4.5.3 (Java/1.8.0_161)[\r][\n]"
DEBUG wire - http-outgoing-1 >> "Accept-Encoding: gzip,deflate[\r][\n]"
DEBUG wire - http-outgoing-1 >> "[\r][\n]"
DEBUG wire - http-outgoing-1 << "HTTP/1.1 200 OK[\r][\n]"
DEBUG wire - http-outgoing-1 << "Content-Length:92[\r][\n]"
DEBUG wire - http-outgoing-1 << "Content-Type:application/json; charset=utf-8[\r][\n]"
DEBUG wire - http-outgoing-1 << "[\r][\n]"
DEBUG wire - http-outgoing-1 << "{"sessionId":"e9c2f5b492893b90288674161d6e7d46","status":0,"value":"http://pros.unicam.it/"}"
DEBUG headers - http-outgoing-1 << HTTP/1.1 200 OK
DEBUG headers - http-outgoing-1 << Content-Length:92
DEBUG headers - http-outgoing-1 << Content-Type:application/json; charset=utf-8
DEBUG MainClientExec - Connection can be kept alive indefinitely
DEBUG PoolingHttpClientConnectionManager - Connection [id: 1][route: {}->http://localhost:2064] can be kept alive indefinitely
DEBUG PoolingHttpClientConnectionManager - Connection released: [id: 1][route: {}->http://localhost:2064][total kept alive: 2; route allocated: 1 of 2000; total allocated: 2 of 2000]
DEBUG BasicClientConnectionManager - Get connection for route {}->http://pros.unicam.it:80
DEBUG DefaultClientConnectionOperator - Connecting to pros.unicam.it:80
DEBUG RequestAddCookies - CookieSpec selected: ignoreCookies
DEBUG RequestAuthCache - Auth cache not set in the context
DEBUG RequestTargetAuthentication - Target auth state: UNCHALLENGED
DEBUG RequestProxyAuthentication - Proxy auth state: UNCHALLENGED
DEBUG DefaultHttpClient - Attempt 1 to execute request
DEBUG DefaultClientConnection - Sending request: GET / HTTP/1.1
DEBUG wire -  >> "GET / HTTP/1.1[\r][\n]"
DEBUG wire -  >> "Accept: */*[\r][\n]"
DEBUG wire -  >> "Host: pros.unicam.it[\r][\n]"
DEBUG wire -  >> "Connection: Keep-Alive[\r][\n]"
DEBUG wire -  >> "User-Agent: Apache-HttpClient/4.5.3 (Java/1.8.0_161)[\r][\n]"
DEBUG wire -  >> "Accept-Encoding: gzip,deflate[\r][\n]"
DEBUG wire -  >> "[\r][\n]"
DEBUG headers - >> GET / HTTP/1.1
DEBUG headers - >> Accept: */*
DEBUG headers - >> Host: pros.unicam.it
DEBUG headers - >> Connection: Keep-Alive
DEBUG headers - >> User-Agent: Apache-HttpClient/4.5.3 (Java/1.8.0_161)
DEBUG headers - >> Accept-Encoding: gzip,deflate
DEBUG wire -  << "HTTP/1.1 200 OK[\r][\n]"
DEBUG wire -  << "Date: Mon, 14 Jan 2019 17:23:54 GMT[\r][\n]"
DEBUG wire -  << "Server: Apache/2.4.18 (Ubuntu)[\r][\n]"
DEBUG wire -  << "Vary: Accept-Encoding,Cookie[\r][\n]"
DEBUG wire -  << "Cache-Control: max-age=3, must-revalidate[\r][\n]"
DEBUG wire -  << "Content-Encoding: gzip[\r][\n]"
DEBUG wire -  << "Content-Length: 11579[\r][\n]"
DEBUG wire -  << "Keep-Alive: timeout=5, max=100[\r][\n]"
DEBUG wire -  << "Connection: Keep-Alive[\r][\n]"
DEBUG wire -  << "Content-Type: text/html; charset=UTF-8[\r][\n]"
DEBUG wire -  << "[\r][\n]"
DEBUG DefaultClientConnection - Receiving response: HTTP/1.1 200 OK
DEBUG headers - << HTTP/1.1 200 OK
DEBUG headers - << Date: Mon, 14 Jan 2019 17:23:54 GMT
DEBUG headers - << Server: Apache/2.4.18 (Ubuntu)
DEBUG headers - << Vary: Accept-Encoding,Cookie
DEBUG headers - << Cache-Control: max-age=3, must-revalidate
DEBUG headers - << Content-Encoding: gzip
DEBUG headers - << Content-Length: 11579
DEBUG headers - << Keep-Alive: timeout=5, max=100
DEBUG headers - << Connection: Keep-Alive
DEBUG headers - << Content-Type: text/html; charset=UTF-8
DEBUG DefaultHttpClient - Connection can be kept alive for 5000 MILLISECONDS
DEBUG RequestSpecificationImpl$RestAssuredHttpBuilder - Parsing response as: text/html; charset=UTF-8
DEBUG wire -  << "[0x1f][0x8b][0x8][0x0][0x0][0x0][0x0][0x0][0x0][0x3][0xed]}[0xf9]~[0xdb][0xb6][0xd2][0xe8][0xdf][0xf1]S [0xcc][0xd7]XjIj[0xb1][0xbc][[0xce]q[0xbc][0xb4][0xb9][0xbf]l7N[0xce]9[0xfd][0xe2]|[0xfa]A$$[0xc1][0xe1][0xa2]r[0xb1][0xad]8~[0x97][0xf3][0xe][0xf7][\r][0xfa]dw[0x6][0x0]WQ[0x92][0x17][0xa5]m[0xee][0xad][0xdb][0xd8]$0[0x18][0xc][0x6][0x83][0xc1][0xc][0x96][0xe1][0xde][0xe3][0xa3]7[0x87][0xef]}{LF[0x91][0xeb][0xec][0xaf][0xec][0xe1][0x1f][0xe2]Po[0xd8][0xd5][0x98]g|8[0xd5][0xc8]8`[0x3]~[0xd5][0xd5][0xfc][0xe1][0xe][0x0]E[0xe3][0x9d]F[0xc3][0x1f][0x8e]M[0x97]5[0xbc][0xf0][0x89][0xb6][0xbf][0x2]e[0x18][0xb5][0xf7]W[0x1e][0xed][0xb9],[0xa2][0xc4][0x1a][0xd1] dQw[0xf5][0xc3][0xfb][0x13]ck5M[0xf7][0xa8][0xcb][0xba][0xda][0x5]g[0x97]c?[0x88]4b[0xf9]^[0xc4][0xbc][0xa8][0xab]]r;[0x1a]umv[0xc1]-f[0x88][0x17][0x9d]p[0x8f]G[0x9c]:FhQ[0x87]u[[0x1a]bq[0xb8][0xf7][0x99][0x4][0xcc][0xe9]j[0xe3][0xc0][0x1f]p[0x87]id[0x4][0xa4]u5E[0xd4][0xd0][0x1d][0xf]M?[0x18]6[0xae][0x6]^[0xa3]%[0xca]<[0xda][0x8b]x[0xe4][0xb0][0xfd]_|[0x97][0x11][0x83][0xbc]}[0xf7][0xe6][0x14]Y,[0xc]YH[0xa8]g[0x93]S[0x16]`[0xbd]!yI[0xfb]{[\r][0x9][0xbd]Br?{[0xa1][0x15][0xf0]qD[0xa2][0xc9][0x18][0xc8][0x8f][0xd8]U[0xd4]8[0xa7][0x17]T[0xa6]j[0x84][0xdb][0xd0][0x80]q<0[0x90]e1[0x1d]2C[0xe5][0x14][0xb1][0xe0][0xcf][0x5][\r][0x8][0xb][0x2]?[0xe8][0x85]Q[0xd0][0xf3][0xfb][0xe7][0xa4]K[0xae][0xa7][0xa0][0xf0]g5`[0xbf][0xc5]<`[0xf6]*[0xd9]![0xab]<$[0xe9][0xbb]^[\r][0xef][0xf2][0xd0][0xa5][0x91]5[0x12][0xf0][0xb6][0xf][0xcd][0xf1][0xfc][0x88][0xc8][0xa4][0x19]E.[0xa8][0xc3]m[0x1a]q[0xdf]K*[0xc1]""uu[0xaa][0xc4]M[0x91]%[\r][0xd9][0xc6]b[0x13]W[0xf6][0x1e][0x1b][0x6]y?[0x2]L![0x8f][0x18][0x81][0xbf][0xfe]8[0xe2].[0xff][0xc2]lr[0xc9][0xa3][0x11][0x89]F[0x8c][0xfc][0xea][0xd3]0"[0xa7][0xc7]o[0xc8][0xd8][0x89][0x87][0xdc]#[0x17][0xdb]f[0x7][0xba][0x6][0xfb]0[0x84]N[0x9c]`[0xbe]i[0xf9]n[0xe3][0xd2][0xf]l[0x10][0xbd]0lH[0xc8][0xb0][0x11]2[0xbf]A[0xc][0x3][0x84]4[0x13][0x5][0x8b]z[0xbe][0xc7]AJJ[0xc2][0x0]"[0x12][0x9a]1[0xe6][0xb8]&[0x8f][0x1a][0x1a]i@1![0x87][0x90]3fA4[0x11][0x2][0xed][0xf8](`9ad^[0xf]e[0xbe][0x1a][0x1a]e /[0xb8][0xac][0x8f]-[0x9d][0x9][0x8d][0xc2][0x94][0x3][0xbf][0x9d][0x10][0xce][0xc2][0x16][0x7]N[0xe][0xd7][0xdd]Z[0x89]T[0xf6]p[0xfc][0xe5]0[0xdc][0x93][0xc][0xee][0x82][0x8c]/$[0xe4]rl([0x88]F<v|j[0x87][0x8d]v[0xb3][0xb5][0xd9]h5[0x1b][0xfd]8[0xe4][0x1e][0xd4]i[0xb0][0xc1][0x80][[0x9c]y[0xd6][0xc4]h5[0xdb][0x9d][0xab]N{[0xcd]<[0x1f][0xf][0xe7]V[0xbc]#[0xd4]C[0xae]z,9[0xbf][0xc4][0x88][0xf1][0xe1]([0xaf]n[0xa0][0x9e]\[0x9][0xa9][0x95]"[0x90][0xcf][0x88][0x5];[0x16][\r][0xec][0x1c]h[0x18][0xbb].[\r]&3[0xc1][0x1f][0xdc][0xc3]Et[0xdf][0x82][0xb7][0x19]K[0xf3]zl[0x95][0x8e][0xc7][0xe] [0xc4][0xe1][0xdf]p[0xec][0x9f][0xce]CP[0x3][0xfb][0xd7][0xda]?[0x4][0xe6][0xab]H[0xdb][0xd1][0x92][0x1][0x19]Z#[0xe6]R[0xd4][0xab][0x9a][0xae][0xfd]C[0x8c][0x80][0x1d][0xed]_[0xac][0x8a][0x92][0xf])[0xdc]V[0xc0][0xd3][0x94]>I[0x6][0x88][0xae][0xa1][0xf4][0xce][0x2][0x83]l![0x9b];[0xb]eR[0xd7][0xc6]>6[0x1c]f[0x86][0x3][0xb]i[0xd7]v[0xae]S[0x9a]N[0x19][\r][0xac][0x91]J[0xd7][0xb5][0x88][0x6]C[0x16][0xcd][0xac][0xf4]Y[0xd8][0xbd][0xe]E[0x89][0x1e][0xb0][0xde]E[0x95][0xcc][0xbd][0xe1][\r][0x14][0xfc]-f[0xc1][0xc4][0xe0][0xde]8[0xc6][0xd2][0x89][0xe6][0x95]]5]B[0xbb][0xb9][0xc9][0xd4][0xe1]Ry[0xfc]&[0x18]R[0x8f][0xa1][0xaa]=[0xb]8[0x18][0x2]y[0x7][0xa1][0xb6][0xf3]1EzyyiN[0xfc]8[0x8a][0xfb]L[0xe8]S[0x98][0x97]=[0x8f]9[0x8d][0xf][0x87][0xbd][0xc3][0xdf][0xae]^EG[0x83][0xe0][0xe7][0xff][0xbe]|3[0xfc][0xef][0xdf][0xfa][0xfd]&[0xf3][0x87][0xda][0xa7][0x5][0xbd][0xe9][0x17][0x9][0xba]u[0x9f]9[0xfe][0xd0][0x7]@-[0xcf][0xa8][0x9c][0xf4][0xf]}[0xe8][0xc0][0xb4][0x9][0x82]b\[0xb0][0x80][0xf][0x14][0xcf][0xf2][0x8a][0xf6][0xe7]h-|s[0xf8][0xbf][0xb6]^[0x9c]l[0xad]o[0xbf]::y[0xf3]a[0xbc]M[0xff][0xfd][0xe1][0xf4][0xc8][0xde][0xee]M[0xb6]_[0xfc][0xbb]s[0xfc][0xe5][0xcd][0xeb][0x17][0xbf][0x9c]n[0xbd][0x92][0xb2][0x8e]3Qcj[0xae]1[0xc5][0xe4][0x91][0x9b]=Vm/4[0xd0][0xbc]ab[0xee][0x14][0x13][0xc8]j[0xa3][0xe1][0xd2]+[0xcb][0xf6][0xcc][0xbe][0xef]G[0xd0][0xc9]t[0x8c]/[0xc0][0xc1]U[0x81]zQ[0xe1][0x1][0x10][0x1d][0x9a][0xb2]Qt[0xcc][0xc3][0xdb][0x97][0xc][0xcd]K[0x14][0x81][0x12][0xb0]F[0x1d][0x10]7[0x8f][0xe2]<#m[0x90][0xbc]\[0x5]a[0xf8][0xd3][0x95][0xb]3[0x83]PE[0xb][0xb5]:y[0x1a][0xd0][0xdf]b[0x97][0x9c]0f[0xcf][0x9f]1[0x7][0x0][0xa1]&[0x94]oL[0xcb][0xa1][0xef][0xba][0xd0][0xcd][0xe1]-[0x88][0xb2][0x14]h[0x8e]:[0xb0][0xf1][0xe6]Zh[0x8][0xf1][0xe8][0x92]{[0xb6]i[0xf6].[0xc7][0xcc][0xf5][0xcf][0xf9])[0x8b]"[0x18][0xbb]![0x1a]`Z[0x9f][0x86][0xec]C:[0xb8][0xc2][0x9d][0xb3][0xc6]Y[0xd2][0x15]g[\r][0xa1][0x92][0xc3]3[0xa8]8`g[\r]Q[0xf8][0xc]l[0xcb][0xb3][0xc6]f[0xfb]j[0xb3]}[0x86]#O[0xe]es[0xec][0xe1][0xe0][\r]/[0x86]w[0xc7][0x5][0x85][0x4]&[0xf8]{,[0x91][0xc1][0x13][0xbe][0xfb]q`1[0xd4]q0[0x12][0x80][0xc9][0xa2]H2>[0x11]u[0x91];g85p[0xcf]rb[0x1b][0xab]9[0xf]E[0x82](d@[0xef]1h[0xa7][0xe9][0xc2](8[0xf][0x9f][0xc1]8[0xeb][0xae][0x9b]M[0xb3][\r][0xea]k[0x17][0x19][0xf4]x[0x10]{Bs[0xd6][0xa8][0xde][0xd7][0xad][0xfa]u[0xf2]NlL[0xa9]_[0xa3][0xf1]juO[0x85][0xce]3[0x7][0x81][0xef][0x1e][0x82][0x99][0xe8][0xdb]l[0xd7]1-[0xc0][0x1d][0xbc]cVTk[0xea]M[0xfd][0xb3])m[0xf8][0xcf][0xa6][0x9c]z[0xeb][0xba]c[0x82][0xb5][0xee][0xbc][0x7]F[0xd5],[0x13]%fR[0x8b][0xc0]L[0xd4]i[0x1d][0xc0][0x9b][0xf5]][0xc4]mw?[0x9b][0x91]D#[0xfa][0xe1][0xdd][0xcb]Z[0xfd][0x1]X[0xfb]9[0xac][0xac][0x84]5`Q[0x1c]@[0x9b][0xba][0xdd].[0xbb]I[0x9b][0xc8]jT6[0xb0][0xbf][0xcb][0x7][0xb5][0xc7][0xce][0xd7][0xaf][0x8f]3[0xe4]uY[0xe6]qk7[0x84]i[0xda][0x1a][0xd5][0x1c][0x13]E[0xec]9p[0x13][0xc6][0x5][\n]"
DEBUG wire -  << "[0x9c]?[0xd6][0x90][0x18][0x1f]5[0xd5]F[0xb3]I[0xd6][0xda][0xe3]+r[0x10][0xc0]$[0xa5]A[0x13][0xaf]-[0x80][0xd4][0x6][0xe][0x1d]j;[\n]"
DEBUG wire -  << "U[0xad][0xdf][0xb5]k[0x1f][0xd7][0xd7][0xd7][0xd6]7[0xf4][0xf5][0x8d][0xad]6[0xfc]N[0x9e][[0xdb][0x9f][0xf4]B[0xce]V[0xbb][0xb9]V[0xc8][0xae][0xd7][0x9f]>- [0xd8]\[kC^[0xab][0xbd][0x5][0xbf][0xc1][0xb8][0xc9][0x9e][[[0xb9][0xf4]V[0xf6][0xbc][0xd6][0xac][0x86][0xef]lf[0x95][0xb][0xac][0xb2][0xf2][0x1c]h1[0x1][0xf0][0x97] Z[0xa5][0x4][0xa8]i[0x1][0xe][0xa8][0xb3][0xae]?[0xee][0xd7]w[0x5][0x9b][0x94][0x84][0xab]nJ[[0x89][0x90][0x9b][0x1b]M}{s[0xbb][0xad]o[0xac]7[0xd7][0x12].%[0x19][0x2]g.[0x17]Q[0xde]$[0x1d][0x97]u[0xf4] [0xe9]h[0xab][0xdb]7[0xad][0x80][0xc1][0x90]:v[0x18]j[0x94][0x9a][0xa6][0xd4][0x5][0x10]b[0x86][0x81][0xd5][0xa5][0xba]e[0xda][0xa0][0xa1][0x83][0xae]eV+[0x16][0xbd]o[0x82][0x81][0xa1][0xca][0x87][0xcf]'[0xef][0xe9][0xf0]5Lh5[\r][0xbd]a[0xad][0xfe][0xb1][0xf9][0x9][0xa5][0x92]y[0xf6][0xe1][0x88];v[0xcd][0xaa][0xdf]`[0xcd]C}[0xa4]s[0xfd]\[0xff]<M[0x1][0xb8]2[0x80]\[0x3][0xc9][0x6][0xa9][0x5][0xd4][0x87][0xd2]Nx[0xfa]4[0xff]V[0xd3][0xda][0x80]|w[0xe0][0x7][0xb5][0xf3][0xee]A[0x10][0xd0]IM[\n]"
DEBUG wire -  << "[0x97][0xae][0x98]W[0x7][0xc2][0xc3]x[0x8c]>6[0x98]8[0xc]F[0xfa][0x4][0x86][0x85]7[0xdc]y[0xdc][0xd4][0xb3][0xb7][0xe3]+[0x8b][0x8d][0xa3][0x13]([0x8][0xe9]7:[0xef]6w[0xf9][0xde][0xb9][0xe9]0o[0x18][0x8d]v[0xf9]O?[0xd5]3,[0x1f][0xcf]?[0xf2]O[0x9f][0xba][0xac][0x86][0xf3][0xe8][0xcd][0xc]_[0xb7]2[0xf5][0xe9][0xd3]2[0x16]][0x12][0xfb][0xb8][0xdb][0xc5]W[0x90][0xe4][0xca]r[0x19]u[0xd5]x[0xb3][0xfc][0xe9][0x1a]D[0x7]>[0xc][0xe5][0xe3][0x1c][0x4][0x92][0xb]M>z[0xf3][0xea][0x1d]t[0xeb][0xa4][0xfb][0xb8][0x5]o[0x1]>[0x1e]R[0xc7][0xe9]S[0xeb]s7U[0x9d]0[0xd6]s[0x80][0xc0][0xd6][0xca][0x9a][0xbe]~[0xad][0x8d][0x8a]e[\n]"
DEBUG wire -  << "[0xe8]j[0xf5][0x1b][0x90],j[0xdb][0xc7][0x17] [0x15]/y[0x8]&[0x10][0xb][0x9e][0xd5][0xa6][0xd3]j[0x1a]Tv(m[0xa4][0x97][0xe0][0x7][0xc0][0xe4][0x9][0xc2][0xf5][0xb8]U[0xd7]i[0x5],z[\n]"
[...]
x90]Hc[0xad][0xb9][0xb5]N;[0xad]5[0xfa][0xb7][0x8d][0xf2]}[0xe8][0x0][0x0][0xc]y^[0x7][0xbc][0xf4][0x3][0xe6]}[0xf1][0xc9];[0xcc][0xc8][0xb4]@)[0xf9][0xfb][0xd3][0x3][0x85][0x6][0xfc][0x85]5[0x81]#[0xe9]4E[0xc7][0xe4]u[0xc1][0x8c][0x8c][0xbf][0x9a]6[0x0]2[0x91]@[0xbc][0x12][0xfd][0x9d]j[0x80][0xca]K[0x18][0xf7]8[0x80][0xa5][0xae]|[0x10][0xf5]7[0xe][0x89][0x82]S[0x83]Y[0xde][0xcd][0x90][0x99][0xf2][0xb8]}[0xd5][0x9][0xad][0x4][0x80],[0xf7]([0xbe][0xec]`CL[0xff][0xf5][0xdd][[0x1f][0x1][0x9b]q[0x2][0xac]J[0x9b][0x91]"[0x1b][0xf2][0xe7][0xbc]H[0xa9][0xab]f[0x1e]M[0xff][0x99]Ex[0xdc][0xfc][0xbd][0x1f][#q8[0xbd][0xa2][0x8b]+[0xce][0x82][0x15][0x7][0xd8]t>[0x9e][0xf0]#[0xe9]/c[0x4].[0xf6][0x17][0xa4][0xd2])B[0xb][0xd1][0x14][0x11][0x19]T[0x8c][0x83][0xe4][0x9e]M[0x1e][0xa8]XW[0xf5])[0xc2][0x13][0xee][0xd9][0x4][0xfa][0x9f]F[0xe2]([0xb6]?[0x18]pKnd[0xed][0x8d][0xa7],f[0x1c]T[0xb9]a[0xaf]b[0xb0][0xe0]1O@[0xe][0xa9][0x8b]'[0xa5]}1[0xea][0xfb][0x1][0x86][0x8e]*[0x97][0xf][0xc3](_[0xfe][0xd4][0x1a][0xf9][0xbe][0x83]eO[0xe5]Y}q[0x92][0xf1]=[0x9e][0xae][0xc7]C[0xea][0x93]9[0x98][0x92]S[0xfe][0xea][0x90][0x1e][0xeb]ar[0x1] Az[0xc4]/x(bPHu[0xb4]'[0xf8][0xc4][0xf7][0xdf]B%[0xe4]Er[0xfc][0xde][0xf2][0x89]vH[0x3][0x87][0x92][0x97][0xbe][0xed]_p[0x8b][0x8b][0xc1][0xcc][0xf7]59[0xa8][0x13][0xe6]b[0xd2]?9Xm[0xd4][0xf6]=[0x8f][0x12]<<[0xcc][0xa0][0xf1][0x81][0x5][0xad][0xd7][0xc9]6[0x99][0x6][0xdf]h7[0xd7][0xda]z[0xca] [0x9d][0xbc]:[0xcc][0x1][0xe5]@K[0x9]I[0x1][0x87]Yh[0x88]pQ[0xe9][0x85][0x9e]|[0x9a][0xb8]&[0xe6][0x8a]K[0xf0]Seo!V[0xb9]Zgh[0xac][0xca]14[0xe3][0xa2]G2[0xa6]T[0xbc]W'7[0xa2][0xaa]M[0x91]D[0x8b]T[0xc][0xa0][0xe9]+@I[0x14][0x1e]u-[0xa6][0xf8][0xfd][0x9c][0xfc]9[0xce][0xe2][0xcd][0xaa][0x19][0xf6]w[0xee][0xae][a[0xd2][0x9d][0xa1][0xb3][0xab]m[0x81]4{e[0xa5]p[\r][0x8c][0x7]09[0xf7]D([0xbb]^v[0xbd]I[0xc6]S5<_[0xea][0xd8]j[0xa8]^>[0xba][0x10]^-[0xca][0xdf])RI[0xd1][0x8][0xe6]-2[0xf1][0xe3]4uV[0xe5]2>[0x82]*[0xc6][0x82][0xc0][0xf][0xc2][0x2]&[0x11][0xa2]U][0xbb][0xda][0xc3][0x17]l[0x92][0xbc][0x10][0x1][0x98][0xfc]P[0xce][0x0]0[0x94][0xa6][0xe3][0xb0]][0x19][0xa0][0x12]dW[0x83][0xaa][0x7][0x10][0xdf][0x6][0xb][0x4][0xc1]+[0x8]![0xa2][0xa6][0xde][0xc8][0xf7][0xd8]d[0xec]G[0x6]h[0xb0]t#[0x1e][0x18][0x2]C[0x15][0x93]d[0x9]#[0x17][\r][0x18][0x84][0x9][0x83][0xcf][0xcd][0xcc]dh[0x9e][0xcc][0xcc][\r]cyWrV[0xbe][0xb][0xb5][0xe3][0xb5][0xad][0xa9]|:[0x8e][0xac][0x11][0x9d][0x87][0xd7][0xe5]9[0xb4][0x8a][0xd9][0xf8]a[0x12][0xf1][0x8]9[0xea][0xa2][0x9a][0x10][0x91][0x99][0xbd][0x13][0x81]^c=[0x11][0x8f]Vv[0x95][0xb8][0xeb]U[0x94][0xa5][0xcc][0xce][0x9f]YT[0xf2]v[0xc0][0x99]cK,[0x8a][0xce][0x1e][0xb2].I[0xc9]{[0xb][0xe8]$T[0x0][0xdd][0xba][0x2]y[0x9b]D[0xe4][0xe5][0xa2][0xd0]i[0x99][0x95][0x96]}:&/[0xea][0x15][0x1d][0xab][0xa9][0xd8][0x82]s[0x0][0x14]R[0x8d][0x88][0xb8][0xdb]#[0xdf][0x11]f[0xc8][0xaf]x[0xd7][0xe8][0xb5][0x0][0x8][0xd8]o1[0xf][0xf0][0x92][0x97][0xc7][0xbd][0xb][0xea][0x88][0xa3][0xe5]#[0x1e][0x9a][0xa0][0x9b][0xe]E[0x80][0x9a]b"LU[0xb5][0xd5]cq[0xce]{[0x82][0x85][0x11][0xfb]j][0x83]R[0xd0][0xd5][0xde][0x90][0xcd].[0x84]P[0x80]7fH[0x5]^[0x89][0x15][0x1a]by[0xdd]$[0x84]xa?[0xe5][0xa0][0x1e][0xd0]Q[0x2][0xcb]]{J[0x15][0x9a][0xd3]UE[0xb4]U}u,![0xee][0xde]Y[0x2][0x88][0x88][\n]"
DEBUG wire -  << "[0xfe][0x1a][0xdd][0xa5][0xb4][0xca]t[0x87]Ud[0xff][0xc1]CJ[0xd5]=[0xb7][0xab]R[0x98][0xea][0xce]:M[0xb2][0xef][0xd2]So[0x1d]FC[0xbc]3[0x87][0x1d]F[0x89][0xaa][0xe2]![0xdd][0x95][0xcd][0xc4][0xb3][0x15][0xe2][0xac][0xe]Rj}V[0x7][0x15][0xb2][0xef][0xd8]A[0xd8])[0xe8]+[0x10][0xf0]2[0x80][0x16][0x8c][0xe7][0xe2];[0xf0][0xb0][0xd6][0xbc]kW)*[0xe6]vU[\n]"
DEBUG wire -  << "3g\[0xa5]0[0xf7]T[0x83]x[0x95]Ux[0x89]>[0xde][0xe]w[0xf1][0x12][0xd1][0xed][0xfb][\r]L[0xc7][0x84]#[0xb][0x7]Z[0xb9][0xb7][0xc4][0xbb][0x9a]i3;[0xc5]V[0xc1][0x1][0xaa][0xe6][0xe3][0x94][0xf]C#`*[0xad]8A[0xab]8[0x95]i[0xae]F[0xd4][0xf5]"[0xb0][0x98]?[0xb3]IW[0xdb]xi[0xff]k[0xe3][0xe8][0xd7][0xf][0x7][0xf8][0xf3][0xdc][0xff][0xa7][0xb5][0xd1][0xf9][0xc5]?2F[0xe7][0x9b]o[0xd7][[[0xb4][0xf9][0xf2][0xf3][0xd5]A[0xdf][0xf9][0xb7][0xa0]E[0xb6][0xe7][0x8e][0xcd][0xca][0xa9][0x1][0xb0][0x11][0xb2][0x86][0x15]b[0xff][0xa9]O[\n]"
DEBUG wire -  << "[0x14][0x8d][0x2]#[0xff]E[0x3][0x15]K[0x9e]$[0x8b][0x12][0x89][0x99];[0xf0][0xb][0xa4][0xf3][0xc7][0xfe][0xbd][0xeb]-[0x88][0x1e]t[0xfd])[0x3][0x87][0xed][0x95][0x94][0xbe],[0xae]_[0xc2][0xb4][0xbc]&[0x1b]q[0xdb]f^[0x85][0xd1]K[0xcf][0xe9]U[0x91][0xde]BF[0xb5][0xd4]C[0x9f]*u[0xd1],[0xfa][0xc5][0xe5][0x9e]H[0xaa][0x9d][0x11][0x9a]bZ[0xd7][0x8a][0xfb][0xf3]y35[0xa1]-{_DR[0xea]R[0xdd][0xaa][0xfd][0xc2]`[0x94]^A%[0x1b][\n]"
DEBUG wire -  << "[0xf9][0xb7][0xe1][0xc6][0xac]ZK[0xb6]vR[0xd9]T[0xf2][0xa2]:[0xda][l[0xbd][0xd3]Z[0xdb]hm[0xcf][0xa9][0xac][0xda]&[0x9e][0xdd]@[0x99][0xbb][0xa8]j[0xda][0xdc]`[0x9d][0xe6]fgs[0xa0][0x89]{[0x88]XJL[0xe]s[0xec]k[0xb][0xa6][0xa5]`[0xc0][0xaf][0x92]^Y[0xc9][0xe6][0x14][0xe5][0xfd][0xf8]iH[0x87][0x95][0x92][0xe3]w[0xcb][0x15][0xba][0x5][0xb0][0xa5]%[0xb9]G[0xc2][0xcb][0x12][0x95][0x16]V4[0x15]%F[0x1f][0xda][0xfe]9}[0xe1][0xc3][0xdb][0xdf][0x81][0xac][0xf4][0x9a]e[0xc][0x11][0xf1][0xe1]"C!M}[0xd7]B[0xb0]L[0x95]Y[0x88][0x8a][0x97]K#c[0xfc][0xa8][0x1f]~[0xcc][0xa2]2d[0xe6][0xd6]r[0xc3][\r]./f[0xe6]VG[0x9b]Z[0xc7][0xba]{[0x80][0xcc][0xad][0xa5]FmCt[0x8b][0x88][0xba]c[0x14][0xa7][0xf6][0xd6]R[0xe3]N![0xba]E[0x14][0xde]=f[0xd3][0xd6]R[0xa3][0x84]![0xba]E4> 8S{k[0xa9][0xb1][0x4][0x11][0xdd]bjo[0x13][0x89][0xa9]B[0x19][0x8c]'[0xe2][0xb3]2r[0x8c][0x8a]G[0xa5][0x17]~[0x11][0xe3][0x9f]|M[0xee][0x87][0x83]i[0xd8][0x9f][0x90][0xa9][0xdd][0x12][0xc][0xba][0xc1]x[0xe8]0y!B[0xc4][0xbb][0xf7][0xfc][0x1][0xf0][\n]"
DEBUG wire -  << "[0x17][0xd2][0xdf]c[0xee][0xb][0xc8]U[[0x1b]e[0xf3]|J[0xdf]I[0xb5][0xa1]v [0x8a]Zw[0xce][0xd7]#[0xca][0xb3][0x2][0x8c]h[0x9]r[0xbf][0xcf]H[0xe4][\r][0x9b][0xe4][0x9a]g[0xfa][0xcd][0x8e][0xf4]c[0x11]m[0xb3]s[0x9b][0x8f]E[0xc8][0x85][0xf4]<[0xd8]9[0xbd][0xa0]*N[0xfa]~[0xe3]G[0xb2][0xf7][0xf8][0xe3][0xe1][0xd1][0xc1][0xfb][0x83][0x8f][0xe4][0xc7][0xc6][0xca][0x5][\r][0xc8]x@[0xba][0xe4]Z[0xb][0xc7][0xd4][0xd5]v[0xae]5[0x10]:[0xe6]h;[0xda][0x8b]U[0x97][0x8c]b[0x97]z[0x8f]5][0x13][0xd3][0x1a]$[0xe][0xfa]-[0xd6]non[0xf][0xfa][0xda][0xcd][0xcd][0xae]([0x8e][0xd6]OOJ[0x92][0xc0][0x83][0xef]q[0x80][0x18][0x4][0x3][0xce][0x1a]g%[0x16][0x9c]![0xf][0xa8][0xed]r[0xef][0xac]![0xfe][0x18]X[0x4]? [0x1][0x15][\r][0xb8][0xe3][0xf4]<?[0xe2][0x16]Vw[0x8a][0xda][0xf5]][0xe2]*[0x9c][0xa0][0xb5][0x14]b4[0x14][0x11][0xa0][0x5]A[0x99][0xfd]XSt[0xa0]G[0x1]2$"[0xa0]?[0x9c][0xe][0x8c][0xd5][0xd2]wX[0xf][0xc3][0xce][0xc8][0xb0]\;[0x1a]$[0xbb]4[0xf4][0xbd]`[0x82]/[0xaa][0xda][0x83]w/z'[0x7][0xaf][0xf]}[0xfe][0xe6][0xdf][0xa2][0xde][0xe4][0xcb]1[0xc8]K[0xdc]g:[0xc1]o[0x14]k;[0x3][0xea][0x84]L[0xd7]"[0xb0][0xf5]J)[0xe2][0xa3][0x3][0x8][\r]f[0x9]{[0xe3][0x1d][0xe2][0xd7][0x91]T[0xee][\r]d[0xe3][0xb6][\r][0xe6]^`0[0x18][0x8b]B[0x83][0xa2] [0x86]r[0xae][0x8f]j,v[0xe5];@[0xaa][0xf]_i;[0x1f]5A[0xf1][0xe9][0x8][0x86][0x4]p[0x14]F[0xda][0xa9][0xf8][0xc2][0xad][0x96]V[0xa6]k[0xe2][0x1b]L[0xda]'][0xc3][0x90]A[0xd0][0x1c][0x19][0x1b][0x19]2xk[0xcb][0xc3][0xea]T[0x2]<[0xbd]}w[0xfc]O[0x80]x[0x1b][0xb0][0xb][0xee][0xc7]X[0xf8][0xf5][0xf1][0xbf][0xdf]C[0xca]k[0xb4]Cu[0xed][0xed][0xcb][0x83]_{[0xa7][0xef][0xf][0xde]a[0xda]i[0x84][0xd1]`D[0xfd]![0xd4]Ojo[0xeb][0x19][0xc8][0x9b][0xb7][0x2][0xc2][0x1f]O[0x1][0x9c]|x[0xf9][0xb2]wz[0xf8][0xee][0xf8][0xf8]5[0x80][0x88][0xbb][0xe0][0xf2][0xab][0xbc][0xa4]v[0x82][0xf9][0xef][0xf9][0xf0][0xea][0xf9])d[0xbd][0xc7][0x6]x[0x94];![0xa9][0xfd][0x8c]9[0x87]/[0xdf][0x9c][0x1e]C[0x86]`[0x1b][0xa9][0x1d][0x87][0x16][0xa6][0x1e][0xbf]{[0xf7][0xe6][0x9d][0x0]g[0x89]`[0x80][0x0]%[[0x12][0x16][0xf5]P[0x80][0xfa][0x8c][0xe0]~[0x1e][0xb3]M[0xb2][0xd7][0xf][0xce][0x1a][0xfb]D[0xad][0xc]D[0xe0]B[0xd0]!F[0xc8][0x11]_[0xe1]3A[0xd6][0x81][0xbf]P[0x1a][0xfb][0x0]Yr9[0xee][\r]a[0xc4]1[0x94][0x84]kM|[0x8e][0x9a]#[0x1b][0x93]N[0x13][0x9b][0x8a][0xa2]O[0xd3]B[0xaa][0x93]0$[0xdc]gUYc{0[0x9d][0xc][0xe9][0xf8][0xa1][0x1][0x16][0x8]l[0x0]r.[0x1e][0x16][0xb][0xb6]j[0xeb]Y[0xa2]e[0xce]*>nt[0xa6][0xbe]\[0x3]@[0x88][0x18][0xca][0xb1][0xfe]YC[0xd6]g[0x8e]"[0xd7][0xc1][0x86]K1[0x8f][0xf9][0x1][0x8c][0x4][0xdc][0xcc]rX[0xc4]^[0xb6][0x9a][0x9e][0x10]v[0xcf][0xc7][0xc2][0xd8][0x89]B[0x14][0x7][0x1f]X-^d<$[0x13][0xfa][0x1]\[0x11][0x9][0x0][0xf9]-[0x95][0xad]ra[0xba]`$[0x1e][0x8b][0x9d]4[0x11][0x95][0x99][0x6][0x18]K[0xe][0x1c]_[0x11]$J[0xc5]Rg[0xa6][0x18]u[0xde]$[0xab][0xe7][0x7][0xbb]T[0xcf][0x1d]0[0xe1][0x4]w[0xca][0x1c][0xd0]U[0xcc]F[0x1d][0x87][0x13]e[0xa8][0xde][0xcd]dH[0x3][0xc7][0xc4]Fo[0xda]J[0x90][0x9f][0x98][0xf5][0x1c][0x8e].2[0xbb][0xb2][0x18][0xb3]E[0xe9]_[0xfd][0x98][0x8c][0xe8][0x5]#[0x18][0x80][0xd3][0x1d][0xa3][0x84]Au[0x2][0x18][0x3]Ka<[0xa5][0x9]j)[0x16][0x9a]R[0xb3]1U:[0xec][0xe1][0xd7][0xc1]$BlPHT[0xba][0xd8][0xd9]t[0xe9][0x15]wc[0x97]H"[0x88][0xf8][0xb0][0x98][0x8c]v[0xc5]C[0xb1][0x9b][0x86][0xd8][0xbe][0xb0][0xc0][0xef][0xf5]'[0x91][0xf8]l[0x1e][0x13][0x92][0xe][0xb9][0xe2][0xa4][0xc][0xfc]Ej&fA[0x9c]A[0xe0]G([0xca][0xc0][0x3][0xb9][0xde]"[\n]"
DEBUG wire -  << "[0xe2]4![0xf4]l[0x10]LtY[0x83][0xc0]![0xc][0x5]x[0xc1]a2f[0x81][0x8b]g[0x7]mA[0x5]x[0x8]q[0x80][0x1b][0xa9][0x18][0xa6][\n]"
DEBUG wire -  << "[0xa3]{[0x1]F[0x80][0xea]Q[0xaf]'w[0xe4]K[0xa4][0x88]PZ[0x1e][0x11]y3)[0xc2][0xcc][0x9e][0xcb]\?[0x98][0xe4][0x19][0xfc]J[0xa4][0x90]$[0xa5][0xaa]8[0x11][0xdf]tC[0x9f][0x4][0xea][0xcb]p[0xd9][0x1c][0x94]#n[0xa5][0x86]y|[0x82]0[0xf8][0xdf][0xc1]#[0x15][0x81][0xd8][0x98]*p[0x1c]Y=[0x8b]F[0xb5][0xd1][0xd5][0x13][0xdb]R[0x80][0xeb][0xc0][0x93];T[0xc4][0xb7][0x84]U[0x8f][0x9f][0xfc][0x94]1[0xc2]D[0xb7][0x99]3u[0x9][0x88]3[0xf]CP[0x17]=[0x9][0xd9][0x93]c[0x19]4[0x15][0xcc]k[0x97][0x14][0xe6]7[0xd4]S[0x3]>[0x8c][0xa5][0xe9]'[0xab]I[0xf1]%[0x7]"[0xb0]*[0x8c][0xbb][0x86]K[0x98]8y[0xf1]0[0x12][0x9f];[0xc2][\n]"
DEBUG wire -  << "[0x14][0xe2]J[0x81]u[0xe9][0x84][0xe0][0xa7][0xf][0x12][0xf1]j[0xa5][0x9c]Cm[0x92]6[0xef][0x97][0xf7][0xef][0xdf][0xaa][0x9a]3[0x84][0x3][0xd0][0xbb][0x2][0xd1][0x7]YV[0xbe]#[0x0]x[0xbd]2P[0x8e][0x1]2[0xb][0xc3][0x9e]e"[0x96][0x6]U[0xfb][0xa1][0xf5]_a[0x1f]W([0xa1])[0x12][0x90][0x5]?[0xb4][0xff]+,[0xe1][0x15][0xe3][0xca][0xbe][0xcb]p[0x81]<[0x8c][0xc3]l[0x88][0xea][0x12][0xcc][0xe4]r[0x4][0xb3]J[0x1c][0xca][0xe][0x13][0x8b][0x8a][0xaa]r!=~[0xca][0x81][0x17]o[0xb2][0xf6]'B[0x9f]f[0x9e]&[0xa3] [0x5][0x11][0xc3][0xdb][0xc2][0xbb]J[0x8e]l[0xfe][0x89]<[0xb5][0x86][0x9][0x92]G[0xaa][0x1d]0[0xad][0xe2]U[0xe6][0x8c][0x8b]*[0xc1][0x94]V[0x7][\n]"
DEBUG wire -  << "[0x7][0xe4][0x1d][0xa9]'[0x98]v[0x82][0xd8][0xb3]Fbz[0xd1][0xe][0x93][0xe7][0xb3][0xb8][0xdd]lo[0x8][0xb1]D}[0x8c][0xd8]\[0xff]B* l8[0xc8]B8B[0x8c][0x82][0xbe]^[0xca][0x80][0xc3][0xa2]-[0xeb][0x87]P[0xfc][0xb5]A[0x81][0x85][0xaa][0x1f][0xb1][0xac][0x12][0xde]D[0x13][0xe2][0x17][0xcd]z[0xc9][0xa7][0xe3][0x14][0x16][0xa1][0x11][0x85][0x84][0x6][0xee][0xab][0x10]1[0x1e][0x80][0xe0][0xe2][0xf6]n[0x18][0x7][0xec]YJSO[0xe8][0xb6]_Y[0x88]Q[0xb]1[0x81]p[0xb4][0x16]$Gd[0xe6]k_W[0x1c][0x92]yr]gG[0xeb]o[0xad][0xaf][0xd1]v[0xdf][0xee][0xb7]![0xf1]av\[0xa2][0xcb]o7iVby&[0xc8][0xea][0xae]o[0xb6][0x9b][[0xeb][0xcd][0xbe][0xb5][0x8e][0xbd][\r][0xfe][0xcc][0xa8][0x17]^[0xe]z[0x8b][0x91]&[0xdf],;k[0xe0][0x14][0x9b][0x10][0x94]=[0x99][0x2][0x99][0x9][0xc8][0xa4][0x18]Eb[0xb2][0xff]x-?][0x83][0xfc]E[0xe7]F[0xd8][0xbf]0[0x95]`[0x9f]^EJ[0xb9]A[0xe6][0x8f][0xda][\r]Xq2[0xe0]8M[0xcc][0x6][0x1d][0xdb][\n]"
DEBUG wire -  << "[\n]"
DEBUG wire -  << "[0x81]Q[0xb7][0x97][0xb4]_[0xa6]_[0xd2][0xc0][0x93]r[0xf0]J[0x8d][0x1b][0xf][0xc]*[0x18][0x16][0x18][0x87][0x11][0xf1][0xa3]^[0xb7]FhW[0x83][0xd8][0xe3],[0x95][0x88]<[0x9a]Rb$M[0x92]iO[\r])[0xbb]0[0x1c][0x5][0x88][0x18][0x84]B[0xfd]L[0xeb]A[0x94]J[0x9c]^R[0xc4][0xbf]N[0xe1][0xc3][0xf9][0xc2][0xc3][0x88]<[0xe8]S[0xa4][0xf3]Q[0x15][0xaa][0x9b][0xbf][0x5][0xf5]oA[0xfd]n[0x5]u[0x9]~[0xaa][0xd4][0xef][0xc9][0xb6]Z:[0xe9][0xe][0xf8][0x95]h[0xa4]:D[0x83]AW1[0x96]+L[0x14]3[0x84][0x17][0x17][0xd7]S[0x83][0x14][0xbf][0x93]([0xb9][0x92]09[0x99][0x10]du[0xd0]a[0xe8][0xf1][0xb][0xf2][0x93][0x8d]<([0xc6][0xc3]t[OZ9.[0x8d][0xd0]w[0xd5]l[0x9f]ICP&[0x88][0xe5][0x4].[0xe3][0xa5][0xca]b[0x98]'[0xd2]pP[0xc6][0xf2][0xd4][0xe][0x92][0xa8][0xd0][0xa1]M[0x14][0x8b]8[0xb6][0xb8]i+[0xec]2[Z[0x12]b]B[0xcc]a[0xd4][0x1]R[0xed][0x9]8ujz[0xaf][0x9c][0xc3][0xbe]#[0x8e]'[0x1a][0xe8]4[0xee]Ok/[0xf1]p[0x89][0xf7]>[0xa1]"[0xa5][0x99][0x84]-[0xa3]V[0x98]qS;=RI*t[0xdd][0x94][0x82]+[0xb0][0xab]P[0x1a]Y6[0xc6][0x8f][0xbe][0xa7][0xcb]2[0xaa][0xc9][0x87][0xb2]^[0xb1][0xb1]{([0xeb][0x5][0xbb][0xf2]@[0x6][0xbc]}+[0xf6][0x6]x[0x10]F[0xe9][\n]"
DEBUG wire -  << "[0x8d]\[0xe7]:[0xc1]e[0xae]7[0xd9]z[0x91]d[0x98]\^[0x9][0xf0]3[0xa1][0xa0][0x0][0xd5][0xce][0xdf][0xad]T!~[0xac][0xf2][0xac][0xb0][0x86][0x6].l[0xeb][0xac][0x81][0xdf][0xea][0x93][0xc7]P[0xce][0x1a][0xda]M[0xd6][0x9][0x1b]l[0xab][0xb9][0xc1][0xb6][0xb7][0xd6][0xa8][0x18][0x94][0xd9]7[0x14][0x87]z_[0xb7][0xeb][0xd7]H[0xa9][0xd5][0xed][0x8b]@[0xda]_[0xbf][0xf6][0xab]?a([0xe][0xf9]iu[0xfd][0xa8][0xab][0x9][0xb1];[0x8d]P`[0xf5][0xe3].x[0xbc]"![0xc4][0x4][0xb9])[0xad][0xe9]'][0xed][0xe8][0xcd][0xab]C[0xe9][0x91][0xbf][0x14][0xaa]C[0xd3][0xee]j[0xd4][0xb6][0x8f]/0[0x9][0x8c]w[0xc]'[0xaf][0xe9][0xbf]t[0xc1][0x1f][0xf][0xce][0x8b][0x1f]G[0xbb][0x9]edP[0xab]_[0xff][0xd7][0xcb][0x83][0xe7][0xa6][0xec][0x94][0xda]-[0xbe][0x8f]z[0x9e]|C7[0xf9]`[0xf1]y[0xa8][0xd5][0xcd]K[0xca][0xa3]Z[0xfd][0x1]h[0xc][0x97][0xf][0x91][0xd1][0xe2][0xb3][0xc7]wBy[0x9b]EO[0xa8]M}[0xd1][0x10][0x17]#%[0xfe];#[0x9e][0xf5][0x15]d@[0xde][0xe7]"|.[0xc]m[[0xc4][0xd4][0xb9]][0x5][0x15][0xcc][0x88]y[0x3][0xb4][0xfe][0x12][0xb8]p[0xcf][0xf]N?[0x84]p[0xd0][0xbb]l[0xcc][0xad][0xcf][0xe0][0xf0][0xdc][0x99][0xfc]j[0x8c]r[0xcf]wY[0xd8]\[0xfc][0xaa][0xc1][0xb2][0x90][0xc9][0x8f][0xb]<[0xc][b[0xfe][0x0]eW[0xfc][0x81][0x94][0xa5][0xb8]R[0x9b]j9[0xe8]@[0xd1][0xd8][0xe][0x98]c[0xf][0x97][0xc8][0xaa]oZ[0x9f][0xe7]?[0xc8][0x1d][0x81]v[0x92][0xf2][0x83][0xe3][0xc8][0xf7][0x1e],[0x90][0xa1][0x1f]D[0xb8][0xd6][0xfe][0xcd]h/szYx[0xb][0xdf]T_2[0xfa][0xdb]|F[0xfc]~[0x8c]W[0xc7][0xa6][0x8c][0x80][0x8d][0x9d][0xc9]=[0xa8][0x16];paC[0xee][0xd7]'4[0xf7]}?[0xc2][0x5][0xa8][0xb1]P[0xb3][0xc9][0xcb][0xb2][0xb0][0x3]N[0x89][0xe0][0xc1][0xb2]6[0xf6]C[0x8e]S[0xea][0xd2][0x94][0x15][0xf3][0xe2][0x87][0xe1]BK[0xb3][0xd5][0x9a],[0x8b] [0x9a][[0xa5][0x18][0xb7][0xc2]x8[0xc4][0xaf][0xab]?@[0xae]g[0xcf][0xc4]y[0x3][0xf3]>[0xf3]0[0xbc][0x8a][0x1b]%[0xd5][0xd4][0x15]?[0x4]-.[0xd5][0xa5][0x87][0xec][0x1a]t[0xcc][0xa1][0xc4][0xb3][0x91][0xd3]e^[0xef][0xc3][0xe9]}[0x1a]6[0xc3]v[0x91]xdsvo~[0xa9][0xe5][0xbe][0xae][0xcd][0x7]5[0xb1][0xf7][0xa0][0xe1]w?[0xc4][0xeb]c[0xeb]c[0xf3]S[0xfd][0xfa][0x97][0xec][0xeb][0xda][0xa6][0x85]+[0xd9]Lo[0xaf][0xd7]w[0x3][0x16][0xc5][0x81]wcu[0x11][0xea]Fl[0xb3][0x82]IZ[0xfc][0xc8][0xb6]&[0xeb][0x3]+[0x94]u[0xc5][0xc6][0xd3].5}[0xf]U][0x97]~<[0xfe][0xd4]-V_[0xa3][0x1f][0x8f]>=}[0x8a][0xbf][0x1f]wq'^[0xca][0x88][0x96]%I[0x9f]V[0xab][0xfd][0xca][0xea][0xd7][0x92][0x0]"7[0xb4][0x8a]x[0xbd][0xd8]qvY[0x17][0xdd][0xf4]][0xb0]Lo[0xd4][0xf7][0xbb][0xef]$[0x17]6[0x1b]0\47[0xb2][0xcd][0xe9]0'[0x1e][0xe][0xed][0xab][0x9e]U[[0xdf]MsM[0xdb][0xb5][0xca][0x1f][0x5][0xb7]L[0xe1]`[0x1c][0xe2][0xe7]>[0xeb]7z[0xb3][0xbe][0xb][\r][0xed]Cs[0xba][0x82][0xc8][0xa7]O[0xfb][0x1f][0x6][0x1e][0x8b][0x14]-Y[0x1][0xdd][0xc5][0xc4][0xda][0x89]n[0xe7][0x19][0xd4]7[0x3][0x86][0xb][0xa8][0x5]s[0x1c][0x81]t[0xc1][0x81][0xfa][0xae][0xc4][0x91]r[0xed]F[0xa5][0xdf][0xdc][0xd4]k[0xe8][0x88][0xa6][0x9f]$[0xaf][0xef][0xae]4~$[0x9f]>[0xed][0x93][0x1f][0x1b][0xe9][0x97][0xc1][0xf7][0x1a][0xf8][0x89]o[0xf1][0xc9][0xef][0xc8]u[0xf0][0x93][0xdf]x[0x9e][0xeb]h[0xe2]Q[0x97][[0xf2][0xbb][0xde][0xe2]sR4[0x92][0xab][0xd2]kf[0xbb][0xd5][0xc2][0x9d][0x16][0xdf][0xc3]O[0x83][0x88][0xaf][0x85]c[0x89]C[0xe1][0x19][0x96][0xb][0xf4]'[0xe4]_o[0x8d][0xd3]x[0xc]CM@[0x10]p[0x19][0xda][0xcd][0xd6][0xb6][0xd1]l[0x19][0xad][0xe]im[0xed][0xb4][0xb6]wZmysF [\n]"
DEBUG wire -  << "[0x11][0x18][0xfc]F[0x4][0x86][0xd4][0xff][0xb][0xb4][0xea][0xce][0x89][0xf][0xc6][0x0][0x0]"
DEBUG RequestSpecificationImpl$RestAssuredHttpBuilder - Parsed data to instance of: class org.apache.http.conn.EofSensorInputStream
DEBUG RequestAddCookies - CookieSpec selected: default
DEBUG RequestAuthCache - Auth cache not set in the context
DEBUG PoolingHttpClientConnectionManager - Connection request: [route: {}->http://localhost:2064][total kept alive: 2; route allocated: 1 of 2000; total allocated: 2 of 2000]
DEBUG PoolingHttpClientConnectionManager - Connection leased: [id: 1][route: {}->http://localhost:2064][total kept alive: 1; route allocated: 1 of 2000; total allocated: 2 of 2000]
DEBUG MainClientExec - Stale connection check
DEBUG wire - http-outgoing-1 << "[read] I/O error: Read timed out"
DEBUG DefaultManagedHttpClientConnection - http-outgoing-1: set socket timeout to 10800000
DEBUG MainClientExec - Executing request GET /session/e9c2f5b492893b90288674161d6e7d46/element/0.01484094461664287-21/attribute/href HTTP/1.1
DEBUG MainClientExec - Target auth state: UNCHALLENGED
DEBUG MainClientExec - Proxy auth state: UNCHALLENGED
DEBUG headers - http-outgoing-1 >> GET /session/e9c2f5b492893b90288674161d6e7d46/element/0.01484094461664287-21/attribute/href HTTP/1.1
DEBUG headers - http-outgoing-1 >> Cache-Control: no-cache
DEBUG headers - http-outgoing-1 >> Host: localhost:2064
DEBUG headers - http-outgoing-1 >> Connection: Keep-Alive
DEBUG headers - http-outgoing-1 >> User-Agent: Apache-HttpClient/4.5.3 (Java/1.8.0_161)
DEBUG headers - http-outgoing-1 >> Accept-Encoding: gzip,deflate
DEBUG wire - http-outgoing-1 >> "GET /session/e9c2f5b492893b90288674161d6e7d46/element/0.01484094461664287-21/attribute/href HTTP/1.1[\r][\n]"
DEBUG wire - http-outgoing-1 >> "Cache-Control: no-cache[\r][\n]"
DEBUG wire - http-outgoing-1 >> "Host: localhost:2064[\r][\n]"
DEBUG wire - http-outgoing-1 >> "Connection: Keep-Alive[\r][\n]"
DEBUG wire - http-outgoing-1 >> "User-Agent: Apache-HttpClient/4.5.3 (Java/1.8.0_161)[\r][\n]"
DEBUG wire - http-outgoing-1 >> "Accept-Encoding: gzip,deflate[\r][\n]"
DEBUG wire - http-outgoing-1 >> "[\r][\n]"
DEBUG wire - http-outgoing-1 << "HTTP/1.1 200 OK[\r][\n]"
DEBUG wire - http-outgoing-1 << "Content-Length:103[\r][\n]"
DEBUG wire - http-outgoing-1 << "Content-Type:application/json; charset=utf-8[\r][\n]"
DEBUG wire - http-outgoing-1 << "[\r][\n]"
DEBUG wire - http-outgoing-1 << "{"sessionId":"e9c2f5b492893b90288674161d6e7d46","status":0,"value":"mailto:flavio.corradini@unicam.it"}"
DEBUG headers - http-outgoing-1 << HTTP/1.1 200 OK
DEBUG headers - http-outgoing-1 << Content-Length:103
DEBUG headers - http-outgoing-1 << Content-Type:application/json; charset=utf-8
DEBUG MainClientExec - Connection can be kept alive indefinitely
DEBUG PoolingHttpClientConnectionManager - Connection [id: 1][route: {}->http://localhost:2064] can be kept alive indefinitely
DEBUG PoolingHttpClientConnectionManager - Connection released: [id: 1][route: {}->http://localhost:2064][total kept alive: 2; route allocated: 1 of 2000; total allocated: 2 of 2000]
DEBUG BasicClientConnectionManager - Get connection for route {}->http://localhost:8080
DEBUG DefaultClientConnectionOperator - Connecting to localhost:8080
DEBUG DefaultClientConnectionOperator - Connect to localhost:8080 timed out. Connection will be retried using another IP address
DEBUG DefaultClientConnectionOperator - Connecting to localhost:8080
DEBUG DefaultClientConnection - Connection org.apache.http.impl.conn.DefaultClientConnection@632aa1a3 closed
DEBUG DefaultClientConnection - Connection org.apache.http.impl.conn.DefaultClientConnection@632aa1a3 shut down
DEBUG BasicClientConnectionManager - Releasing connection org.apache.http.impl.conn.ManagedClientConnectionImpl@20765ed5
]]></system-out>
    <system-err><![CDATA[Starting ChromeDriver 2.45.615355 (d5698f682d8b2742017df6c81e0bd8e6a3063189) on port 2064
Only local connections are allowed.
Jan 14, 2019 6:23:48 PM org.openqa.selenium.remote.ProtocolHandshake createSession
INFO: Detected dialect: OSS
]]></system-err>
  </testcase>
</testsuite>