<?xml version="1.0" encoding="UTF-8"?>
<testsuite xmlns:xsi="http://www.w3.org/2001/XMLSchema-instance" xsi:noNamespaceSchemaLocation="https://maven.apache.org/surefire/maven-surefire-plugin/xsd/surefire-test-report.xsd" name="proslab.unicam.usefultests.LoginTest" time="3.826" tests="2" errors="2" skipped="0" failures="0">
  <properties>
[...]
</properties>
  <testcase name="login" classname="proslab.unicam.usefultests.LoginTest" time="3.811">
    <error message="no such window: window was already closed&#10;  (Session info: chrome=71.0.3578.98)&#10;  (Driver info: chromedriver=2.45.615355 (d5698f682d8b2742017df6c81e0bd8e6a3063189),platform=Mac OS X 10.12.5 x86_64) (WARNING: The server did not provide any stacktrace information)&#10;Command duration or timeout: 0 milliseconds&#10;Build info: version: &apos;3.8.1&apos;, revision: &apos;6e95a6684b&apos;, time: &apos;2017-12-01T18:33:54.468Z&apos;&#10;System info: host: &apos;fabriziounicam&apos;, ip: &apos;fe80:0:0:0:ca7:98cf:b12d:210a%en0&apos;, os.name: &apos;Mac OS X&apos;, os.arch: &apos;x86_64&apos;, os.version: &apos;10.12.5&apos;, java.version: &apos;1.8.0_161&apos;&#10;Driver info: org.openqa.selenium.chrome.ChromeDriver&#10;Capabilities {acceptInsecureCerts: false, acceptSslCerts: false, applicationCacheEnabled: false, browserConnectionEnabled: false, browserName: chrome, chrome: {chromedriverVersion: 2.45.615355 (d5698f682d8b27..., userDataDir: /var/folders/_w/2rr1gddx3bs...}, cssSelectorsEnabled: true, databaseEnabled: false, goog:chromeOptions: {debuggerAddress: localhost:53610}, handlesAlerts: true, hasTouchScreen: false, javascriptEnabled: true, locationContextEnabled: true, mobileEmulationEnabled: false, nativeEvents: true, networkConnectionEnabled: false, pageLoadStrategy: normal, platform: MAC, platformName: MAC, proxy: Proxy(), rotatable: false, setWindowRect: true, strictFileInteractability: false, takesHeapSnapshot: true, takesScreenshot: true, timeouts: {implicit: 0, pageLoad: 300000, script: 30000}, unexpectedAlertBehaviour: ignore, unhandledPromptBehavior: ignore, version: 71.0.3578.98, webStorageEnabled: true}&#10;Session ID: e7f6d387e78cfb50e812ff109cb42ae2&#10;*** Element info: {Using=name, value=email}" type="org.openqa.selenium.NoSuchWindowException">org.openqa.selenium.NoSuchWindowException: 
no such window: window was already closed
  (Session info: chrome=71.0.3578.98)
  (Driver info: chromedriver=2.45.615355 (d5698f682d8b2742017df6c81e0bd8e6a3063189),platform=Mac OS X 10.12.5 x86_64) (WARNING: The server did not provide any stacktrace information)
Command duration or timeout: 0 milliseconds
Build info: version: '3.8.1', revision: '6e95a6684b', time: '2017-12-01T18:33:54.468Z'
System info: host: 'fabriziounicam', ip: 'fe80:0:0:0:ca7:98cf:b12d:210a%en0', os.name: 'Mac OS X', os.arch: 'x86_64', os.version: '10.12.5', java.version: '1.8.0_161'
Driver info: org.openqa.selenium.chrome.ChromeDriver
Capabilities {acceptInsecureCerts: false, acceptSslCerts: false, applicationCacheEnabled: false, browserConnectionEnabled: false, browserName: chrome, chrome: {chromedriverVersion: 2.45.615355 (d5698f682d8b27..., userDataDir: /var/folders/_w/2rr1gddx3bs...}, cssSelectorsEnabled: true, databaseEnabled: false, goog:chromeOptions: {debuggerAddress: localhost:53610}, handlesAlerts: true, hasTouchScreen: false, javascriptEnabled: true, locationContextEnabled: true, mobileEmulationEnabled: false, nativeEvents: true, networkConnectionEnabled: false, pageLoadStrategy: normal, platform: MAC, platformName: MAC, proxy: Proxy(), rotatable: false, setWindowRect: true, strictFileInteractability: false, takesHeapSnapshot: true, takesScreenshot: true, timeouts: {implicit: 0, pageLoad: 300000, script: 30000}, unexpectedAlertBehaviour: ignore, unhandledPromptBehavior: ignore, version: 71.0.3578.98, webStorageEnabled: true}
Session ID: e7f6d387e78cfb50e812ff109cb42ae2
*** Element info: {Using=name, value=email}
	at proslab.unicam.usefultests.LoginTest.loginBrowser(LoginTest.java:82)
	at proslab.unicam.usefultests.LoginTest.login(LoginTest.java:58)
</error>
    <system-out><![CDATA[DEBUG RequestAddCookies - CookieSpec selected: default
DEBUG RequestAuthCache - Auth cache not set in the context
DEBUG PoolingHttpClientConnectionManager - Connection request: [route: {}->http://localhost:46697][total kept alive: 2; route allocated: 0 of 2000; total allocated: 2 of 2000]
DEBUG PoolingHttpClientConnectionManager - Connection leased: [id: 3][route: {}->http://localhost:46697][total kept alive: 2; route allocated: 1 of 2000; total allocated: 3 of 2000]
DEBUG MainClientExec - Opening connection {}->http://localhost:46697
DEBUG DefaultHttpClientConnectionOperator - Connecting to localhost/127.0.0.1:46697
DEBUG DefaultHttpClientConnectionOperator - Connection established 127.0.0.1:53609<->127.0.0.1:46697
DEBUG DefaultManagedHttpClientConnection - http-outgoing-3: set socket timeout to 10800000
DEBUG MainClientExec - Executing request POST /session HTTP/1.1
DEBUG MainClientExec - Target auth state: UNCHALLENGED
DEBUG MainClientExec - Proxy auth state: UNCHALLENGED
DEBUG headers - http-outgoing-3 >> POST /session HTTP/1.1
DEBUG headers - http-outgoing-3 >> Content-Type: application/json; charset=utf-8
DEBUG headers - http-outgoing-3 >> Content-Length: 335
DEBUG headers - http-outgoing-3 >> Host: localhost:46697
DEBUG headers - http-outgoing-3 >> Connection: Keep-Alive
DEBUG headers - http-outgoing-3 >> User-Agent: Apache-HttpClient/4.5.3 (Java/1.8.0_161)
DEBUG headers - http-outgoing-3 >> Accept-Encoding: gzip,deflate
DEBUG wire - http-outgoing-3 >> "POST /session HTTP/1.1[\r][\n]"
DEBUG wire - http-outgoing-3 >> "Content-Type: application/json; charset=utf-8[\r][\n]"
DEBUG wire - http-outgoing-3 >> "Content-Length: 335[\r][\n]"
DEBUG wire - http-outgoing-3 >> "Host: localhost:46697[\r][\n]"
DEBUG wire - http-outgoing-3 >> "Connection: Keep-Alive[\r][\n]"
DEBUG wire - http-outgoing-3 >> "User-Agent: Apache-HttpClient/4.5.3 (Java/1.8.0_161)[\r][\n]"
DEBUG wire - http-outgoing-3 >> "Accept-Encoding: gzip,deflate[\r][\n]"
DEBUG wire - http-outgoing-3 >> "[\r][\n]"
DEBUG wire - http-outgoing-3 >> "{[\n]"
DEBUG wire - http-outgoing-3 >> "  "desiredCapabilities": {"browserName":"chrome","goog:chromeOptions":{"args":[],"extensions":[]}},[\n]"
DEBUG wire - http-outgoing-3 >> "  "capabilities": {[\n]"
DEBUG wire - http-outgoing-3 >> "    "desiredCapabilities": {"browserName":"chrome","goog:chromeOptions":{"args":[],"extensions":[]}},[\n]"
DEBUG wire - http-outgoing-3 >> "    "firstMatch": [[\n]"
DEBUG wire - http-outgoing-3 >> "      {"browserName":"chrome","goog:chromeOptions":{"args":[],"extensions":[]}}[\n]"
DEBUG wire - http-outgoing-3 >> "    ][\n]"
DEBUG wire - http-outgoing-3 >> "  }[\n]"
DEBUG wire - http-outgoing-3 >> "}"
DEBUG wire - http-outgoing-3 << "HTTP/1.1 200 OK[\r][\n]"
DEBUG wire - http-outgoing-3 << "Content-Length:1013[\r][\n]"
DEBUG wire - http-outgoing-3 << "Content-Type:application/json; charset=utf-8[\r][\n]"
DEBUG wire - http-outgoing-3 << "[\r][\n]"
DEBUG wire - http-outgoing-3 << "{"sessionId":"e7f6d387e78cfb50e812ff109cb42ae2","status":0,"value":{"acceptInsecureCerts":false,"acceptSslCerts":false,"applicationCacheEnabled":false,"browserConnectionEnabled":false,"browserName":"chrome","chrome":{"chromedriverVersion":"2.45.615355 (d5698f682d8b2742017df6c81e0bd8e6a3063189)","userDataDir":"/var/folders/_w/2rr1gddx3bs3q6v6bt6pcwm40000gn/T/.org.chromium.Chromium.w3Dizp"},"cssSelectorsEnabled":true,"databaseEnabled":false,"goog:chromeOptions":{"debuggerAddress":"localhost:53610"},"handlesAlerts":true,"hasTouchScreen":false,"javascriptEnabled":true,"locationContextEnabled":true,"mobileEmulationEnabled":false,"nativeEvents":true,"networkConnectionEnabled":false,"pageLoadStrategy":"normal","platform":"Mac OS X","proxy":{},"rotatable":false,"setWindowRect":true,"strictFileInteractability":false,"takesHeapSnapshot":true,"takesScreenshot":true,"timeouts":{"implicit":0,"pageLoad":300000,"script":30000},"unexpectedAlertBehaviour":"ignore","version":"71.0.3578.98","webStorageEnabled":true}}"
DEBUG headers - http-outgoing-3 << HTTP/1.1 200 OK
DEBUG headers - http-outgoing-3 << Content-Length:1013
DEBUG headers - http-outgoing-3 << Content-Type:application/json; charset=utf-8
DEBUG MainClientExec - Connection can be kept alive indefinitely
DEBUG PoolingHttpClientConnectionManager - Connection [id: 3][route: {}->http://localhost:46697] can be kept alive indefinitely
DEBUG PoolingHttpClientConnectionManager - Connection released: [id: 3][route: {}->http://localhost:46697][total kept alive: 3; route allocated: 1 of 2000; total allocated: 3 of 2000]
DEBUG RequestAddCookies - CookieSpec selected: default
DEBUG RequestAuthCache - Auth cache not set in the context
DEBUG PoolingHttpClientConnectionManager - Connection request: [route: {}->http://localhost:46697][total kept alive: 3; route allocated: 1 of 2000; total allocated: 3 of 2000]
DEBUG PoolingHttpClientConnectionManager - Connection leased: [id: 3][route: {}->http://localhost:46697][total kept alive: 2; route allocated: 1 of 2000; total allocated: 3 of 2000]
DEBUG MainClientExec - Stale connection check
DEBUG wire - http-outgoing-3 << "[read] I/O error: Read timed out"
DEBUG DefaultManagedHttpClientConnection - http-outgoing-3: set socket timeout to 10800000
DEBUG MainClientExec - Executing request POST /session/e7f6d387e78cfb50e812ff109cb42ae2/window/current/maximize HTTP/1.1
DEBUG MainClientExec - Target auth state: UNCHALLENGED
DEBUG MainClientExec - Proxy auth state: UNCHALLENGED
DEBUG headers - http-outgoing-3 >> POST /session/e7f6d387e78cfb50e812ff109cb42ae2/window/current/maximize HTTP/1.1
DEBUG headers - http-outgoing-3 >> Content-Type: application/json; charset=utf-8
DEBUG headers - http-outgoing-3 >> Content-Length: 45
DEBUG headers - http-outgoing-3 >> Host: localhost:46697
DEBUG headers - http-outgoing-3 >> Connection: Keep-Alive
DEBUG headers - http-outgoing-3 >> User-Agent: Apache-HttpClient/4.5.3 (Java/1.8.0_161)
DEBUG headers - http-outgoing-3 >> Accept-Encoding: gzip,deflate
DEBUG wire - http-outgoing-3 >> "POST /session/e7f6d387e78cfb50e812ff109cb42ae2/window/current/maximize HTTP/1.1[\r][\n]"
DEBUG wire - http-outgoing-3 >> "Content-Type: application/json; charset=utf-8[\r][\n]"
DEBUG wire - http-outgoing-3 >> "Content-Length: 45[\r][\n]"
DEBUG wire - http-outgoing-3 >> "Host: localhost:46697[\r][\n]"
DEBUG wire - http-outgoing-3 >> "Connection: Keep-Alive[\r][\n]"
DEBUG wire - http-outgoing-3 >> "User-Agent: Apache-HttpClient/4.5.3 (Java/1.8.0_161)[\r][\n]"
DEBUG wire - http-outgoing-3 >> "Accept-Encoding: gzip,deflate[\r][\n]"
DEBUG wire - http-outgoing-3 >> "[\r][\n]"
DEBUG wire - http-outgoing-3 >> "{"windowHandle":"current","handle":"current"}"
DEBUG wire - http-outgoing-3 << "HTTP/1.1 200 OK[\r][\n]"
DEBUG wire - http-outgoing-3 << "Content-Length:108[\r][\n]"
DEBUG wire - http-outgoing-3 << "Content-Type:application/json; charset=utf-8[\r][\n]"
DEBUG wire - http-outgoing-3 << "[\r][\n]"
DEBUG wire - http-outgoing-3 << "{"sessionId":"e7f6d387e78cfb50e812ff109cb42ae2","status":0,"value":{"height":837,"width":1440,"x":0,"y":23}}"
DEBUG headers - http-outgoing-3 << HTTP/1.1 200 OK
DEBUG headers - http-outgoing-3 << Content-Length:108
DEBUG headers - http-outgoing-3 << Content-Type:application/json; charset=utf-8
DEBUG MainClientExec - Connection can be kept alive indefinitely
DEBUG PoolingHttpClientConnectionManager - Connection [id: 3][route: {}->http://localhost:46697] can be kept alive indefinitely
DEBUG PoolingHttpClientConnectionManager - Connection released: [id: 3][route: {}->http://localhost:46697][total kept alive: 3; route allocated: 1 of 2000; total allocated: 3 of 2000]
DEBUG RequestAddCookies - CookieSpec selected: default
DEBUG RequestAuthCache - Auth cache not set in the context
DEBUG PoolingHttpClientConnectionManager - Connection request: [route: {}->http://localhost:46697][total kept alive: 3; route allocated: 1 of 2000; total allocated: 3 of 2000]
DEBUG PoolingHttpClientConnectionManager - Connection leased: [id: 3][route: {}->http://localhost:46697][total kept alive: 2; route allocated: 1 of 2000; total allocated: 3 of 2000]
DEBUG MainClientExec - Stale connection check
DEBUG wire - http-outgoing-3 << "[read] I/O error: Read timed out"
DEBUG DefaultManagedHttpClientConnection - http-outgoing-3: set socket timeout to 10800000
DEBUG MainClientExec - Executing request DELETE /session/e7f6d387e78cfb50e812ff109cb42ae2/cookie HTTP/1.1
DEBUG MainClientExec - Target auth state: UNCHALLENGED
DEBUG MainClientExec - Proxy auth state: UNCHALLENGED
DEBUG headers - http-outgoing-3 >> DELETE /session/e7f6d387e78cfb50e812ff109cb42ae2/cookie HTTP/1.1
DEBUG headers - http-outgoing-3 >> Host: localhost:46697
DEBUG headers - http-outgoing-3 >> Connection: Keep-Alive
DEBUG headers - http-outgoing-3 >> User-Agent: Apache-HttpClient/4.5.3 (Java/1.8.0_161)
DEBUG headers - http-outgoing-3 >> Accept-Encoding: gzip,deflate
DEBUG wire - http-outgoing-3 >> "DELETE /session/e7f6d387e78cfb50e812ff109cb42ae2/cookie HTTP/1.1[\r][\n]"
DEBUG wire - http-outgoing-3 >> "Host: localhost:46697[\r][\n]"
DEBUG wire - http-outgoing-3 >> "Connection: Keep-Alive[\r][\n]"
DEBUG wire - http-outgoing-3 >> "User-Agent: Apache-HttpClient/4.5.3 (Java/1.8.0_161)[\r][\n]"
DEBUG wire - http-outgoing-3 >> "Accept-Encoding: gzip,deflate[\r][\n]"
DEBUG wire - http-outgoing-3 >> "[\r][\n]"
DEBUG wire - http-outgoing-3 << "HTTP/1.1 200 OK[\r][\n]"
DEBUG wire - http-outgoing-3 << "Content-Length:72[\r][\n]"
DEBUG wire - http-outgoing-3 << "Content-Type:application/json; charset=utf-8[\r][\n]"
DEBUG wire - http-outgoing-3 << "[\r][\n]"
DEBUG wire - http-outgoing-3 << "{"sessionId":"e7f6d387e78cfb50e812ff109cb42ae2","status":0,"value":null}"
DEBUG headers - http-outgoing-3 << HTTP/1.1 200 OK
DEBUG headers - http-outgoing-3 << Content-Length:72
DEBUG headers - http-outgoing-3 << Content-Type:application/json; charset=utf-8
DEBUG MainClientExec - Connection can be kept alive indefinitely
DEBUG PoolingHttpClientConnectionManager - Connection [id: 3][route: {}->http://localhost:46697] can be kept alive indefinitely
DEBUG PoolingHttpClientConnectionManager - Connection released: [id: 3][route: {}->http://localhost:46697][total kept alive: 3; route allocated: 1 of 2000; total allocated: 3 of 2000]
DEBUG RequestAddCookies - CookieSpec selected: default
DEBUG RequestAuthCache - Auth cache not set in the context
DEBUG PoolingHttpClientConnectionManager - Connection request: [route: {}->http://localhost:46697][total kept alive: 3; route allocated: 1 of 2000; total allocated: 3 of 2000]
DEBUG PoolingHttpClientConnectionManager - Connection leased: [id: 3][route: {}->http://localhost:46697][total kept alive: 2; route allocated: 1 of 2000; total allocated: 3 of 2000]
DEBUG MainClientExec - Stale connection check
DEBUG wire - http-outgoing-3 << "[read] I/O error: Read timed out"
DEBUG DefaultManagedHttpClientConnection - http-outgoing-3: set socket timeout to 10800000
DEBUG MainClientExec - Executing request POST /session/e7f6d387e78cfb50e812ff109cb42ae2/timeouts HTTP/1.1
DEBUG MainClientExec - Target auth state: UNCHALLENGED
DEBUG MainClientExec - Proxy auth state: UNCHALLENGED
DEBUG headers - http-outgoing-3 >> POST /session/e7f6d387e78cfb50e812ff109cb42ae2/timeouts HTTP/1.1
DEBUG headers - http-outgoing-3 >> Content-Type: application/json; charset=utf-8
DEBUG headers - http-outgoing-3 >> Content-Length: 31
DEBUG headers - http-outgoing-3 >> Host: localhost:46697
DEBUG headers - http-outgoing-3 >> Connection: Keep-Alive
DEBUG headers - http-outgoing-3 >> User-Agent: Apache-HttpClient/4.5.3 (Java/1.8.0_161)
DEBUG headers - http-outgoing-3 >> Accept-Encoding: gzip,deflate
DEBUG wire - http-outgoing-3 >> "POST /session/e7f6d387e78cfb50e812ff109cb42ae2/timeouts HTTP/1.1[\r][\n]"
DEBUG wire - http-outgoing-3 >> "Content-Type: application/json; charset=utf-8[\r][\n]"
DEBUG wire - http-outgoing-3 >> "Content-Length: 31[\r][\n]"
DEBUG wire - http-outgoing-3 >> "Host: localhost:46697[\r][\n]"
DEBUG wire - http-outgoing-3 >> "Connection: Keep-Alive[\r][\n]"
DEBUG wire - http-outgoing-3 >> "User-Agent: Apache-HttpClient/4.5.3 (Java/1.8.0_161)[\r][\n]"
DEBUG wire - http-outgoing-3 >> "Accept-Encoding: gzip,deflate[\r][\n]"
DEBUG wire - http-outgoing-3 >> "[\r][\n]"
DEBUG wire - http-outgoing-3 >> "{"type":"page load","ms":15000}"
DEBUG wire - http-outgoing-3 << "HTTP/1.1 200 OK[\r][\n]"
DEBUG wire - http-outgoing-3 << "Content-Length:72[\r][\n]"
DEBUG wire - http-outgoing-3 << "Content-Type:application/json; charset=utf-8[\r][\n]"
DEBUG wire - http-outgoing-3 << "[\r][\n]"
DEBUG wire - http-outgoing-3 << "{"sessionId":"e7f6d387e78cfb50e812ff109cb42ae2","status":0,"value":null}"
DEBUG headers - http-outgoing-3 << HTTP/1.1 200 OK
DEBUG headers - http-outgoing-3 << Content-Length:72
DEBUG headers - http-outgoing-3 << Content-Type:application/json; charset=utf-8
DEBUG MainClientExec - Connection can be kept alive indefinitely
DEBUG PoolingHttpClientConnectionManager - Connection [id: 3][route: {}->http://localhost:46697] can be kept alive indefinitely
DEBUG PoolingHttpClientConnectionManager - Connection released: [id: 3][route: {}->http://localhost:46697][total kept alive: 3; route allocated: 1 of 2000; total allocated: 3 of 2000]
DEBUG RequestAddCookies - CookieSpec selected: default
DEBUG RequestAuthCache - Auth cache not set in the context
DEBUG PoolingHttpClientConnectionManager - Connection request: [route: {}->http://localhost:46697][total kept alive: 3; route allocated: 1 of 2000; total allocated: 3 of 2000]
DEBUG PoolingHttpClientConnectionManager - Connection leased: [id: 3][route: {}->http://localhost:46697][total kept alive: 2; route allocated: 1 of 2000; total allocated: 3 of 2000]
DEBUG MainClientExec - Stale connection check
DEBUG wire - http-outgoing-3 << "[read] I/O error: Read timed out"
DEBUG DefaultManagedHttpClientConnection - http-outgoing-3: set socket timeout to 10800000
DEBUG MainClientExec - Executing request POST /session/e7f6d387e78cfb50e812ff109cb42ae2/timeouts HTTP/1.1
DEBUG MainClientExec - Target auth state: UNCHALLENGED
DEBUG MainClientExec - Proxy auth state: UNCHALLENGED
DEBUG headers - http-outgoing-3 >> POST /session/e7f6d387e78cfb50e812ff109cb42ae2/timeouts HTTP/1.1
DEBUG headers - http-outgoing-3 >> Content-Type: application/json; charset=utf-8
DEBUG headers - http-outgoing-3 >> Content-Length: 30
DEBUG headers - http-outgoing-3 >> Host: localhost:46697
DEBUG headers - http-outgoing-3 >> Connection: Keep-Alive
DEBUG headers - http-outgoing-3 >> User-Agent: Apache-HttpClient/4.5.3 (Java/1.8.0_161)
DEBUG headers - http-outgoing-3 >> Accept-Encoding: gzip,deflate
DEBUG wire - http-outgoing-3 >> "POST /session/e7f6d387e78cfb50e812ff109cb42ae2/timeouts HTTP/1.1[\r][\n]"
DEBUG wire - http-outgoing-3 >> "Content-Type: application/json; charset=utf-8[\r][\n]"
DEBUG wire - http-outgoing-3 >> "Content-Length: 30[\r][\n]"
DEBUG wire - http-outgoing-3 >> "Host: localhost:46697[\r][\n]"
DEBUG wire - http-outgoing-3 >> "Connection: Keep-Alive[\r][\n]"
DEBUG wire - http-outgoing-3 >> "User-Agent: Apache-HttpClient/4.5.3 (Java/1.8.0_161)[\r][\n]"
DEBUG wire - http-outgoing-3 >> "Accept-Encoding: gzip,deflate[\r][\n]"
DEBUG wire - http-outgoing-3 >> "[\r][\n]"
DEBUG wire - http-outgoing-3 >> "{"type":"implicit","ms":10000}"
DEBUG wire - http-outgoing-3 << "HTTP/1.1 200 OK[\r][\n]"
DEBUG wire - http-outgoing-3 << "Content-Length:72[\r][\n]"
DEBUG wire - http-outgoing-3 << "Content-Type:application/json; charset=utf-8[\r][\n]"
DEBUG wire - http-outgoing-3 << "[\r][\n]"
DEBUG wire - http-outgoing-3 << "{"sessionId":"e7f6d387e78cfb50e812ff109cb42ae2","status":0,"value":null}"
DEBUG headers - http-outgoing-3 << HTTP/1.1 200 OK
DEBUG headers - http-outgoing-3 << Content-Length:72
DEBUG headers - http-outgoing-3 << Content-Type:application/json; charset=utf-8
DEBUG MainClientExec - Connection can be kept alive indefinitely
DEBUG PoolingHttpClientConnectionManager - Connection [id: 3][route: {}->http://localhost:46697] can be kept alive indefinitely
DEBUG PoolingHttpClientConnectionManager - Connection released: [id: 3][route: {}->http://localhost:46697][total kept alive: 3; route allocated: 1 of 2000; total allocated: 3 of 2000]
DEBUG RequestAddCookies - CookieSpec selected: default
DEBUG RequestAuthCache - Auth cache not set in the context
DEBUG PoolingHttpClientConnectionManager - Connection request: [route: {}->http://localhost:46697][total kept alive: 3; route allocated: 1 of 2000; total allocated: 3 of 2000]
DEBUG PoolingHttpClientConnectionManager - Connection leased: [id: 3][route: {}->http://localhost:46697][total kept alive: 2; route allocated: 1 of 2000; total allocated: 3 of 2000]
DEBUG MainClientExec - Stale connection check
DEBUG wire - http-outgoing-3 << "[read] I/O error: Read timed out"
DEBUG DefaultManagedHttpClientConnection - http-outgoing-3: set socket timeout to 10800000
DEBUG MainClientExec - Executing request POST /session/e7f6d387e78cfb50e812ff109cb42ae2/url HTTP/1.1
DEBUG MainClientExec - Target auth state: UNCHALLENGED
DEBUG MainClientExec - Proxy auth state: UNCHALLENGED
DEBUG headers - http-outgoing-3 >> POST /session/e7f6d387e78cfb50e812ff109cb42ae2/url HTTP/1.1
DEBUG headers - http-outgoing-3 >> Content-Type: application/json; charset=utf-8
DEBUG headers - http-outgoing-3 >> Content-Length: 33
DEBUG headers - http-outgoing-3 >> Host: localhost:46697
DEBUG headers - http-outgoing-3 >> Connection: Keep-Alive
DEBUG headers - http-outgoing-3 >> User-Agent: Apache-HttpClient/4.5.3 (Java/1.8.0_161)
DEBUG headers - http-outgoing-3 >> Accept-Encoding: gzip,deflate
DEBUG wire - http-outgoing-3 >> "POST /session/e7f6d387e78cfb50e812ff109cb42ae2/url HTTP/1.1[\r][\n]"
DEBUG wire - http-outgoing-3 >> "Content-Type: application/json; charset=utf-8[\r][\n]"
DEBUG wire - http-outgoing-3 >> "Content-Length: 33[\r][\n]"
DEBUG wire - http-outgoing-3 >> "Host: localhost:46697[\r][\n]"
DEBUG wire - http-outgoing-3 >> "Connection: Keep-Alive[\r][\n]"
DEBUG wire - http-outgoing-3 >> "User-Agent: Apache-HttpClient/4.5.3 (Java/1.8.0_161)[\r][\n]"
DEBUG wire - http-outgoing-3 >> "Accept-Encoding: gzip,deflate[\r][\n]"
DEBUG wire - http-outgoing-3 >> "[\r][\n]"
DEBUG wire - http-outgoing-3 >> "{"url":"http://www.facebook.com"}"
DEBUG wire - http-outgoing-3 << "HTTP/1.1 200 OK[\r][\n]"
DEBUG wire - http-outgoing-3 << "Content-Length:72[\r][\n]"
DEBUG wire - http-outgoing-3 << "Content-Type:application/json; charset=utf-8[\r][\n]"
DEBUG wire - http-outgoing-3 << "[\r][\n]"
DEBUG wire - http-outgoing-3 << "{"sessionId":"e7f6d387e78cfb50e812ff109cb42ae2","status":0,"value":null}"
DEBUG headers - http-outgoing-3 << HTTP/1.1 200 OK
DEBUG headers - http-outgoing-3 << Content-Length:72
DEBUG headers - http-outgoing-3 << Content-Type:application/json; charset=utf-8
DEBUG MainClientExec - Connection can be kept alive indefinitely
DEBUG PoolingHttpClientConnectionManager - Connection [id: 3][route: {}->http://localhost:46697] can be kept alive indefinitely
DEBUG PoolingHttpClientConnectionManager - Connection released: [id: 3][route: {}->http://localhost:46697][total kept alive: 3; route allocated: 1 of 2000; total allocated: 3 of 2000]
DEBUG RequestAddCookies - CookieSpec selected: default
DEBUG RequestAuthCache - Auth cache not set in the context
DEBUG PoolingHttpClientConnectionManager - Connection request: [route: {}->http://localhost:46697][total kept alive: 3; route allocated: 1 of 2000; total allocated: 3 of 2000]
DEBUG PoolingHttpClientConnectionManager - Connection leased: [id: 3][route: {}->http://localhost:46697][total kept alive: 2; route allocated: 1 of 2000; total allocated: 3 of 2000]
DEBUG MainClientExec - Stale connection check
DEBUG wire - http-outgoing-3 << "[read] I/O error: Read timed out"
DEBUG DefaultManagedHttpClientConnection - http-outgoing-3: set socket timeout to 10800000
DEBUG MainClientExec - Executing request POST /session/e7f6d387e78cfb50e812ff109cb42ae2/element HTTP/1.1
DEBUG MainClientExec - Target auth state: UNCHALLENGED
DEBUG MainClientExec - Proxy auth state: UNCHALLENGED
DEBUG headers - http-outgoing-3 >> POST /session/e7f6d387e78cfb50e812ff109cb42ae2/element HTTP/1.1
DEBUG headers - http-outgoing-3 >> Content-Type: application/json; charset=utf-8
DEBUG headers - http-outgoing-3 >> Content-Length: 32
DEBUG headers - http-outgoing-3 >> Host: localhost:46697
DEBUG headers - http-outgoing-3 >> Connection: Keep-Alive
DEBUG headers - http-outgoing-3 >> User-Agent: Apache-HttpClient/4.5.3 (Java/1.8.0_161)
DEBUG headers - http-outgoing-3 >> Accept-Encoding: gzip,deflate
DEBUG wire - http-outgoing-3 >> "POST /session/e7f6d387e78cfb50e812ff109cb42ae2/element HTTP/1.1[\r][\n]"
DEBUG wire - http-outgoing-3 >> "Content-Type: application/json; charset=utf-8[\r][\n]"
DEBUG wire - http-outgoing-3 >> "Content-Length: 32[\r][\n]"
DEBUG wire - http-outgoing-3 >> "Host: localhost:46697[\r][\n]"
DEBUG wire - http-outgoing-3 >> "Connection: Keep-Alive[\r][\n]"
DEBUG wire - http-outgoing-3 >> "User-Agent: Apache-HttpClient/4.5.3 (Java/1.8.0_161)[\r][\n]"
DEBUG wire - http-outgoing-3 >> "Accept-Encoding: gzip,deflate[\r][\n]"
DEBUG wire - http-outgoing-3 >> "[\r][\n]"
DEBUG wire - http-outgoing-3 >> "{"using":"name","value":"email"}"
DEBUG wire - http-outgoing-3 << "HTTP/1.1 200 OK[\r][\n]"
DEBUG wire - http-outgoing-3 << "Content-Length:282[\r][\n]"
DEBUG wire - http-outgoing-3 << "Content-Type:application/json; charset=utf-8[\r][\n]"
DEBUG wire - http-outgoing-3 << "[\r][\n]"
DEBUG wire - http-outgoing-3 << "{"sessionId":"e7f6d387e78cfb50e812ff109cb42ae2","status":23,"value":{"message":"no such window: window was already closed\n  (Session info: chrome=71.0.3578.98)\n  (Driver info: chromedriver=2.45.615355 (d5698f682d8b2742017df6c81e0bd8e6a3063189),platform=Mac OS X 10.12.5 x86_64)"}}"
DEBUG headers - http-outgoing-3 << HTTP/1.1 200 OK
DEBUG headers - http-outgoing-3 << Content-Length:282
DEBUG headers - http-outgoing-3 << Content-Type:application/json; charset=utf-8
DEBUG MainClientExec - Connection can be kept alive indefinitely
DEBUG PoolingHttpClientConnectionManager - Connection [id: 3][route: {}->http://localhost:46697] can be kept alive indefinitely
DEBUG PoolingHttpClientConnectionManager - Connection released: [id: 3][route: {}->http://localhost:46697][total kept alive: 3; route allocated: 1 of 2000; total allocated: 3 of 2000]
]]></system-out>
    <system-err><![CDATA[Starting ChromeDriver 2.45.615355 (d5698f682d8b2742017df6c81e0bd8e6a3063189) on port 46697
Only local connections are allowed.
Jan 21, 2019 12:22:25 AM org.openqa.selenium.remote.ProtocolHandshake createSession
INFO: Detected dialect: OSS
[1548026548.026][SEVERE]: Unable to receive message from renderer
]]></system-err>
  </testcase>
  <testcase name="proslab.unicam.usefultests.LoginTest" classname="proslab.unicam.usefultests.LoginTest" time="3.826">
    <error message="no such window: target window already closed&#10;from unknown error: web view not found&#10;  (Session info: chrome=71.0.3578.98)&#10;  (Driver info: chromedriver=2.45.615355 (d5698f682d8b2742017df6c81e0bd8e6a3063189),platform=Mac OS X 10.12.5 x86_64) (WARNING: The server did not provide any stacktrace information)&#10;Command duration or timeout: 0 milliseconds&#10;Build info: version: &apos;3.8.1&apos;, revision: &apos;6e95a6684b&apos;, time: &apos;2017-12-01T18:33:54.468Z&apos;&#10;System info: host: &apos;fabriziounicam&apos;, ip: &apos;fe80:0:0:0:ca7:98cf:b12d:210a%en0&apos;, os.name: &apos;Mac OS X&apos;, os.arch: &apos;x86_64&apos;, os.version: &apos;10.12.5&apos;, java.version: &apos;1.8.0_161&apos;&#10;Driver info: org.openqa.selenium.chrome.ChromeDriver&#10;Capabilities {acceptInsecureCerts: false, acceptSslCerts: false, applicationCacheEnabled: false, browserConnectionEnabled: false, browserName: chrome, chrome: {chromedriverVersion: 2.45.615355 (d5698f682d8b27..., userDataDir: /var/folders/_w/2rr1gddx3bs...}, cssSelectorsEnabled: true, databaseEnabled: false, goog:chromeOptions: {debuggerAddress: localhost:53610}, handlesAlerts: true, hasTouchScreen: false, javascriptEnabled: true, locationContextEnabled: true, mobileEmulationEnabled: false, nativeEvents: true, networkConnectionEnabled: false, pageLoadStrategy: normal, platform: MAC, platformName: MAC, proxy: Proxy(), rotatable: false, setWindowRect: true, strictFileInteractability: false, takesHeapSnapshot: true, takesScreenshot: true, timeouts: {implicit: 0, pageLoad: 300000, script: 30000}, unexpectedAlertBehaviour: ignore, unhandledPromptBehavior: ignore, version: 71.0.3578.98, webStorageEnabled: true}&#10;Session ID: e7f6d387e78cfb50e812ff109cb42ae2" type="org.openqa.selenium.NoSuchWindowException">org.openqa.selenium.NoSuchWindowException: 
no such window: target window already closed
from unknown error: web view not found
  (Session info: chrome=71.0.3578.98)
  (Driver info: chromedriver=2.45.615355 (d5698f682d8b2742017df6c81e0bd8e6a3063189),platform=Mac OS X 10.12.5 x86_64) (WARNING: The server did not provide any stacktrace information)
Command duration or timeout: 0 milliseconds
Build info: version: '3.8.1', revision: '6e95a6684b', time: '2017-12-01T18:33:54.468Z'
System info: host: 'fabriziounicam', ip: 'fe80:0:0:0:ca7:98cf:b12d:210a%en0', os.name: 'Mac OS X', os.arch: 'x86_64', os.version: '10.12.5', java.version: '1.8.0_161'
Driver info: org.openqa.selenium.chrome.ChromeDriver
Capabilities {acceptInsecureCerts: false, acceptSslCerts: false, applicationCacheEnabled: false, browserConnectionEnabled: false, browserName: chrome, chrome: {chromedriverVersion: 2.45.615355 (d5698f682d8b27..., userDataDir: /var/folders/_w/2rr1gddx3bs...}, cssSelectorsEnabled: true, databaseEnabled: false, goog:chromeOptions: {debuggerAddress: localhost:53610}, handlesAlerts: true, hasTouchScreen: false, javascriptEnabled: true, locationContextEnabled: true, mobileEmulationEnabled: false, nativeEvents: true, networkConnectionEnabled: false, pageLoadStrategy: normal, platform: MAC, platformName: MAC, proxy: Proxy(), rotatable: false, setWindowRect: true, strictFileInteractability: false, takesHeapSnapshot: true, takesScreenshot: true, timeouts: {implicit: 0, pageLoad: 300000, script: 30000}, unexpectedAlertBehaviour: ignore, unhandledPromptBehavior: ignore, version: 71.0.3578.98, webStorageEnabled: true}
Session ID: e7f6d387e78cfb50e812ff109cb42ae2
	at proslab.unicam.usefultests.LoginTest.tearDownAfterClass(LoginTest.java:43)
</error>
    <system-out><![CDATA[DEBUG RequestAddCookies - CookieSpec selected: default
DEBUG RequestAuthCache - Auth cache not set in the context
DEBUG PoolingHttpClientConnectionManager - Connection request: [route: {}->http://localhost:46697][total kept alive: 3; route allocated: 1 of 2000; total allocated: 3 of 2000]
DEBUG PoolingHttpClientConnectionManager - Connection leased: [id: 3][route: {}->http://localhost:46697][total kept alive: 2; route allocated: 1 of 2000; total allocated: 3 of 2000]
DEBUG MainClientExec - Stale connection check
DEBUG wire - http-outgoing-3 << "[read] I/O error: Read timed out"
DEBUG DefaultManagedHttpClientConnection - http-outgoing-3: set socket timeout to 10800000
DEBUG MainClientExec - Executing request DELETE /session/e7f6d387e78cfb50e812ff109cb42ae2/window HTTP/1.1
DEBUG MainClientExec - Target auth state: UNCHALLENGED
DEBUG MainClientExec - Proxy auth state: UNCHALLENGED
DEBUG headers - http-outgoing-3 >> DELETE /session/e7f6d387e78cfb50e812ff109cb42ae2/window HTTP/1.1
DEBUG headers - http-outgoing-3 >> Host: localhost:46697
DEBUG headers - http-outgoing-3 >> Connection: Keep-Alive
DEBUG headers - http-outgoing-3 >> User-Agent: Apache-HttpClient/4.5.3 (Java/1.8.0_161)
DEBUG headers - http-outgoing-3 >> Accept-Encoding: gzip,deflate
DEBUG wire - http-outgoing-3 >> "DELETE /session/e7f6d387e78cfb50e812ff109cb42ae2/window HTTP/1.1[\r][\n]"
DEBUG wire - http-outgoing-3 >> "Host: localhost:46697[\r][\n]"
DEBUG wire - http-outgoing-3 >> "Connection: Keep-Alive[\r][\n]"
DEBUG wire - http-outgoing-3 >> "User-Agent: Apache-HttpClient/4.5.3 (Java/1.8.0_161)[\r][\n]"
DEBUG wire - http-outgoing-3 >> "Accept-Encoding: gzip,deflate[\r][\n]"
DEBUG wire - http-outgoing-3 >> "[\r][\n]"
DEBUG wire - http-outgoing-3 << "HTTP/1.1 200 OK[\r][\n]"
DEBUG wire - http-outgoing-3 << "Content-Length:325[\r][\n]"
DEBUG wire - http-outgoing-3 << "Content-Type:application/json; charset=utf-8[\r][\n]"
DEBUG wire - http-outgoing-3 << "[\r][\n]"
DEBUG wire - http-outgoing-3 << "{"sessionId":"e7f6d387e78cfb50e812ff109cb42ae2","status":23,"value":{"message":"no such window: target window already closed\nfrom unknown error: web view not found\n  (Session info: chrome=71.0.3578.98)\n  (Driver info: chromedriver=2.45.615355 (d5698f682d8b2742017df6c81e0bd8e6a3063189),platform=Mac OS X 10.12.5 x86_64)"}}"
DEBUG headers - http-outgoing-3 << HTTP/1.1 200 OK
DEBUG headers - http-outgoing-3 << Content-Length:325
DEBUG headers - http-outgoing-3 << Content-Type:application/json; charset=utf-8
DEBUG MainClientExec - Connection can be kept alive indefinitely
DEBUG PoolingHttpClientConnectionManager - Connection [id: 3][route: {}->http://localhost:46697] can be kept alive indefinitely
DEBUG PoolingHttpClientConnectionManager - Connection released: [id: 3][route: {}->http://localhost:46697][total kept alive: 3; route allocated: 1 of 2000; total allocated: 3 of 2000]
]]></system-out>
  </testcase>
</testsuite>